nohup: ignoring input
state:7056 action:6
2018-01-05 20:11:17.750638: W tensorflow/core/platform/cpu_feature_guard.cc:45] The TensorFlow library wasn't compiled to use SSE4.1 instructions, but these are available on your machine and could speed up CPU computations.
2018-01-05 20:11:17.750659: W tensorflow/core/platform/cpu_feature_guard.cc:45] The TensorFlow library wasn't compiled to use SSE4.2 instructions, but these are available on your machine and could speed up CPU computations.
2018-01-05 20:11:17.750666: W tensorflow/core/platform/cpu_feature_guard.cc:45] The TensorFlow library wasn't compiled to use AVX instructions, but these are available on your machine and could speed up CPU computations.
2018-01-05 20:11:17.750670: W tensorflow/core/platform/cpu_feature_guard.cc:45] The TensorFlow library wasn't compiled to use AVX2 instructions, but these are available on your machine and could speed up CPU computations.
2018-01-05 20:11:17.750675: W tensorflow/core/platform/cpu_feature_guard.cc:45] The TensorFlow library wasn't compiled to use FMA instructions, but these are available on your machine and could speed up CPU computations.
2018-01-05 20:11:18.087908: I tensorflow/core/common_runtime/gpu/gpu_device.cc:938] Found device 0 with properties: 
name: GeForce GTX TITAN X
major: 5 minor: 2 memoryClockRate (GHz) 1.076
pciBusID 0000:03:00.0
Total memory: 11.92GiB
Free memory: 11.53GiB
2018-01-05 20:11:18.087942: I tensorflow/core/common_runtime/gpu/gpu_device.cc:959] DMA: 0 
2018-01-05 20:11:18.087949: I tensorflow/core/common_runtime/gpu/gpu_device.cc:969] 0:   Y 
2018-01-05 20:11:18.087961: I tensorflow/core/common_runtime/gpu/gpu_device.cc:1028] Creating TensorFlow device (/gpu:0) -> (device: 0, name: GeForce GTX TITAN X, pci bus id: 0000:03:00.0)
1. Direct Input: 		(?, 84, 84, 4)
2. Conv1 			(?, 21, 21, 16)
3. Conv2 			(?, 11, 11, 32)
4.1 Reshape before Affine1 	(?, 3872)
4.2 Affine1 			(?, 256)
5. Affine2 			(?, 6)
/home/liurygo/anaconda2/lib/python2.7/site-packages/skimage/transform/_warps.py:84: UserWarning: The default mode, 'constant', will be changed to 'reflect' in skimage 0.15.
  warn("The default mode, 'constant', will be changed to 'reflect' in "
episode:0 steps:297 total_reward:475
random count 131 with 0.500000
episode:1 steps:158 total_reward:160
random count 82 with 0.499600
episode:2 steps:246 total_reward:330
random count 129 with 0.499200
episode:3 steps:201 total_reward:220
random count 98 with 0.498800
episode:4 steps:145 total_reward:65
random count 79 with 0.498400
episode:5 steps:302 total_reward:180
random count 144 with 0.498000
episode:6 steps:239 total_reward:305
random count 129 with 0.497600
episode:7 steps:154 total_reward:75
random count 64 with 0.497200
episode:8 steps:113 total_reward:50
random count 59 with 0.496800
episode:9 steps:242 total_reward:365
random count 112 with 0.496400
episode:10 steps:161 total_reward:120
random count 70 with 0.496000
episode:11 steps:389 total_reward:575
random count 190 with 0.495600
episode:12 steps:281 total_reward:300
random count 141 with 0.495200
episode:13 steps:266 total_reward:260
random count 124 with 0.494800
episode:14 steps:155 total_reward:105
random count 77 with 0.494400
episode:15 steps:321 total_reward:170
random count 159 with 0.494000
episode:16 steps:304 total_reward:520
random count 142 with 0.493600
episode:17 steps:278 total_reward:475
random count 140 with 0.493200
episode:18 steps:166 total_reward:90
random count 90 with 0.492800
episode:19 steps:331 total_reward:280
random count 159 with 0.492400
episode:20 steps:237 total_reward:185
random count 115 with 0.492000
episode:21 steps:249 total_reward:225
random count 117 with 0.491600
episode:22 steps:193 total_reward:125
random count 93 with 0.491200
episode:23 steps:190 total_reward:160
random count 97 with 0.490800
episode:24 steps:171 total_reward:140
random count 79 with 0.490400
episode:25 steps:321 total_reward:300
random count 155 with 0.490000
episode:26 steps:110 total_reward:65
random count 53 with 0.489600
episode:27 steps:290 total_reward:225
random count 130 with 0.489200
episode:28 steps:191 total_reward:125
random count 105 with 0.488800
episode:29 steps:91 total_reward:50
random count 37 with 0.488400
episode:30 steps:160 total_reward:130
random count 83 with 0.488000
episode:31 steps:272 total_reward:225
random count 129 with 0.487600
episode:32 steps:121 total_reward:85
random count 61 with 0.487200
episode:33 steps:133 total_reward:95
random count 75 with 0.486800
episode:34 steps:181 total_reward:60
random count 85 with 0.486400
episode:35 steps:164 total_reward:100
random count 86 with 0.486000
episode:36 steps:139 total_reward:60
random count 73 with 0.485600
episode:37 steps:117 total_reward:95
random count 59 with 0.485200
episode:38 steps:315 total_reward:445
random count 148 with 0.484800
episode:39 steps:251 total_reward:160
random count 126 with 0.484400
episode:40 steps:166 total_reward:30
random count 71 with 0.484000
episode:41 steps:204 total_reward:355
random count 99 with 0.483600
episode:42 steps:171 total_reward:140
random count 83 with 0.483200
episode:43 steps:301 total_reward:260
random count 137 with 0.482800
episode:44 steps:200 total_reward:260
random count 96 with 0.482400
episode:45 steps:131 total_reward:115
random count 63 with 0.482000
episode:46 steps:170 total_reward:95
random count 77 with 0.481600
episode:47 steps:230 total_reward:210
random count 117 with 0.481200
episode:48 steps:155 total_reward:50
random count 73 with 0.480800
episode:49 steps:201 total_reward:185
random count 101 with 0.480400
episode:50 steps:298 total_reward:205
random count 142 with 0.480000
episode:51 steps:99 total_reward:15
random count 54 with 0.479600
episode:52 steps:156 total_reward:120
random count 74 with 0.479200
episode:53 steps:128 total_reward:130
random count 54 with 0.478800
episode:54 steps:107 total_reward:30
random count 52 with 0.478400
episode:55 steps:161 total_reward:50
random count 68 with 0.478000
episode:56 steps:233 total_reward:340
random count 125 with 0.477600
episode:57 steps:229 total_reward:170
random count 112 with 0.477200
episode:58 steps:278 total_reward:235
random count 138 with 0.476800
episode:59 steps:121 total_reward:65
random count 55 with 0.476400
episode:60 steps:328 total_reward:320
random count 158 with 0.476000
episode:61 steps:164 total_reward:110
random count 76 with 0.475600
episode:62 steps:162 total_reward:85
random count 85 with 0.475200
episode:63 steps:162 total_reward:130
random count 68 with 0.474800
episode:64 steps:203 total_reward:160
random count 96 with 0.474400
episode:65 steps:211 total_reward:125
random count 104 with 0.474000
episode:66 steps:94 total_reward:55
random count 51 with 0.473600
episode:67 steps:172 total_reward:120
random count 92 with 0.473200
episode:68 steps:300 total_reward:240
random count 140 with 0.472800
episode:69 steps:200 total_reward:145
random count 85 with 0.472400
episode:70 steps:94 total_reward:35
random count 41 with 0.472000
episode:71 steps:278 total_reward:180
random count 130 with 0.471600
episode:72 steps:173 total_reward:120
random count 87 with 0.471200
episode:73 steps:159 total_reward:50
random count 74 with 0.470800
episode:74 steps:143 total_reward:30
random count 77 with 0.470400
episode:75 steps:119 total_reward:80
random count 57 with 0.470000
episode:76 steps:168 total_reward:175
random count 82 with 0.469600
episode:77 steps:129 total_reward:35
random count 56 with 0.469200
episode:78 steps:224 total_reward:160
random count 106 with 0.468800
episode:79 steps:228 total_reward:160
random count 106 with 0.468400
episode:80 steps:170 total_reward:160
random count 80 with 0.468000
episode:81 steps:153 total_reward:80
random count 72 with 0.467600
episode:82 steps:130 total_reward:35
random count 52 with 0.467200
episode:83 steps:170 total_reward:125
random count 76 with 0.466800
episode:84 steps:173 total_reward:180
random count 87 with 0.466400
episode:85 steps:270 total_reward:230
random count 127 with 0.466000
episode:86 steps:172 total_reward:205
random count 96 with 0.465600
episode:87 steps:398 total_reward:355
random count 189 with 0.465200
episode:88 steps:156 total_reward:145
random count 81 with 0.464800
episode:89 steps:420 total_reward:515
random count 195 with 0.464400
episode:90 steps:164 total_reward:140
random count 81 with 0.464000
episode:91 steps:304 total_reward:700
random count 137 with 0.463600
episode:92 steps:312 total_reward:235
random count 155 with 0.463200
episode:93 steps:101 total_reward:25
random count 49 with 0.462800
episode:94 steps:202 total_reward:265
random count 98 with 0.462400
episode:95 steps:247 total_reward:310
random count 114 with 0.462000
episode:96 steps:132 total_reward:150
random count 63 with 0.461600
episode:97 steps:354 total_reward:580
random count 163 with 0.461200
episode:98 steps:173 total_reward:175
random count 83 with 0.460800
episode:99 steps:139 total_reward:160
random count 65 with 0.460400
episode:100 steps:177 total_reward:160
random count 76 with 0.460000
Test episode: 100 Evaluation Average Reward: 175.0
episode:101 steps:171 total_reward:170
random count 70 with 0.459600
episode:102 steps:241 total_reward:350
random count 108 with 0.459200
episode:103 steps:200 total_reward:280
random count 98 with 0.458800
episode:104 steps:175 total_reward:210
random count 75 with 0.458400
episode:105 steps:274 total_reward:515
random count 135 with 0.458000
episode:106 steps:109 total_reward:55
random count 42 with 0.457600
episode:107 steps:99 total_reward:80
random count 43 with 0.457200
episode:108 steps:208 total_reward:280
random count 91 with 0.456800
episode:109 steps:163 total_reward:140
random count 75 with 0.456400
episode:110 steps:128 total_reward:60
random count 66 with 0.456000
episode:111 steps:124 total_reward:35
random count 58 with 0.455600
episode:112 steps:171 total_reward:135
random count 82 with 0.455200
episode:113 steps:161 total_reward:85
random count 79 with 0.454800
episode:114 steps:199 total_reward:70
random count 91 with 0.454400
episode:115 steps:204 total_reward:295
random count 88 with 0.454000
episode:116 steps:245 total_reward:240
random count 102 with 0.453600
episode:117 steps:207 total_reward:100
random count 99 with 0.453200
episode:118 steps:196 total_reward:325
random count 94 with 0.452800
episode:119 steps:276 total_reward:415
random count 121 with 0.452400
episode:120 steps:154 total_reward:130
random count 62 with 0.452000
episode:121 steps:154 total_reward:105
random count 69 with 0.451600
episode:122 steps:125 total_reward:65
random count 53 with 0.451200
episode:123 steps:196 total_reward:125
random count 92 with 0.450800
episode:124 steps:243 total_reward:215
random count 115 with 0.450400
episode:125 steps:198 total_reward:410
random count 83 with 0.450000
episode:126 steps:199 total_reward:225
random count 86 with 0.449600
episode:127 steps:177 total_reward:165
random count 83 with 0.449200
episode:128 steps:351 total_reward:370
random count 156 with 0.448800
episode:129 steps:151 total_reward:30
random count 56 with 0.448400
episode:130 steps:209 total_reward:60
random count 88 with 0.448000
episode:131 steps:154 total_reward:90
random count 83 with 0.447600
episode:132 steps:248 total_reward:265
random count 85 with 0.447200
episode:133 steps:227 total_reward:155
random count 97 with 0.446800
episode:134 steps:237 total_reward:445
random count 110 with 0.446400
episode:135 steps:298 total_reward:250
random count 140 with 0.446000
episode:136 steps:214 total_reward:135
random count 90 with 0.445600
episode:137 steps:287 total_reward:360
random count 136 with 0.445200
episode:138 steps:131 total_reward:40
random count 63 with 0.444800
episode:139 steps:177 total_reward:45
random count 73 with 0.444400
episode:140 steps:398 total_reward:230
random count 173 with 0.444000
episode:141 steps:177 total_reward:60
random count 86 with 0.443600
episode:142 steps:93 total_reward:40
random count 41 with 0.443200
episode:143 steps:173 total_reward:80
random count 80 with 0.442800
episode:144 steps:227 total_reward:285
random count 103 with 0.442400
episode:145 steps:93 total_reward:60
random count 34 with 0.442000
episode:146 steps:86 total_reward:75
random count 38 with 0.441600
episode:147 steps:201 total_reward:145
random count 85 with 0.441200
episode:148 steps:375 total_reward:590
random count 180 with 0.440800
episode:149 steps:135 total_reward:80
random count 54 with 0.440400
episode:150 steps:99 total_reward:25
random count 46 with 0.440000
episode:151 steps:143 total_reward:35
random count 65 with 0.439600
episode:152 steps:157 total_reward:105
random count 72 with 0.439200
episode:153 steps:160 total_reward:180
random count 65 with 0.438800
episode:154 steps:207 total_reward:45
random count 96 with 0.438400
episode:155 steps:157 total_reward:80
random count 73 with 0.438000
episode:156 steps:104 total_reward:110
random count 47 with 0.437600
episode:157 steps:187 total_reward:110
random count 73 with 0.437200
episode:158 steps:171 total_reward:35
random count 71 with 0.436800
episode:159 steps:203 total_reward:255
random count 82 with 0.436400
episode:160 steps:146 total_reward:110
random count 72 with 0.436000
episode:161 steps:154 total_reward:105
random count 75 with 0.435600
episode:162 steps:134 total_reward:90
random count 59 with 0.435200
episode:163 steps:203 total_reward:125
random count 88 with 0.434800
episode:164 steps:322 total_reward:270
random count 148 with 0.434400
episode:165 steps:234 total_reward:185
random count 97 with 0.434000
episode:166 steps:204 total_reward:335
random count 91 with 0.433600
episode:167 steps:168 total_reward:135
random count 64 with 0.433200
episode:168 steps:204 total_reward:115
random count 92 with 0.432800
episode:169 steps:202 total_reward:180
random count 86 with 0.432400
episode:170 steps:222 total_reward:240
random count 93 with 0.432000
episode:171 steps:107 total_reward:55
random count 48 with 0.431600
episode:172 steps:204 total_reward:245
random count 89 with 0.431200
episode:173 steps:85 total_reward:60
random count 42 with 0.430800
episode:174 steps:87 total_reward:15
random count 41 with 0.430400
episode:175 steps:246 total_reward:230
random count 108 with 0.430000
episode:176 steps:168 total_reward:115
random count 68 with 0.429600
episode:177 steps:164 total_reward:135
random count 58 with 0.429200
episode:178 steps:393 total_reward:315
random count 160 with 0.428800
episode:179 steps:207 total_reward:165
random count 92 with 0.428400
episode:180 steps:183 total_reward:180
random count 75 with 0.428000
episode:181 steps:150 total_reward:80
random count 76 with 0.427600
episode:182 steps:255 total_reward:255
random count 128 with 0.427200
episode:183 steps:233 total_reward:285
random count 100 with 0.426800
episode:184 steps:178 total_reward:385
random count 68 with 0.426400
episode:185 steps:265 total_reward:360
random count 110 with 0.426000
episode:186 steps:158 total_reward:160
random count 68 with 0.425600
episode:187 steps:161 total_reward:190
random count 77 with 0.425200
episode:188 steps:277 total_reward:120
random count 128 with 0.424800
episode:189 steps:291 total_reward:475
random count 139 with 0.424400
episode:190 steps:90 total_reward:25
random count 33 with 0.424000
episode:191 steps:118 total_reward:60
random count 53 with 0.423600
episode:192 steps:175 total_reward:95
random count 84 with 0.423200
episode:193 steps:198 total_reward:170
random count 73 with 0.422800
episode:194 steps:246 total_reward:170
random count 92 with 0.422400
episode:195 steps:209 total_reward:135
random count 89 with 0.422000
episode:196 steps:233 total_reward:210
random count 96 with 0.421600
episode:197 steps:174 total_reward:135
random count 61 with 0.421200
episode:198 steps:95 total_reward:50
random count 42 with 0.420800
episode:199 steps:163 total_reward:65
random count 67 with 0.420400
episode:200 steps:174 total_reward:80
random count 87 with 0.420000
Test episode: 200 Evaluation Average Reward: 30.0
episode:201 steps:193 total_reward:180
random count 72 with 0.419600
episode:202 steps:200 total_reward:210
random count 74 with 0.419200
episode:203 steps:209 total_reward:295
random count 95 with 0.418800
episode:204 steps:233 total_reward:165
random count 96 with 0.418400
episode:205 steps:219 total_reward:145
random count 97 with 0.418000
episode:206 steps:109 total_reward:45
random count 52 with 0.417600
episode:207 steps:111 total_reward:40
random count 41 with 0.417200
episode:208 steps:180 total_reward:190
random count 66 with 0.416800
episode:209 steps:283 total_reward:185
random count 133 with 0.416400
episode:210 steps:137 total_reward:55
random count 71 with 0.416000
episode:211 steps:264 total_reward:415
random count 115 with 0.415600
episode:212 steps:155 total_reward:125
random count 63 with 0.415200
episode:213 steps:334 total_reward:300
random count 133 with 0.414800
episode:214 steps:231 total_reward:255
random count 105 with 0.414400
episode:215 steps:128 total_reward:35
random count 48 with 0.414000
episode:216 steps:157 total_reward:5
random count 61 with 0.413600
episode:217 steps:176 total_reward:305
random count 65 with 0.413200
episode:218 steps:154 total_reward:110
random count 71 with 0.412800
episode:219 steps:229 total_reward:185
random count 96 with 0.412400
episode:220 steps:152 total_reward:80
random count 67 with 0.412000
episode:221 steps:163 total_reward:135
random count 66 with 0.411600
episode:222 steps:164 total_reward:180
random count 64 with 0.411200
episode:223 steps:161 total_reward:145
random count 67 with 0.410800
episode:224 steps:96 total_reward:50
random count 37 with 0.410400
episode:225 steps:236 total_reward:225
random count 92 with 0.410000
episode:226 steps:177 total_reward:50
random count 70 with 0.409600
episode:227 steps:200 total_reward:120
random count 91 with 0.409200
episode:228 steps:162 total_reward:135
random count 62 with 0.408800
episode:229 steps:256 total_reward:515
random count 123 with 0.408400
episode:230 steps:159 total_reward:135
random count 62 with 0.408000
episode:231 steps:188 total_reward:185
random count 68 with 0.407600
episode:232 steps:278 total_reward:335
random count 112 with 0.407200
episode:233 steps:243 total_reward:255
random count 102 with 0.406800
episode:234 steps:220 total_reward:185
random count 84 with 0.406400
episode:235 steps:158 total_reward:60
random count 68 with 0.406000
episode:236 steps:128 total_reward:90
random count 55 with 0.405600
episode:237 steps:137 total_reward:70
random count 53 with 0.405200
episode:238 steps:178 total_reward:100
random count 58 with 0.404800
episode:239 steps:120 total_reward:10
random count 43 with 0.404400
episode:240 steps:234 total_reward:220
random count 90 with 0.404000
episode:241 steps:176 total_reward:95
random count 78 with 0.403600
episode:242 steps:165 total_reward:155
random count 65 with 0.403200
episode:243 steps:125 total_reward:80
random count 54 with 0.402800
episode:244 steps:93 total_reward:35
random count 37 with 0.402400
episode:245 steps:242 total_reward:240
random count 94 with 0.402000
episode:246 steps:188 total_reward:105
random count 75 with 0.401600
episode:247 steps:255 total_reward:305
random count 94 with 0.401200
episode:248 steps:280 total_reward:525
random count 112 with 0.400800
episode:249 steps:335 total_reward:305
random count 138 with 0.400400
episode:250 steps:124 total_reward:65
random count 44 with 0.400000
episode:251 steps:163 total_reward:130
random count 59 with 0.399600
episode:252 steps:134 total_reward:105
random count 54 with 0.399200
episode:253 steps:282 total_reward:320
random count 114 with 0.398800
episode:254 steps:116 total_reward:65
random count 53 with 0.398400
episode:255 steps:84 total_reward:35
random count 32 with 0.398000
episode:256 steps:437 total_reward:680
random count 178 with 0.397600
episode:257 steps:224 total_reward:155
random count 92 with 0.397200
episode:258 steps:94 total_reward:55
random count 38 with 0.396800
episode:259 steps:273 total_reward:430
random count 113 with 0.396400
episode:260 steps:224 total_reward:485
random count 85 with 0.396000
episode:261 steps:99 total_reward:45
random count 41 with 0.395600
episode:262 steps:128 total_reward:115
random count 53 with 0.395200
episode:263 steps:275 total_reward:165
random count 121 with 0.394800
episode:264 steps:266 total_reward:365
random count 111 with 0.394400
episode:265 steps:100 total_reward:15
random count 37 with 0.394000
episode:266 steps:198 total_reward:145
random count 66 with 0.393600
episode:267 steps:188 total_reward:210
random count 75 with 0.393200
episode:268 steps:172 total_reward:140
random count 63 with 0.392800
episode:269 steps:157 total_reward:185
random count 60 with 0.392400
episode:270 steps:185 total_reward:120
random count 75 with 0.392000
episode:271 steps:161 total_reward:55
random count 63 with 0.391600
episode:272 steps:212 total_reward:235
random count 98 with 0.391200
episode:273 steps:210 total_reward:410
random count 87 with 0.390800
episode:274 steps:199 total_reward:180
random count 68 with 0.390400
episode:275 steps:435 total_reward:510
random count 160 with 0.390000
episode:276 steps:192 total_reward:155
random count 66 with 0.389600
episode:277 steps:267 total_reward:380
random count 94 with 0.389200
episode:278 steps:217 total_reward:230
random count 88 with 0.388800
episode:279 steps:230 total_reward:210
random count 87 with 0.388400
episode:280 steps:215 total_reward:140
random count 87 with 0.388000
episode:281 steps:213 total_reward:210
random count 86 with 0.387600
episode:282 steps:127 total_reward:100
random count 43 with 0.387200
episode:283 steps:160 total_reward:75
random count 58 with 0.386800
episode:284 steps:336 total_reward:180
random count 120 with 0.386400
episode:285 steps:275 total_reward:460
random count 102 with 0.386000
episode:286 steps:93 total_reward:55
random count 39 with 0.385600
episode:287 steps:214 total_reward:260
random count 72 with 0.385200
episode:288 steps:205 total_reward:180
random count 76 with 0.384800
episode:289 steps:96 total_reward:45
random count 31 with 0.384400
episode:290 steps:98 total_reward:15
random count 41 with 0.384000
episode:291 steps:166 total_reward:125
random count 63 with 0.383600
episode:292 steps:217 total_reward:380
random count 82 with 0.383200
episode:293 steps:121 total_reward:30
random count 36 with 0.382800
episode:294 steps:150 total_reward:20
random count 59 with 0.382400
episode:295 steps:165 total_reward:110
random count 52 with 0.382000
episode:296 steps:216 total_reward:225
random count 88 with 0.381600
episode:297 steps:128 total_reward:105
random count 39 with 0.381200
episode:298 steps:296 total_reward:590
random count 116 with 0.380800
episode:299 steps:281 total_reward:320
random count 104 with 0.380400
episode:300 steps:135 total_reward:20
random count 47 with 0.380000
Test episode: 300 Evaluation Average Reward: 295.0
episode:301 steps:206 total_reward:185
random count 92 with 0.379600
episode:302 steps:199 total_reward:175
random count 67 with 0.379200
episode:303 steps:167 total_reward:105
random count 63 with 0.378800
episode:304 steps:173 total_reward:110
random count 52 with 0.378400
episode:305 steps:163 total_reward:135
random count 66 with 0.378000
episode:306 steps:166 total_reward:130
random count 65 with 0.377600
episode:307 steps:263 total_reward:470
random count 90 with 0.377200
episode:308 steps:244 total_reward:140
random count 101 with 0.376800
episode:309 steps:160 total_reward:80
random count 58 with 0.376400
episode:310 steps:99 total_reward:90
random count 39 with 0.376000
episode:311 steps:178 total_reward:175
random count 61 with 0.375600
episode:312 steps:199 total_reward:210
random count 72 with 0.375200
episode:313 steps:274 total_reward:190
random count 100 with 0.374800
episode:314 steps:212 total_reward:145
random count 96 with 0.374400
episode:315 steps:202 total_reward:215
random count 71 with 0.374000
episode:316 steps:100 total_reward:65
random count 37 with 0.373600
episode:317 steps:114 total_reward:120
random count 40 with 0.373200
episode:318 steps:246 total_reward:225
random count 97 with 0.372800
episode:319 steps:103 total_reward:55
random count 38 with 0.372400
episode:320 steps:269 total_reward:205
random count 108 with 0.372000
episode:321 steps:176 total_reward:120
random count 73 with 0.371600
episode:322 steps:225 total_reward:340
random count 81 with 0.371200
episode:323 steps:206 total_reward:210
random count 76 with 0.370800
episode:324 steps:164 total_reward:85
random count 61 with 0.370400
episode:325 steps:152 total_reward:15
random count 51 with 0.370000
episode:326 steps:195 total_reward:115
random count 71 with 0.369600
episode:327 steps:153 total_reward:160
random count 60 with 0.369200
episode:328 steps:281 total_reward:230
random count 105 with 0.368800
episode:329 steps:165 total_reward:50
random count 58 with 0.368400
episode:330 steps:222 total_reward:295
random count 83 with 0.368000
episode:331 steps:164 total_reward:135
random count 59 with 0.367600
episode:332 steps:134 total_reward:25
random count 50 with 0.367200
episode:333 steps:235 total_reward:155
random count 82 with 0.366800
episode:334 steps:259 total_reward:275
random count 96 with 0.366400
episode:335 steps:168 total_reward:85
random count 65 with 0.366000
episode:336 steps:102 total_reward:30
random count 28 with 0.365600
episode:337 steps:228 total_reward:195
random count 85 with 0.365200
episode:338 steps:202 total_reward:150
random count 62 with 0.364800
episode:339 steps:172 total_reward:115
random count 70 with 0.364400
episode:340 steps:211 total_reward:195
random count 74 with 0.364000
episode:341 steps:229 total_reward:150
random count 89 with 0.363600
episode:342 steps:160 total_reward:65
random count 59 with 0.363200
episode:343 steps:292 total_reward:220
random count 110 with 0.362800
episode:344 steps:171 total_reward:75
random count 68 with 0.362400
episode:345 steps:175 total_reward:130
random count 56 with 0.362000
episode:346 steps:89 total_reward:90
random count 34 with 0.361600
episode:347 steps:274 total_reward:330
random count 101 with 0.361200
episode:348 steps:391 total_reward:375
random count 145 with 0.360800
episode:349 steps:163 total_reward:75
random count 67 with 0.360400
episode:350 steps:174 total_reward:380
random count 60 with 0.360000
episode:351 steps:222 total_reward:140
random count 74 with 0.359600
episode:352 steps:202 total_reward:130
random count 87 with 0.359200
episode:353 steps:168 total_reward:105
random count 62 with 0.358800
episode:354 steps:203 total_reward:110
random count 70 with 0.358400
episode:355 steps:167 total_reward:60
random count 62 with 0.358000
episode:356 steps:163 total_reward:140
random count 62 with 0.357600
episode:357 steps:200 total_reward:125
random count 70 with 0.357200
episode:358 steps:241 total_reward:180
random count 86 with 0.356800
episode:359 steps:245 total_reward:465
random count 84 with 0.356400
episode:360 steps:144 total_reward:115
random count 49 with 0.356000
episode:361 steps:91 total_reward:70
random count 31 with 0.355600
episode:362 steps:128 total_reward:150
random count 47 with 0.355200
episode:363 steps:137 total_reward:45
random count 44 with 0.354800
episode:364 steps:254 total_reward:200
random count 86 with 0.354400
episode:365 steps:164 total_reward:175
random count 62 with 0.354000
episode:366 steps:205 total_reward:275
random count 67 with 0.353600
episode:367 steps:171 total_reward:130
random count 62 with 0.353200
episode:368 steps:284 total_reward:230
random count 108 with 0.352800
episode:369 steps:181 total_reward:210
random count 58 with 0.352400
episode:370 steps:225 total_reward:160
random count 81 with 0.352000
episode:371 steps:133 total_reward:75
random count 49 with 0.351600
episode:372 steps:166 total_reward:130
random count 59 with 0.351200
episode:373 steps:150 total_reward:50
random count 39 with 0.350800
episode:374 steps:213 total_reward:350
random count 82 with 0.350400
episode:375 steps:168 total_reward:110
random count 62 with 0.350000
episode:376 steps:241 total_reward:140
random count 86 with 0.349600
episode:377 steps:138 total_reward:85
random count 46 with 0.349200
episode:378 steps:109 total_reward:80
random count 37 with 0.348800
episode:379 steps:279 total_reward:480
random count 113 with 0.348400
episode:380 steps:108 total_reward:30
random count 40 with 0.348000
episode:381 steps:235 total_reward:290
random count 82 with 0.347600
episode:382 steps:168 total_reward:165
random count 53 with 0.347200
episode:383 steps:299 total_reward:400
random count 112 with 0.346800
episode:384 steps:351 total_reward:575
random count 122 with 0.346400
episode:385 steps:175 total_reward:125
random count 57 with 0.346000
episode:386 steps:150 total_reward:85
random count 55 with 0.345600
episode:387 steps:159 total_reward:65
random count 55 with 0.345200
episode:388 steps:162 total_reward:170
random count 57 with 0.344800
episode:389 steps:150 total_reward:175
random count 54 with 0.344400
episode:390 steps:105 total_reward:80
random count 29 with 0.344000
episode:391 steps:241 total_reward:245
random count 78 with 0.343600
episode:392 steps:112 total_reward:40
random count 35 with 0.343200
episode:393 steps:117 total_reward:20
random count 42 with 0.342800
episode:394 steps:161 total_reward:95
random count 59 with 0.342400
episode:395 steps:214 total_reward:105
random count 57 with 0.342000
episode:396 steps:100 total_reward:50
random count 35 with 0.341600
episode:397 steps:159 total_reward:175
random count 57 with 0.341200
episode:398 steps:199 total_reward:165
random count 70 with 0.340800
episode:399 steps:129 total_reward:70
random count 46 with 0.340400
episode:400 steps:158 total_reward:125
random count 51 with 0.340000
Test episode: 400 Evaluation Average Reward: 140.0
episode:401 steps:205 total_reward:115
random count 75 with 0.339600
episode:402 steps:226 total_reward:235
random count 86 with 0.339200
episode:403 steps:97 total_reward:40
random count 27 with 0.338800
episode:404 steps:184 total_reward:150
random count 60 with 0.338400
episode:405 steps:180 total_reward:285
random count 71 with 0.338000
episode:406 steps:181 total_reward:200
random count 68 with 0.337600
episode:407 steps:146 total_reward:120
random count 56 with 0.337200
episode:408 steps:274 total_reward:245
random count 98 with 0.336800
episode:409 steps:227 total_reward:135
random count 69 with 0.336400
episode:410 steps:103 total_reward:80
random count 39 with 0.336000
episode:411 steps:133 total_reward:95
random count 51 with 0.335600
episode:412 steps:180 total_reward:125
random count 70 with 0.335200
episode:413 steps:159 total_reward:145
random count 43 with 0.334800
episode:414 steps:175 total_reward:140
random count 55 with 0.334400
episode:415 steps:175 total_reward:325
random count 59 with 0.334000
episode:416 steps:167 total_reward:75
random count 54 with 0.333600
episode:417 steps:373 total_reward:465
random count 124 with 0.333200
episode:418 steps:152 total_reward:35
random count 49 with 0.332800
episode:419 steps:303 total_reward:225
random count 94 with 0.332400
episode:420 steps:173 total_reward:345
random count 63 with 0.332000
episode:421 steps:167 total_reward:150
random count 44 with 0.331600
episode:422 steps:250 total_reward:245
random count 77 with 0.331200
episode:423 steps:156 total_reward:90
random count 57 with 0.330800
episode:424 steps:94 total_reward:30
random count 30 with 0.330400
episode:425 steps:154 total_reward:120
random count 50 with 0.330000
episode:426 steps:178 total_reward:230
random count 52 with 0.329600
episode:427 steps:211 total_reward:210
random count 71 with 0.329200
episode:428 steps:209 total_reward:275
random count 51 with 0.328800
episode:429 steps:203 total_reward:120
random count 63 with 0.328400
episode:430 steps:211 total_reward:170
random count 73 with 0.328000
episode:431 steps:102 total_reward:110
random count 38 with 0.327600
episode:432 steps:132 total_reward:180
random count 50 with 0.327200
episode:433 steps:162 total_reward:120
random count 61 with 0.326800
episode:434 steps:153 total_reward:50
random count 54 with 0.326400
episode:435 steps:163 total_reward:190
random count 51 with 0.326000
episode:436 steps:213 total_reward:245
random count 68 with 0.325600
episode:437 steps:131 total_reward:30
random count 39 with 0.325200
episode:438 steps:226 total_reward:140
random count 73 with 0.324800
episode:439 steps:218 total_reward:225
random count 70 with 0.324400
episode:440 steps:231 total_reward:140
random count 69 with 0.324000
episode:441 steps:261 total_reward:225
random count 70 with 0.323600
episode:442 steps:126 total_reward:105
random count 37 with 0.323200
episode:443 steps:175 total_reward:145
random count 52 with 0.322800
episode:444 steps:243 total_reward:425
random count 81 with 0.322400
episode:445 steps:210 total_reward:205
random count 69 with 0.322000
episode:446 steps:150 total_reward:110
random count 48 with 0.321600
episode:447 steps:202 total_reward:180
random count 65 with 0.321200
episode:448 steps:125 total_reward:80
random count 45 with 0.320800
episode:449 steps:335 total_reward:215
random count 98 with 0.320400
episode:450 steps:148 total_reward:5
random count 33 with 0.320000
episode:451 steps:277 total_reward:490
random count 96 with 0.319600
episode:452 steps:342 total_reward:390
random count 105 with 0.319200
episode:453 steps:331 total_reward:245
random count 106 with 0.318800
episode:454 steps:130 total_reward:75
random count 45 with 0.318400
episode:455 steps:168 total_reward:70
random count 48 with 0.318000
episode:456 steps:279 total_reward:170
random count 84 with 0.317600
episode:457 steps:294 total_reward:425
random count 108 with 0.317200
episode:458 steps:159 total_reward:95
random count 47 with 0.316800
episode:459 steps:159 total_reward:120
random count 50 with 0.316400
episode:460 steps:153 total_reward:30
random count 38 with 0.316000
episode:461 steps:175 total_reward:70
random count 63 with 0.315600
episode:462 steps:245 total_reward:250
random count 72 with 0.315200
episode:463 steps:344 total_reward:450
random count 112 with 0.314800
episode:464 steps:289 total_reward:210
random count 90 with 0.314400
episode:465 steps:250 total_reward:175
random count 66 with 0.314000
episode:466 steps:291 total_reward:255
random count 104 with 0.313600
episode:467 steps:234 total_reward:115
random count 79 with 0.313200
episode:468 steps:237 total_reward:360
random count 70 with 0.312800
episode:469 steps:236 total_reward:165
random count 69 with 0.312400
episode:470 steps:216 total_reward:225
random count 62 with 0.312000
episode:471 steps:341 total_reward:505
random count 90 with 0.311600
episode:472 steps:241 total_reward:285
random count 66 with 0.311200
episode:473 steps:204 total_reward:130
random count 70 with 0.310800
episode:474 steps:205 total_reward:240
random count 47 with 0.310400
episode:475 steps:134 total_reward:120
random count 42 with 0.310000
episode:476 steps:158 total_reward:160
random count 59 with 0.309600
episode:477 steps:86 total_reward:10
random count 21 with 0.309200
episode:478 steps:157 total_reward:50
random count 51 with 0.308800
episode:479 steps:299 total_reward:365
random count 94 with 0.308400
episode:480 steps:395 total_reward:625
random count 89 with 0.308000
episode:481 steps:348 total_reward:475
random count 93 with 0.307600
episode:482 steps:198 total_reward:235
random count 62 with 0.307200
episode:483 steps:135 total_reward:125
random count 35 with 0.306800
episode:484 steps:170 total_reward:210
random count 48 with 0.306400
episode:485 steps:154 total_reward:120
random count 51 with 0.306000
episode:486 steps:217 total_reward:170
random count 59 with 0.305600
episode:487 steps:176 total_reward:150
random count 44 with 0.305200
episode:488 steps:157 total_reward:130
random count 51 with 0.304800
episode:489 steps:151 total_reward:100
random count 47 with 0.304400
episode:490 steps:198 total_reward:240
random count 56 with 0.304000
episode:491 steps:128 total_reward:40
random count 40 with 0.303600
episode:492 steps:132 total_reward:135
random count 32 with 0.303200
episode:493 steps:283 total_reward:215
random count 95 with 0.302800
episode:494 steps:263 total_reward:115
random count 84 with 0.302400
episode:495 steps:199 total_reward:250
random count 59 with 0.302000
episode:496 steps:123 total_reward:60
random count 36 with 0.301600
episode:497 steps:240 total_reward:300
random count 59 with 0.301200
episode:498 steps:263 total_reward:185
random count 73 with 0.300800
episode:499 steps:85 total_reward:30
random count 29 with 0.300400
episode:500 steps:128 total_reward:10
random count 38 with 0.300000
Test episode: 500 Evaluation Average Reward: 255.0
episode:501 steps:161 total_reward:140
random count 49 with 0.299600
episode:502 steps:137 total_reward:30
random count 53 with 0.299200
episode:503 steps:133 total_reward:65
random count 36 with 0.298800
episode:504 steps:197 total_reward:55
random count 55 with 0.298400
episode:505 steps:383 total_reward:480
random count 125 with 0.298000
episode:506 steps:97 total_reward:20
random count 31 with 0.297600
episode:507 steps:157 total_reward:90
random count 40 with 0.297200
episode:508 steps:335 total_reward:145
random count 113 with 0.296800
episode:509 steps:165 total_reward:110
random count 41 with 0.296400
episode:510 steps:304 total_reward:175
random count 80 with 0.296000
episode:511 steps:97 total_reward:50
random count 34 with 0.295600
episode:512 steps:215 total_reward:275
random count 70 with 0.295200
episode:513 steps:194 total_reward:200
random count 66 with 0.294800
episode:514 steps:163 total_reward:130
random count 57 with 0.294400
episode:515 steps:243 total_reward:300
random count 74 with 0.294000
episode:516 steps:132 total_reward:55
random count 49 with 0.293600
episode:517 steps:89 total_reward:30
random count 24 with 0.293200
episode:518 steps:225 total_reward:140
random count 57 with 0.292800
episode:519 steps:229 total_reward:170
random count 60 with 0.292400
episode:520 steps:157 total_reward:55
random count 36 with 0.292000
episode:521 steps:132 total_reward:85
random count 38 with 0.291600
episode:522 steps:272 total_reward:420
random count 72 with 0.291200
episode:523 steps:156 total_reward:125
random count 43 with 0.290800
episode:524 steps:270 total_reward:425
random count 67 with 0.290400
episode:525 steps:175 total_reward:150
random count 59 with 0.290000
episode:526 steps:99 total_reward:55
random count 19 with 0.289600
episode:527 steps:263 total_reward:420
random count 65 with 0.289200
episode:528 steps:226 total_reward:145
random count 70 with 0.288800
episode:529 steps:281 total_reward:165
random count 65 with 0.288400
episode:530 steps:170 total_reward:135
random count 48 with 0.288000
episode:531 steps:227 total_reward:460
random count 76 with 0.287600
episode:532 steps:100 total_reward:35
random count 26 with 0.287200
episode:533 steps:247 total_reward:160
random count 70 with 0.286800
episode:534 steps:266 total_reward:395
random count 76 with 0.286400
episode:535 steps:138 total_reward:130
random count 38 with 0.286000
episode:536 steps:218 total_reward:170
random count 59 with 0.285600
episode:537 steps:162 total_reward:35
random count 51 with 0.285200
episode:538 steps:179 total_reward:180
random count 55 with 0.284800
episode:539 steps:215 total_reward:325
random count 66 with 0.284400
episode:540 steps:329 total_reward:805
random count 98 with 0.284000
episode:541 steps:177 total_reward:140
random count 56 with 0.283600
episode:542 steps:257 total_reward:330
random count 88 with 0.283200
episode:543 steps:263 total_reward:230
random count 80 with 0.282800
episode:544 steps:173 total_reward:110
random count 37 with 0.282400
episode:545 steps:268 total_reward:295
random count 71 with 0.282000
episode:546 steps:87 total_reward:30
random count 21 with 0.281600
episode:547 steps:165 total_reward:210
random count 40 with 0.281200
episode:548 steps:321 total_reward:500
random count 83 with 0.280800
episode:549 steps:166 total_reward:190
random count 45 with 0.280400
episode:550 steps:238 total_reward:210
random count 76 with 0.280000
episode:551 steps:158 total_reward:145
random count 43 with 0.279600
episode:552 steps:165 total_reward:140
random count 52 with 0.279200
episode:553 steps:92 total_reward:80
random count 31 with 0.278800
episode:554 steps:282 total_reward:290
random count 63 with 0.278400
episode:555 steps:179 total_reward:110
random count 50 with 0.278000
episode:556 steps:171 total_reward:100
random count 49 with 0.277600
episode:557 steps:403 total_reward:625
random count 94 with 0.277200
episode:558 steps:196 total_reward:200
random count 61 with 0.276800
episode:559 steps:193 total_reward:75
random count 43 with 0.276400
episode:560 steps:273 total_reward:200
random count 81 with 0.276000
episode:561 steps:285 total_reward:295
random count 76 with 0.275600
episode:562 steps:200 total_reward:130
random count 54 with 0.275200
episode:563 steps:332 total_reward:305
random count 104 with 0.274800
episode:564 steps:114 total_reward:65
random count 32 with 0.274400
episode:565 steps:159 total_reward:110
random count 52 with 0.274000
episode:566 steps:116 total_reward:5
random count 29 with 0.273600
episode:567 steps:170 total_reward:85
random count 41 with 0.273200
episode:568 steps:105 total_reward:50
random count 29 with 0.272800
episode:569 steps:213 total_reward:115
random count 64 with 0.272400
episode:570 steps:308 total_reward:310
random count 81 with 0.272000
episode:571 steps:167 total_reward:125
random count 54 with 0.271600
episode:572 steps:234 total_reward:180
random count 63 with 0.271200
episode:573 steps:96 total_reward:40
random count 26 with 0.270800
episode:574 steps:115 total_reward:65
random count 29 with 0.270400
episode:575 steps:305 total_reward:630
random count 82 with 0.270000
episode:576 steps:229 total_reward:260
random count 54 with 0.269600
episode:577 steps:172 total_reward:140
random count 51 with 0.269200
episode:578 steps:120 total_reward:35
random count 32 with 0.268800
episode:579 steps:123 total_reward:65
random count 30 with 0.268400
episode:580 steps:253 total_reward:200
random count 73 with 0.268000
episode:581 steps:175 total_reward:145
random count 47 with 0.267600
episode:582 steps:175 total_reward:140
random count 50 with 0.267200
episode:583 steps:257 total_reward:495
random count 63 with 0.266800
episode:584 steps:215 total_reward:165
random count 59 with 0.266400
episode:585 steps:121 total_reward:85
random count 33 with 0.266000
episode:586 steps:196 total_reward:185
random count 47 with 0.265600
episode:587 steps:143 total_reward:10
random count 37 with 0.265200
episode:588 steps:274 total_reward:340
random count 73 with 0.264800
episode:589 steps:294 total_reward:590
random count 86 with 0.264400
episode:590 steps:225 total_reward:365
random count 67 with 0.264000
episode:591 steps:260 total_reward:220
random count 75 with 0.263600
episode:592 steps:179 total_reward:275
random count 45 with 0.263200
episode:593 steps:173 total_reward:80
random count 45 with 0.262800
episode:594 steps:136 total_reward:20
random count 39 with 0.262400
episode:595 steps:196 total_reward:120
random count 49 with 0.262000
episode:596 steps:233 total_reward:215
random count 63 with 0.261600
episode:597 steps:155 total_reward:120
random count 33 with 0.261200
episode:598 steps:174 total_reward:120
random count 40 with 0.260800
episode:599 steps:123 total_reward:105
random count 24 with 0.260400
episode:600 steps:154 total_reward:100
random count 45 with 0.260000
Test episode: 600 Evaluation Average Reward: 160.0
episode:601 steps:239 total_reward:210
random count 62 with 0.259600
episode:602 steps:167 total_reward:145
random count 38 with 0.259200
episode:603 steps:154 total_reward:90
random count 39 with 0.258800
episode:604 steps:189 total_reward:160
random count 45 with 0.258400
episode:605 steps:290 total_reward:770
random count 61 with 0.258000
episode:606 steps:186 total_reward:175
random count 38 with 0.257600
episode:607 steps:385 total_reward:710
random count 92 with 0.257200
episode:608 steps:211 total_reward:200
random count 55 with 0.256800
episode:609 steps:178 total_reward:170
random count 44 with 0.256400
episode:610 steps:271 total_reward:420
random count 56 with 0.256000
episode:611 steps:405 total_reward:445
random count 101 with 0.255600
episode:612 steps:290 total_reward:125
random count 68 with 0.255200
episode:613 steps:106 total_reward:35
random count 23 with 0.254800
episode:614 steps:168 total_reward:160
random count 41 with 0.254400
episode:615 steps:235 total_reward:165
random count 61 with 0.254000
episode:616 steps:233 total_reward:155
random count 52 with 0.253600
episode:617 steps:269 total_reward:260
random count 70 with 0.253200
episode:618 steps:189 total_reward:450
random count 37 with 0.252800
episode:619 steps:176 total_reward:110
random count 42 with 0.252400
episode:620 steps:218 total_reward:225
random count 60 with 0.252000
episode:621 steps:290 total_reward:190
random count 68 with 0.251600
episode:622 steps:104 total_reward:80
random count 20 with 0.251200
episode:623 steps:210 total_reward:265
random count 48 with 0.250800
episode:624 steps:196 total_reward:130
random count 40 with 0.250400
episode:625 steps:289 total_reward:240
random count 85 with 0.250000
episode:626 steps:332 total_reward:175
random count 91 with 0.249600
episode:627 steps:206 total_reward:445
random count 52 with 0.249200
episode:628 steps:162 total_reward:105
random count 40 with 0.248800
episode:629 steps:122 total_reward:105
random count 37 with 0.248400
episode:630 steps:123 total_reward:40
random count 34 with 0.248000
episode:631 steps:132 total_reward:85
random count 31 with 0.247600
episode:632 steps:100 total_reward:60
random count 20 with 0.247200
episode:633 steps:149 total_reward:105
random count 34 with 0.246800
episode:634 steps:267 total_reward:170
random count 63 with 0.246400
episode:635 steps:165 total_reward:80
random count 40 with 0.246000
episode:636 steps:150 total_reward:105
random count 45 with 0.245600
episode:637 steps:187 total_reward:125
random count 42 with 0.245200
episode:638 steps:92 total_reward:10
random count 29 with 0.244800
episode:639 steps:200 total_reward:105
random count 43 with 0.244400
episode:640 steps:165 total_reward:95
random count 42 with 0.244000
episode:641 steps:165 total_reward:110
random count 54 with 0.243600
episode:642 steps:153 total_reward:80
random count 40 with 0.243200
episode:643 steps:314 total_reward:425
random count 67 with 0.242800
episode:644 steps:240 total_reward:165
random count 50 with 0.242400
episode:645 steps:179 total_reward:155
random count 43 with 0.242000
episode:646 steps:147 total_reward:30
random count 32 with 0.241600
episode:647 steps:93 total_reward:20
random count 26 with 0.241200
episode:648 steps:283 total_reward:290
random count 72 with 0.240800
episode:649 steps:232 total_reward:345
random count 62 with 0.240400
episode:650 steps:132 total_reward:70
random count 38 with 0.240000
episode:651 steps:233 total_reward:385
random count 60 with 0.239600
episode:652 steps:209 total_reward:200
random count 41 with 0.239200
episode:653 steps:214 total_reward:155
random count 50 with 0.238800
episode:654 steps:169 total_reward:190
random count 38 with 0.238400
episode:655 steps:99 total_reward:50
random count 30 with 0.238000
episode:656 steps:124 total_reward:75
random count 23 with 0.237600
episode:657 steps:240 total_reward:175
random count 57 with 0.237200
episode:658 steps:192 total_reward:85
random count 44 with 0.236800
episode:659 steps:160 total_reward:130
random count 36 with 0.236400
episode:660 steps:233 total_reward:140
random count 62 with 0.236000
episode:661 steps:222 total_reward:95
random count 61 with 0.235600
episode:662 steps:100 total_reward:65
random count 32 with 0.235200
episode:663 steps:347 total_reward:440
random count 77 with 0.234800
episode:664 steps:216 total_reward:220
random count 57 with 0.234400
episode:665 steps:160 total_reward:110
random count 39 with 0.234000
episode:666 steps:158 total_reward:50
random count 42 with 0.233600
episode:667 steps:170 total_reward:135
random count 51 with 0.233200
episode:668 steps:200 total_reward:130
random count 44 with 0.232800
episode:669 steps:235 total_reward:250
random count 49 with 0.232400
episode:670 steps:172 total_reward:150
random count 40 with 0.232000
episode:671 steps:128 total_reward:30
random count 33 with 0.231600
episode:672 steps:210 total_reward:135
random count 52 with 0.231200
episode:673 steps:175 total_reward:120
random count 32 with 0.230800
episode:674 steps:257 total_reward:240
random count 55 with 0.230400
episode:675 steps:168 total_reward:120
random count 34 with 0.230000
episode:676 steps:135 total_reward:75
random count 33 with 0.229600
episode:677 steps:281 total_reward:185
random count 79 with 0.229200
episode:678 steps:120 total_reward:120
random count 22 with 0.228800
episode:679 steps:164 total_reward:130
random count 43 with 0.228400
episode:680 steps:254 total_reward:165
random count 61 with 0.228000
episode:681 steps:153 total_reward:130
random count 32 with 0.227600
episode:682 steps:233 total_reward:375
random count 48 with 0.227200
episode:683 steps:303 total_reward:250
random count 72 with 0.226800
episode:684 steps:173 total_reward:110
random count 30 with 0.226400
episode:685 steps:135 total_reward:70
random count 27 with 0.226000
episode:686 steps:93 total_reward:80
random count 23 with 0.225600
episode:687 steps:159 total_reward:85
random count 33 with 0.225200
episode:688 steps:256 total_reward:325
random count 62 with 0.224800
episode:689 steps:149 total_reward:60
random count 40 with 0.224400
episode:690 steps:280 total_reward:255
random count 59 with 0.224000
episode:691 steps:135 total_reward:110
random count 33 with 0.223600
episode:692 steps:152 total_reward:100
random count 40 with 0.223200
episode:693 steps:219 total_reward:155
random count 52 with 0.222800
episode:694 steps:176 total_reward:120
random count 47 with 0.222400
episode:695 steps:169 total_reward:115
random count 40 with 0.222000
episode:696 steps:109 total_reward:50
random count 31 with 0.221600
episode:697 steps:151 total_reward:50
random count 32 with 0.221200
episode:698 steps:190 total_reward:110
random count 33 with 0.220800
episode:699 steps:202 total_reward:150
random count 57 with 0.220400
episode:700 steps:190 total_reward:410
random count 40 with 0.220000
Test episode: 700 Evaluation Average Reward: 20.0
episode:701 steps:169 total_reward:105
random count 35 with 0.219600
episode:702 steps:173 total_reward:80
random count 36 with 0.219200
episode:703 steps:199 total_reward:225
random count 49 with 0.218800
episode:704 steps:99 total_reward:50
random count 21 with 0.218400
episode:705 steps:174 total_reward:195
random count 36 with 0.218000
episode:706 steps:100 total_reward:50
random count 22 with 0.217600
episode:707 steps:237 total_reward:190
random count 50 with 0.217200
episode:708 steps:122 total_reward:75
random count 25 with 0.216800
episode:709 steps:141 total_reward:105
random count 35 with 0.216400
episode:710 steps:205 total_reward:175
random count 47 with 0.216000
episode:711 steps:186 total_reward:150
random count 47 with 0.215600
episode:712 steps:99 total_reward:50
random count 17 with 0.215200
episode:713 steps:99 total_reward:50
random count 20 with 0.214800
episode:714 steps:154 total_reward:120
random count 31 with 0.214400
episode:715 steps:155 total_reward:130
random count 25 with 0.214000
episode:716 steps:139 total_reward:80
random count 29 with 0.213600
episode:717 steps:219 total_reward:190
random count 44 with 0.213200
episode:718 steps:282 total_reward:300
random count 62 with 0.212800
episode:719 steps:297 total_reward:385
random count 75 with 0.212400
episode:720 steps:207 total_reward:235
random count 46 with 0.212000
episode:721 steps:142 total_reward:105
random count 33 with 0.211600
episode:722 steps:358 total_reward:390
random count 73 with 0.211200
episode:723 steps:180 total_reward:190
random count 37 with 0.210800
episode:724 steps:304 total_reward:290
random count 66 with 0.210400
episode:725 steps:117 total_reward:80
random count 26 with 0.210000
episode:726 steps:100 total_reward:35
random count 24 with 0.209600
episode:727 steps:174 total_reward:125
random count 38 with 0.209200
episode:728 steps:106 total_reward:80
random count 21 with 0.208800
episode:729 steps:110 total_reward:105
random count 8 with 0.208400
episode:730 steps:104 total_reward:75
random count 22 with 0.208000
episode:731 steps:169 total_reward:125
random count 30 with 0.207600
episode:732 steps:146 total_reward:90
random count 35 with 0.207200
episode:733 steps:115 total_reward:65
random count 30 with 0.206800
episode:734 steps:99 total_reward:85
random count 16 with 0.206400
episode:735 steps:96 total_reward:65
random count 17 with 0.206000
episode:736 steps:228 total_reward:410
random count 41 with 0.205600
episode:737 steps:194 total_reward:125
random count 44 with 0.205200
episode:738 steps:262 total_reward:200
random count 54 with 0.204800
episode:739 steps:177 total_reward:165
random count 35 with 0.204400
episode:740 steps:131 total_reward:120
random count 16 with 0.204000
episode:741 steps:143 total_reward:120
random count 24 with 0.203600
episode:742 steps:106 total_reward:75
random count 22 with 0.203200
episode:743 steps:261 total_reward:255
random count 50 with 0.202800
episode:744 steps:94 total_reward:50
random count 16 with 0.202400
episode:745 steps:95 total_reward:35
random count 20 with 0.202000
episode:746 steps:153 total_reward:115
random count 34 with 0.201600
episode:747 steps:142 total_reward:110
random count 26 with 0.201200
episode:748 steps:157 total_reward:80
random count 43 with 0.200800
episode:749 steps:203 total_reward:215
random count 47 with 0.200400
episode:750 steps:96 total_reward:25
random count 13 with 0.200000
episode:751 steps:207 total_reward:185
random count 32 with 0.199600
episode:752 steps:316 total_reward:545
random count 53 with 0.199200
episode:753 steps:148 total_reward:70
random count 29 with 0.198800
episode:754 steps:144 total_reward:105
random count 29 with 0.198400
episode:755 steps:158 total_reward:60
random count 37 with 0.198000
episode:756 steps:159 total_reward:105
random count 33 with 0.197600
episode:757 steps:165 total_reward:115
random count 23 with 0.197200
episode:758 steps:176 total_reward:145
random count 35 with 0.196800
episode:759 steps:195 total_reward:105
random count 44 with 0.196400
episode:760 steps:171 total_reward:80
random count 37 with 0.196000
episode:761 steps:204 total_reward:175
random count 48 with 0.195600
episode:762 steps:357 total_reward:615
random count 69 with 0.195200
episode:763 steps:163 total_reward:185
random count 38 with 0.194800
episode:764 steps:250 total_reward:260
random count 52 with 0.194400
episode:765 steps:203 total_reward:235
random count 50 with 0.194000
episode:766 steps:167 total_reward:65
random count 39 with 0.193600
episode:767 steps:283 total_reward:185
random count 61 with 0.193200
episode:768 steps:168 total_reward:115
random count 33 with 0.192800
episode:769 steps:233 total_reward:275
random count 40 with 0.192400
episode:770 steps:244 total_reward:330
random count 37 with 0.192000
episode:771 steps:227 total_reward:350
random count 38 with 0.191600
episode:772 steps:254 total_reward:400
random count 47 with 0.191200
episode:773 steps:106 total_reward:55
random count 22 with 0.190800
episode:774 steps:163 total_reward:185
random count 27 with 0.190400
episode:775 steps:257 total_reward:195
random count 67 with 0.190000
episode:776 steps:128 total_reward:45
random count 18 with 0.189600
episode:777 steps:279 total_reward:170
random count 57 with 0.189200
episode:778 steps:165 total_reward:110
random count 28 with 0.188800
episode:779 steps:279 total_reward:265
random count 55 with 0.188400
episode:780 steps:297 total_reward:535
random count 56 with 0.188000
episode:781 steps:220 total_reward:195
random count 39 with 0.187600
episode:782 steps:231 total_reward:240
random count 54 with 0.187200
episode:783 steps:160 total_reward:135
random count 26 with 0.186800
episode:784 steps:132 total_reward:120
random count 25 with 0.186400
episode:785 steps:166 total_reward:155
random count 26 with 0.186000
episode:786 steps:124 total_reward:80
random count 24 with 0.185600
episode:787 steps:180 total_reward:195
random count 35 with 0.185200
episode:788 steps:111 total_reward:105
random count 21 with 0.184800
episode:789 steps:110 total_reward:20
random count 23 with 0.184400
episode:790 steps:233 total_reward:225
random count 38 with 0.184000
episode:791 steps:121 total_reward:60
random count 25 with 0.183600
episode:792 steps:108 total_reward:65
random count 15 with 0.183200
episode:793 steps:233 total_reward:445
random count 42 with 0.182800
episode:794 steps:180 total_reward:140
random count 35 with 0.182400
episode:795 steps:140 total_reward:110
random count 29 with 0.182000
episode:796 steps:247 total_reward:470
random count 34 with 0.181600
episode:797 steps:160 total_reward:170
random count 35 with 0.181200
episode:798 steps:266 total_reward:150
random count 47 with 0.180800
episode:799 steps:222 total_reward:210
random count 41 with 0.180400
episode:800 steps:178 total_reward:135
random count 38 with 0.180000
Test episode: 800 Evaluation Average Reward: 395.0
episode:801 steps:160 total_reward:65
random count 28 with 0.179600
episode:802 steps:371 total_reward:545
random count 72 with 0.179200
episode:803 steps:297 total_reward:210
random count 43 with 0.178800
episode:804 steps:171 total_reward:165
random count 34 with 0.178400
episode:805 steps:327 total_reward:710
random count 55 with 0.178000
episode:806 steps:135 total_reward:100
random count 22 with 0.177600
episode:807 steps:240 total_reward:195
random count 43 with 0.177200
episode:808 steps:122 total_reward:90
random count 23 with 0.176800
episode:809 steps:253 total_reward:260
random count 40 with 0.176400
episode:810 steps:339 total_reward:280
random count 61 with 0.176000
episode:811 steps:100 total_reward:55
random count 25 with 0.175600
episode:812 steps:202 total_reward:180
random count 31 with 0.175200
episode:813 steps:227 total_reward:275
random count 44 with 0.174800
episode:814 steps:138 total_reward:140
random count 28 with 0.174400
episode:815 steps:166 total_reward:200
random count 31 with 0.174000
episode:816 steps:125 total_reward:65
random count 18 with 0.173600
episode:817 steps:190 total_reward:170
random count 23 with 0.173200
episode:818 steps:212 total_reward:195
random count 47 with 0.172800
episode:819 steps:170 total_reward:125
random count 27 with 0.172400
episode:820 steps:90 total_reward:35
random count 20 with 0.172000
episode:821 steps:191 total_reward:175
random count 34 with 0.171600
episode:822 steps:163 total_reward:125
random count 33 with 0.171200
episode:823 steps:192 total_reward:165
random count 38 with 0.170800
episode:824 steps:162 total_reward:120
random count 20 with 0.170400
episode:825 steps:209 total_reward:80
random count 36 with 0.170000
episode:826 steps:331 total_reward:680
random count 51 with 0.169600
episode:827 steps:175 total_reward:90
random count 24 with 0.169200
episode:828 steps:228 total_reward:270
random count 37 with 0.168800
episode:829 steps:162 total_reward:115
random count 30 with 0.168400
episode:830 steps:164 total_reward:115
random count 38 with 0.168000
episode:831 steps:270 total_reward:515
random count 33 with 0.167600
episode:832 steps:125 total_reward:80
random count 28 with 0.167200
episode:833 steps:134 total_reward:165
random count 28 with 0.166800
episode:834 steps:132 total_reward:80
random count 14 with 0.166400
episode:835 steps:101 total_reward:75
random count 27 with 0.166000
episode:836 steps:100 total_reward:35
random count 20 with 0.165600
episode:837 steps:131 total_reward:130
random count 22 with 0.165200
episode:838 steps:204 total_reward:140
random count 28 with 0.164800
episode:839 steps:232 total_reward:160
random count 35 with 0.164400
episode:840 steps:153 total_reward:85
random count 20 with 0.164000
episode:841 steps:227 total_reward:140
random count 35 with 0.163600
episode:842 steps:92 total_reward:10
random count 15 with 0.163200
episode:843 steps:124 total_reward:35
random count 15 with 0.162800
episode:844 steps:152 total_reward:105
random count 37 with 0.162400
episode:845 steps:162 total_reward:130
random count 24 with 0.162000
episode:846 steps:156 total_reward:95
random count 32 with 0.161600
episode:847 steps:110 total_reward:65
random count 13 with 0.161200
episode:848 steps:218 total_reward:225
random count 35 with 0.160800
episode:849 steps:197 total_reward:385
random count 37 with 0.160400
episode:850 steps:91 total_reward:55
random count 15 with 0.160000
episode:851 steps:175 total_reward:135
random count 27 with 0.159600
episode:852 steps:219 total_reward:220
random count 34 with 0.159200
episode:853 steps:166 total_reward:85
random count 26 with 0.158800
episode:854 steps:159 total_reward:145
random count 23 with 0.158400
episode:855 steps:164 total_reward:115
random count 28 with 0.158000
episode:856 steps:165 total_reward:110
random count 27 with 0.157600
episode:857 steps:166 total_reward:170
random count 25 with 0.157200
episode:858 steps:121 total_reward:55
random count 16 with 0.156800
episode:859 steps:174 total_reward:145
random count 28 with 0.156400
episode:860 steps:230 total_reward:145
random count 35 with 0.156000
episode:861 steps:106 total_reward:55
random count 14 with 0.155600
episode:862 steps:287 total_reward:185
random count 42 with 0.155200
episode:863 steps:161 total_reward:145
random count 34 with 0.154800
episode:864 steps:128 total_reward:35
random count 18 with 0.154400
episode:865 steps:157 total_reward:115
random count 29 with 0.154000
episode:866 steps:147 total_reward:60
random count 24 with 0.153600
episode:867 steps:213 total_reward:175
random count 27 with 0.153200
episode:868 steps:119 total_reward:45
random count 16 with 0.152800
episode:869 steps:286 total_reward:280
random count 47 with 0.152400
episode:870 steps:247 total_reward:240
random count 36 with 0.152000
episode:871 steps:205 total_reward:215
random count 25 with 0.151600
episode:872 steps:85 total_reward:5
random count 13 with 0.151200
episode:873 steps:165 total_reward:55
random count 23 with 0.150800
episode:874 steps:89 total_reward:30
random count 17 with 0.150400
episode:875 steps:410 total_reward:485
random count 59 with 0.150000
episode:876 steps:169 total_reward:155
random count 35 with 0.149600
episode:877 steps:165 total_reward:80
random count 25 with 0.149200
episode:878 steps:187 total_reward:130
random count 24 with 0.148800
episode:879 steps:259 total_reward:500
random count 39 with 0.148400
episode:880 steps:216 total_reward:215
random count 35 with 0.148000
episode:881 steps:155 total_reward:100
random count 25 with 0.147600
episode:882 steps:322 total_reward:190
random count 42 with 0.147200
episode:883 steps:249 total_reward:190
random count 33 with 0.146800
episode:884 steps:250 total_reward:270
random count 29 with 0.146400
episode:885 steps:126 total_reward:120
random count 21 with 0.146000
episode:886 steps:173 total_reward:175
random count 17 with 0.145600
episode:887 steps:254 total_reward:325
random count 36 with 0.145200
episode:888 steps:156 total_reward:90
random count 23 with 0.144800
episode:889 steps:252 total_reward:200
random count 42 with 0.144400
episode:890 steps:320 total_reward:535
random count 44 with 0.144000
episode:891 steps:174 total_reward:120
random count 23 with 0.143600
episode:892 steps:196 total_reward:240
random count 27 with 0.143200
episode:893 steps:186 total_reward:125
random count 20 with 0.142800
episode:894 steps:395 total_reward:275
random count 52 with 0.142400
episode:895 steps:168 total_reward:75
random count 26 with 0.142000
episode:896 steps:227 total_reward:245
random count 30 with 0.141600
episode:897 steps:226 total_reward:240
random count 31 with 0.141200
episode:898 steps:167 total_reward:145
random count 21 with 0.140800
episode:899 steps:103 total_reward:80
random count 8 with 0.140400
episode:900 steps:279 total_reward:265
random count 44 with 0.140000
Test episode: 900 Evaluation Average Reward: 385.0
episode:901 steps:240 total_reward:480
random count 33 with 0.139600
episode:902 steps:217 total_reward:330
random count 27 with 0.139200
episode:903 steps:232 total_reward:70
random count 32 with 0.138800
episode:904 steps:129 total_reward:90
random count 11 with 0.138400
episode:905 steps:166 total_reward:230
random count 24 with 0.138000
episode:906 steps:229 total_reward:210
random count 27 with 0.137600
episode:907 steps:222 total_reward:190
random count 34 with 0.137200
episode:908 steps:234 total_reward:185
random count 26 with 0.136800
episode:909 steps:155 total_reward:110
random count 24 with 0.136400
episode:910 steps:160 total_reward:45
random count 27 with 0.136000
episode:911 steps:164 total_reward:60
random count 22 with 0.135600
episode:912 steps:129 total_reward:75
random count 15 with 0.135200
episode:913 steps:162 total_reward:105
random count 27 with 0.134800
episode:914 steps:235 total_reward:205
random count 30 with 0.134400
episode:915 steps:167 total_reward:115
random count 29 with 0.134000
episode:916 steps:294 total_reward:265
random count 41 with 0.133600
episode:917 steps:254 total_reward:240
random count 30 with 0.133200
episode:918 steps:229 total_reward:345
random count 39 with 0.132800
episode:919 steps:234 total_reward:370
random count 38 with 0.132400
episode:920 steps:292 total_reward:275
random count 45 with 0.132000
episode:921 steps:170 total_reward:70
random count 14 with 0.131600
episode:922 steps:156 total_reward:135
random count 23 with 0.131200
episode:923 steps:194 total_reward:90
random count 16 with 0.130800
episode:924 steps:164 total_reward:155
random count 24 with 0.130400
episode:925 steps:236 total_reward:185
random count 34 with 0.130000
episode:926 steps:166 total_reward:130
random count 30 with 0.129600
episode:927 steps:96 total_reward:10
random count 16 with 0.129200
episode:928 steps:162 total_reward:130
random count 20 with 0.128800
episode:929 steps:167 total_reward:80
random count 16 with 0.128400
episode:930 steps:256 total_reward:180
random count 40 with 0.128000
episode:931 steps:255 total_reward:470
random count 34 with 0.127600
episode:932 steps:254 total_reward:280
random count 34 with 0.127200
episode:933 steps:236 total_reward:160
random count 33 with 0.126800
episode:934 steps:283 total_reward:320
random count 38 with 0.126400
episode:935 steps:92 total_reward:25
random count 10 with 0.126000
episode:936 steps:231 total_reward:140
random count 25 with 0.125600
episode:937 steps:96 total_reward:35
random count 18 with 0.125200
episode:938 steps:280 total_reward:195
random count 28 with 0.124800
episode:939 steps:135 total_reward:110
random count 17 with 0.124400
episode:940 steps:173 total_reward:100
random count 18 with 0.124000
episode:941 steps:160 total_reward:5
random count 14 with 0.123600
episode:942 steps:289 total_reward:210
random count 36 with 0.123200
episode:943 steps:124 total_reward:5
random count 17 with 0.122800
episode:944 steps:204 total_reward:120
random count 32 with 0.122400
episode:945 steps:175 total_reward:55
random count 23 with 0.122000
episode:946 steps:198 total_reward:90
random count 16 with 0.121600
episode:947 steps:322 total_reward:365
random count 38 with 0.121200
episode:948 steps:308 total_reward:275
random count 34 with 0.120800
episode:949 steps:163 total_reward:165
random count 18 with 0.120400
episode:950 steps:299 total_reward:555
random count 45 with 0.120000
episode:951 steps:198 total_reward:105
random count 25 with 0.119600
episode:952 steps:230 total_reward:100
random count 27 with 0.119200
episode:953 steps:172 total_reward:80
random count 30 with 0.118800
episode:954 steps:322 total_reward:385
random count 49 with 0.118400
episode:955 steps:157 total_reward:80
random count 18 with 0.118000
episode:956 steps:161 total_reward:105
random count 14 with 0.117600
episode:957 steps:223 total_reward:120
random count 19 with 0.117200
episode:958 steps:237 total_reward:180
random count 31 with 0.116800
episode:959 steps:132 total_reward:100
random count 14 with 0.116400
episode:960 steps:100 total_reward:65
random count 13 with 0.116000
episode:961 steps:286 total_reward:290
random count 30 with 0.115600
episode:962 steps:220 total_reward:270
random count 22 with 0.115200
episode:963 steps:129 total_reward:40
random count 15 with 0.114800
episode:964 steps:239 total_reward:210
random count 26 with 0.114400
episode:965 steps:179 total_reward:100
random count 22 with 0.114000
episode:966 steps:256 total_reward:320
random count 20 with 0.113600
episode:967 steps:334 total_reward:315
random count 37 with 0.113200
episode:968 steps:257 total_reward:260
random count 29 with 0.112800
episode:969 steps:164 total_reward:185
random count 18 with 0.112400
episode:970 steps:158 total_reward:170
random count 10 with 0.112000
episode:971 steps:189 total_reward:375
random count 16 with 0.111600
episode:972 steps:206 total_reward:270
random count 24 with 0.111200
episode:973 steps:155 total_reward:65
random count 12 with 0.110800
episode:974 steps:281 total_reward:135
random count 27 with 0.110400
episode:975 steps:251 total_reward:335
random count 38 with 0.110000
episode:976 steps:240 total_reward:330
random count 25 with 0.109600
episode:977 steps:127 total_reward:90
random count 18 with 0.109200
episode:978 steps:175 total_reward:105
random count 15 with 0.108800
episode:979 steps:210 total_reward:185
random count 23 with 0.108400
episode:980 steps:200 total_reward:155
random count 19 with 0.108000
episode:981 steps:95 total_reward:75
random count 4 with 0.107600
episode:982 steps:151 total_reward:115
random count 18 with 0.107200
episode:983 steps:185 total_reward:155
random count 21 with 0.106800
episode:984 steps:373 total_reward:410
random count 46 with 0.106400
episode:985 steps:345 total_reward:705
random count 35 with 0.106000
episode:986 steps:231 total_reward:290
random count 25 with 0.105600
episode:987 steps:220 total_reward:215
random count 25 with 0.105200
episode:988 steps:295 total_reward:400
random count 23 with 0.104800
episode:989 steps:153 total_reward:165
random count 13 with 0.104400
episode:990 steps:240 total_reward:170
random count 27 with 0.104000
episode:991 steps:221 total_reward:245
random count 19 with 0.103600
episode:992 steps:151 total_reward:170
random count 12 with 0.103200
episode:993 steps:370 total_reward:270
random count 40 with 0.102800
episode:994 steps:192 total_reward:130
random count 20 with 0.102400
episode:995 steps:274 total_reward:90
random count 28 with 0.102000
episode:996 steps:181 total_reward:150
random count 10 with 0.101600
episode:997 steps:308 total_reward:235
random count 37 with 0.101200
episode:998 steps:326 total_reward:270
random count 31 with 0.100800
episode:999 steps:239 total_reward:180
random count 27 with 0.100400
[4, 4, 4, 4, 4, 4, 4, 4, 4, 4, 2, 4, 4, 4, 4, 4, 4, 4, 2, 2, 2, 4, 2, 2, 4, 4, 2, 2, 2, 5, 5, 5, 5, 5, 5, 5, 5, 2, 2, 5, 5, 5, 5, 5, 5, 5, 5, 5, 3, 3, 2, 3, 3, 5, 5, 5, 2, 2, 5, 2, 2, 3, 3, 3, 2, 2, 2, 2, 2, 0, 0, 0, 3, 3, 3, 0, 3, 1, 1, 1, 2, 0, 0, 3, 1, 3, 3, 3, 3, 3, 3, 3, 3, 3, 3, 3, 2, 2, 2, 2, 1, 3, 3, 3, 3, 3, 3, 3, 3, 1, 5, 2, 2, 2, 2, 4, 4, 4, 4, 4, 4, 2, 4, 4, 4, 4, 4, 4, 4, 4, 4, 4, 4, 2, 2, 2, 2, 2, 2, 2, 2, 0, 0, 0, 0, 0, 3, 2, 2, 5, 0, 3, 0, 3, 2, 2, 2, 2, 2, 2, 2, 2, 0, 0, 0, 3, 3, 3, 5, 5, 5, 5, 5, 3, 3, 3, 3, 3, 3, 2, 2, 4, 2, 5, 5, 5, 5, 5, 5, 5, 5, 5, 5, 5, 5, 5, 5, 5, 5, 5, 5, 5, 5, 5, 5, 5, 5, 5, 5, 5, 5, 5, 5, 5, 5, 5, 5, 5, 5, 5, 5, 5, 5, 2, 2, 3, 3, 3, 2, 2, 3, 0, 0, 0, 2, 2, 2, 5, 2, 0, 2, 2, 4, 4, 2, 4, 4, 4, 2, 2, 2, 2, 2, 2, 2, 2, 2, 2, 2, 2, 5, 5, 5, 3, 2, 2, 2, 2, 2, 2, 2, 2, 2, 2, 2, 2, 2, 2, 2, 2, 0, 2, 3, 2, 3, 2, 2, 2, 2, 0, 2, 2, 3, 3, 3, 3, 3, 3, 3, 3, 3, 3, 3, 3, 3, 2, 2, 2, 2, 2, 2, 2, 2, 2, 2, 2, 2, 2, 2, 2, 2, 2, 2, 4, 4, 4, 5, 2, 5, 5, 2, 2, 2, 2, 2, 3, 3, 2, 2, 2, 2, 2, 3, 3, 3, 3, 3, 3, 5, 3, 5, 3, 3, 3, 3, 3]
show result steps 356 reward 240
