nohup: ignoring input
state:7056 action:6
2018-01-08 13:00:28.136618: W tensorflow/core/platform/cpu_feature_guard.cc:45] The TensorFlow library wasn't compiled to use SSE4.1 instructions, but these are available on your machine and could speed up CPU computations.
2018-01-08 13:00:28.136642: W tensorflow/core/platform/cpu_feature_guard.cc:45] The TensorFlow library wasn't compiled to use SSE4.2 instructions, but these are available on your machine and could speed up CPU computations.
2018-01-08 13:00:28.136647: W tensorflow/core/platform/cpu_feature_guard.cc:45] The TensorFlow library wasn't compiled to use AVX instructions, but these are available on your machine and could speed up CPU computations.
2018-01-08 13:00:28.136653: W tensorflow/core/platform/cpu_feature_guard.cc:45] The TensorFlow library wasn't compiled to use AVX2 instructions, but these are available on your machine and could speed up CPU computations.
2018-01-08 13:00:28.136658: W tensorflow/core/platform/cpu_feature_guard.cc:45] The TensorFlow library wasn't compiled to use FMA instructions, but these are available on your machine and could speed up CPU computations.
2018-01-08 13:00:28.493165: I tensorflow/core/common_runtime/gpu/gpu_device.cc:938] Found device 0 with properties: 
name: GeForce GTX TITAN X
major: 5 minor: 2 memoryClockRate (GHz) 1.076
pciBusID 0000:03:00.0
Total memory: 11.92GiB
Free memory: 11.20GiB
2018-01-08 13:00:28.493205: I tensorflow/core/common_runtime/gpu/gpu_device.cc:959] DMA: 0 
2018-01-08 13:00:28.493214: I tensorflow/core/common_runtime/gpu/gpu_device.cc:969] 0:   Y 
2018-01-08 13:00:28.493228: I tensorflow/core/common_runtime/gpu/gpu_device.cc:1028] Creating TensorFlow device (/gpu:0) -> (device: 0, name: GeForce GTX TITAN X, pci bus id: 0000:03:00.0)
1. Direct Input: 		(?, 84, 84, 4)
2. Conv1 			(?, 21, 21, 16)
3. Conv2 			(?, 11, 11, 32)
4.1 Reshape before Affine1 	(?, 3872)
4.2 Affine1 			(?, 256)
4.3 Dropout 			(?, 256)
5. Affine2 			(?, 6)
/home/liurygo/anaconda2/lib/python2.7/site-packages/skimage/transform/_warps.py:84: UserWarning: The default mode, 'constant', will be changed to 'reflect' in skimage 0.15.
  warn("The default mode, 'constant', will be changed to 'reflect' in "
episode:0 steps:378 total_reward:430
random count 193 with epsilon:0.500000, lr:0.002000
episode:1 steps:258 total_reward:435
random count 113 with epsilon:0.499600, lr:0.001998
episode:2 steps:116 total_reward:55
random count 59 with epsilon:0.499200, lr:0.001996
episode:3 steps:165 total_reward:60
random count 79 with epsilon:0.498800, lr:0.001994
episode:4 steps:199 total_reward:155
random count 99 with epsilon:0.498400, lr:0.001992
episode:5 steps:234 total_reward:120
random count 113 with epsilon:0.498000, lr:0.001991
episode:6 steps:300 total_reward:225
random count 157 with epsilon:0.497600, lr:0.001989
episode:7 steps:101 total_reward:80
random count 46 with epsilon:0.497200, lr:0.001987
episode:8 steps:153 total_reward:185
random count 78 with epsilon:0.496800, lr:0.001985
episode:9 steps:163 total_reward:130
random count 85 with epsilon:0.496400, lr:0.001983
episode:10 steps:165 total_reward:110
random count 84 with epsilon:0.496000, lr:0.001981
episode:11 steps:102 total_reward:85
random count 36 with epsilon:0.495600, lr:0.001979
episode:12 steps:205 total_reward:250
random count 104 with epsilon:0.495200, lr:0.001977
episode:13 steps:146 total_reward:25
random count 75 with epsilon:0.494800, lr:0.001975
episode:14 steps:213 total_reward:175
random count 113 with epsilon:0.494400, lr:0.001973
episode:15 steps:104 total_reward:70
random count 52 with epsilon:0.494000, lr:0.001972
episode:16 steps:149 total_reward:85
random count 80 with epsilon:0.493600, lr:0.001970
episode:17 steps:199 total_reward:90
random count 105 with epsilon:0.493200, lr:0.001968
episode:18 steps:242 total_reward:155
random count 125 with epsilon:0.492800, lr:0.001966
episode:19 steps:246 total_reward:165
random count 121 with epsilon:0.492400, lr:0.001964
episode:20 steps:111 total_reward:45
random count 60 with epsilon:0.492000, lr:0.001962
episode:21 steps:166 total_reward:100
random count 77 with epsilon:0.491600, lr:0.001960
episode:22 steps:160 total_reward:80
random count 72 with epsilon:0.491200, lr:0.001958
episode:23 steps:245 total_reward:185
random count 118 with epsilon:0.490800, lr:0.001956
episode:24 steps:207 total_reward:210
random count 103 with epsilon:0.490400, lr:0.001954
episode:25 steps:187 total_reward:80
random count 97 with epsilon:0.490000, lr:0.001953
episode:26 steps:160 total_reward:130
random count 74 with epsilon:0.489600, lr:0.001951
episode:27 steps:189 total_reward:105
random count 92 with epsilon:0.489200, lr:0.001949
episode:28 steps:337 total_reward:430
random count 165 with epsilon:0.488800, lr:0.001947
episode:29 steps:94 total_reward:50
random count 46 with epsilon:0.488400, lr:0.001945
episode:30 steps:154 total_reward:125
random count 60 with epsilon:0.488000, lr:0.001943
episode:31 steps:328 total_reward:220
random count 142 with epsilon:0.487600, lr:0.001941
episode:32 steps:125 total_reward:20
random count 58 with epsilon:0.487200, lr:0.001939
episode:33 steps:145 total_reward:50
random count 79 with epsilon:0.486800, lr:0.001937
episode:34 steps:270 total_reward:115
random count 140 with epsilon:0.486400, lr:0.001935
episode:35 steps:134 total_reward:25
random count 65 with epsilon:0.486000, lr:0.001934
episode:36 steps:96 total_reward:35
random count 52 with epsilon:0.485600, lr:0.001932
episode:37 steps:175 total_reward:115
random count 79 with epsilon:0.485200, lr:0.001930
episode:38 steps:266 total_reward:265
random count 122 with epsilon:0.484800, lr:0.001928
episode:39 steps:274 total_reward:485
random count 126 with epsilon:0.484400, lr:0.001926
episode:40 steps:132 total_reward:60
random count 57 with epsilon:0.484000, lr:0.001924
episode:41 steps:132 total_reward:40
random count 65 with epsilon:0.483600, lr:0.001922
episode:42 steps:84 total_reward:30
random count 43 with epsilon:0.483200, lr:0.001920
episode:43 steps:160 total_reward:80
random count 77 with epsilon:0.482800, lr:0.001918
episode:44 steps:136 total_reward:105
random count 64 with epsilon:0.482400, lr:0.001916
episode:45 steps:304 total_reward:320
random count 152 with epsilon:0.482000, lr:0.001915
episode:46 steps:142 total_reward:125
random count 71 with epsilon:0.481600, lr:0.001913
episode:47 steps:315 total_reward:175
random count 145 with epsilon:0.481200, lr:0.001911
episode:48 steps:250 total_reward:490
random count 139 with epsilon:0.480800, lr:0.001909
episode:49 steps:174 total_reward:155
random count 75 with epsilon:0.480400, lr:0.001907
episode:50 steps:124 total_reward:15
random count 59 with epsilon:0.480000, lr:0.001905
episode:51 steps:220 total_reward:180
random count 107 with epsilon:0.479600, lr:0.001903
episode:52 steps:131 total_reward:105
random count 63 with epsilon:0.479200, lr:0.001901
episode:53 steps:289 total_reward:265
random count 120 with epsilon:0.478800, lr:0.001899
episode:54 steps:129 total_reward:105
random count 69 with epsilon:0.478400, lr:0.001897
episode:55 steps:171 total_reward:100
random count 77 with epsilon:0.478000, lr:0.001896
episode:56 steps:234 total_reward:165
random count 104 with epsilon:0.477600, lr:0.001894
episode:57 steps:98 total_reward:55
random count 50 with epsilon:0.477200, lr:0.001892
episode:58 steps:157 total_reward:85
random count 79 with epsilon:0.476800, lr:0.001890
episode:59 steps:159 total_reward:100
random count 64 with epsilon:0.476400, lr:0.001888
episode:60 steps:95 total_reward:35
random count 53 with epsilon:0.476000, lr:0.001886
episode:61 steps:189 total_reward:120
random count 89 with epsilon:0.475600, lr:0.001884
episode:62 steps:170 total_reward:110
random count 87 with epsilon:0.475200, lr:0.001882
episode:63 steps:164 total_reward:70
random count 78 with epsilon:0.474800, lr:0.001880
episode:64 steps:162 total_reward:130
random count 73 with epsilon:0.474400, lr:0.001878
episode:65 steps:249 total_reward:280
random count 123 with epsilon:0.474000, lr:0.001877
episode:66 steps:126 total_reward:45
random count 66 with epsilon:0.473600, lr:0.001875
episode:67 steps:210 total_reward:115
random count 102 with epsilon:0.473200, lr:0.001873
episode:68 steps:246 total_reward:255
random count 119 with epsilon:0.472800, lr:0.001871
episode:69 steps:164 total_reward:135
random count 80 with epsilon:0.472400, lr:0.001869
episode:70 steps:176 total_reward:120
random count 82 with epsilon:0.472000, lr:0.001867
episode:71 steps:225 total_reward:150
random count 109 with epsilon:0.471600, lr:0.001865
episode:72 steps:247 total_reward:185
random count 113 with epsilon:0.471200, lr:0.001863
episode:73 steps:219 total_reward:130
random count 101 with epsilon:0.470800, lr:0.001861
episode:74 steps:167 total_reward:60
random count 77 with epsilon:0.470400, lr:0.001859
episode:75 steps:136 total_reward:70
random count 68 with epsilon:0.470000, lr:0.001858
episode:76 steps:250 total_reward:190
random count 112 with epsilon:0.469600, lr:0.001856
episode:77 steps:122 total_reward:95
random count 43 with epsilon:0.469200, lr:0.001854
episode:78 steps:248 total_reward:365
random count 123 with epsilon:0.468800, lr:0.001852
episode:79 steps:158 total_reward:95
random count 61 with epsilon:0.468400, lr:0.001850
episode:80 steps:343 total_reward:415
random count 173 with epsilon:0.468000, lr:0.001848
episode:81 steps:176 total_reward:350
random count 84 with epsilon:0.467600, lr:0.001846
episode:82 steps:131 total_reward:85
random count 52 with epsilon:0.467200, lr:0.001844
episode:83 steps:133 total_reward:55
random count 74 with epsilon:0.466800, lr:0.001842
episode:84 steps:252 total_reward:205
random count 115 with epsilon:0.466400, lr:0.001840
episode:85 steps:277 total_reward:255
random count 122 with epsilon:0.466000, lr:0.001839
episode:86 steps:327 total_reward:240
random count 152 with epsilon:0.465600, lr:0.001837
episode:87 steps:211 total_reward:115
random count 83 with epsilon:0.465200, lr:0.001835
episode:88 steps:158 total_reward:55
random count 68 with epsilon:0.464800, lr:0.001833
episode:89 steps:306 total_reward:225
random count 152 with epsilon:0.464400, lr:0.001831
episode:90 steps:116 total_reward:20
random count 46 with epsilon:0.464000, lr:0.001829
episode:91 steps:157 total_reward:70
random count 68 with epsilon:0.463600, lr:0.001827
episode:92 steps:210 total_reward:115
random count 99 with epsilon:0.463200, lr:0.001825
episode:93 steps:99 total_reward:5
random count 54 with epsilon:0.462800, lr:0.001823
episode:94 steps:220 total_reward:210
random count 108 with epsilon:0.462400, lr:0.001821
episode:95 steps:112 total_reward:60
random count 52 with epsilon:0.462000, lr:0.001820
episode:96 steps:153 total_reward:125
random count 64 with epsilon:0.461600, lr:0.001818
episode:97 steps:95 total_reward:60
random count 40 with epsilon:0.461200, lr:0.001816
episode:98 steps:386 total_reward:440
random count 176 with epsilon:0.460800, lr:0.001814
episode:99 steps:173 total_reward:115
random count 83 with epsilon:0.460400, lr:0.001812
episode:100 steps:108 total_reward:105
random count 41 with epsilon:0.460000, lr:0.001810
Test episode: 100 Evaluation Average Reward: 115.0
episode:101 steps:230 total_reward:140
random count 99 with epsilon:0.459600, lr:0.001808
episode:102 steps:170 total_reward:125
random count 76 with epsilon:0.459200, lr:0.001806
episode:103 steps:156 total_reward:50
random count 73 with epsilon:0.458800, lr:0.001804
episode:104 steps:224 total_reward:95
random count 100 with epsilon:0.458400, lr:0.001802
episode:105 steps:162 total_reward:110
random count 72 with epsilon:0.458000, lr:0.001801
episode:106 steps:161 total_reward:90
random count 74 with epsilon:0.457600, lr:0.001799
episode:107 steps:158 total_reward:45
random count 69 with epsilon:0.457200, lr:0.001797
episode:108 steps:122 total_reward:15
random count 54 with epsilon:0.456800, lr:0.001795
episode:109 steps:168 total_reward:110
random count 80 with epsilon:0.456400, lr:0.001793
episode:110 steps:165 total_reward:55
random count 60 with epsilon:0.456000, lr:0.001791
episode:111 steps:166 total_reward:80
random count 85 with epsilon:0.455600, lr:0.001789
episode:112 steps:156 total_reward:105
random count 67 with epsilon:0.455200, lr:0.001787
episode:113 steps:184 total_reward:85
random count 87 with epsilon:0.454800, lr:0.001785
episode:114 steps:241 total_reward:175
random count 113 with epsilon:0.454400, lr:0.001783
episode:115 steps:105 total_reward:95
random count 56 with epsilon:0.454000, lr:0.001782
episode:116 steps:236 total_reward:185
random count 109 with epsilon:0.453600, lr:0.001780
episode:117 steps:167 total_reward:260
random count 79 with epsilon:0.453200, lr:0.001778
episode:118 steps:458 total_reward:675
random count 204 with epsilon:0.452800, lr:0.001776
episode:119 steps:254 total_reward:240
random count 100 with epsilon:0.452400, lr:0.001774
episode:120 steps:281 total_reward:170
random count 131 with epsilon:0.452000, lr:0.001772
episode:121 steps:139 total_reward:200
random count 53 with epsilon:0.451600, lr:0.001770
episode:122 steps:91 total_reward:20
random count 39 with epsilon:0.451200, lr:0.001768
episode:123 steps:288 total_reward:180
random count 128 with epsilon:0.450800, lr:0.001766
episode:124 steps:100 total_reward:35
random count 50 with epsilon:0.450400, lr:0.001764
episode:125 steps:161 total_reward:180
random count 69 with epsilon:0.450000, lr:0.001763
episode:126 steps:153 total_reward:135
random count 80 with epsilon:0.449600, lr:0.001761
episode:127 steps:132 total_reward:115
random count 67 with epsilon:0.449200, lr:0.001759
episode:128 steps:149 total_reward:80
random count 71 with epsilon:0.448800, lr:0.001757
episode:129 steps:192 total_reward:150
random count 92 with epsilon:0.448400, lr:0.001755
episode:130 steps:97 total_reward:30
random count 44 with epsilon:0.448000, lr:0.001753
episode:131 steps:128 total_reward:55
random count 50 with epsilon:0.447600, lr:0.001751
episode:132 steps:163 total_reward:100
random count 83 with epsilon:0.447200, lr:0.001749
episode:133 steps:216 total_reward:190
random count 95 with epsilon:0.446800, lr:0.001747
episode:134 steps:104 total_reward:80
random count 53 with epsilon:0.446400, lr:0.001745
episode:135 steps:232 total_reward:145
random count 97 with epsilon:0.446000, lr:0.001744
episode:136 steps:159 total_reward:105
random count 74 with epsilon:0.445600, lr:0.001742
episode:137 steps:128 total_reward:75
random count 57 with epsilon:0.445200, lr:0.001740
episode:138 steps:201 total_reward:120
random count 85 with epsilon:0.444800, lr:0.001738
episode:139 steps:189 total_reward:45
random count 91 with epsilon:0.444400, lr:0.001736
episode:140 steps:96 total_reward:85
random count 46 with epsilon:0.444000, lr:0.001734
episode:141 steps:242 total_reward:425
random count 115 with epsilon:0.443600, lr:0.001732
episode:142 steps:243 total_reward:245
random count 103 with epsilon:0.443200, lr:0.001730
episode:143 steps:411 total_reward:410
random count 197 with epsilon:0.442800, lr:0.001728
episode:144 steps:108 total_reward:15
random count 50 with epsilon:0.442400, lr:0.001726
episode:145 steps:287 total_reward:390
random count 119 with epsilon:0.442000, lr:0.001725
episode:146 steps:124 total_reward:125
random count 68 with epsilon:0.441600, lr:0.001723
episode:147 steps:211 total_reward:100
random count 97 with epsilon:0.441200, lr:0.001721
episode:148 steps:139 total_reward:70
random count 53 with epsilon:0.440800, lr:0.001719
episode:149 steps:216 total_reward:180
random count 95 with epsilon:0.440400, lr:0.001717
episode:150 steps:205 total_reward:110
random count 90 with epsilon:0.440000, lr:0.001715
episode:151 steps:182 total_reward:155
random count 77 with epsilon:0.439600, lr:0.001713
episode:152 steps:200 total_reward:105
random count 95 with epsilon:0.439200, lr:0.001711
episode:153 steps:237 total_reward:145
random count 95 with epsilon:0.438800, lr:0.001709
episode:154 steps:230 total_reward:80
random count 107 with epsilon:0.438400, lr:0.001707
episode:155 steps:96 total_reward:50
random count 41 with epsilon:0.438000, lr:0.001706
episode:156 steps:266 total_reward:145
random count 112 with epsilon:0.437600, lr:0.001704
episode:157 steps:150 total_reward:110
random count 65 with epsilon:0.437200, lr:0.001702
episode:158 steps:99 total_reward:110
random count 37 with epsilon:0.436800, lr:0.001700
episode:159 steps:132 total_reward:60
random count 56 with epsilon:0.436400, lr:0.001698
episode:160 steps:283 total_reward:330
random count 134 with epsilon:0.436000, lr:0.001696
episode:161 steps:192 total_reward:75
random count 71 with epsilon:0.435600, lr:0.001694
episode:162 steps:270 total_reward:150
random count 123 with epsilon:0.435200, lr:0.001692
episode:163 steps:232 total_reward:275
random count 96 with epsilon:0.434800, lr:0.001690
episode:164 steps:357 total_reward:405
random count 144 with epsilon:0.434400, lr:0.001688
episode:165 steps:241 total_reward:445
random count 102 with epsilon:0.434000, lr:0.001687
episode:166 steps:148 total_reward:45
random count 65 with epsilon:0.433600, lr:0.001685
episode:167 steps:253 total_reward:425
random count 111 with epsilon:0.433200, lr:0.001683
episode:168 steps:206 total_reward:200
random count 101 with epsilon:0.432800, lr:0.001681
episode:169 steps:312 total_reward:175
random count 139 with epsilon:0.432400, lr:0.001679
episode:170 steps:203 total_reward:135
random count 87 with epsilon:0.432000, lr:0.001677
episode:171 steps:200 total_reward:320
random count 79 with epsilon:0.431600, lr:0.001675
episode:172 steps:233 total_reward:220
random count 98 with epsilon:0.431200, lr:0.001673
episode:173 steps:308 total_reward:390
random count 142 with epsilon:0.430800, lr:0.001671
episode:174 steps:305 total_reward:370
random count 136 with epsilon:0.430400, lr:0.001669
episode:175 steps:212 total_reward:135
random count 88 with epsilon:0.430000, lr:0.001668
episode:176 steps:254 total_reward:385
random count 100 with epsilon:0.429600, lr:0.001666
episode:177 steps:131 total_reward:165
random count 56 with epsilon:0.429200, lr:0.001664
episode:178 steps:272 total_reward:535
random count 107 with epsilon:0.428800, lr:0.001662
episode:179 steps:236 total_reward:175
random count 97 with epsilon:0.428400, lr:0.001660
episode:180 steps:346 total_reward:435
random count 161 with epsilon:0.428000, lr:0.001658
episode:181 steps:233 total_reward:175
random count 91 with epsilon:0.427600, lr:0.001656
episode:182 steps:206 total_reward:180
random count 89 with epsilon:0.427200, lr:0.001654
episode:183 steps:159 total_reward:100
random count 63 with epsilon:0.426800, lr:0.001652
episode:184 steps:229 total_reward:200
random count 97 with epsilon:0.426400, lr:0.001650
episode:185 steps:203 total_reward:160
random count 71 with epsilon:0.426000, lr:0.001649
episode:186 steps:124 total_reward:40
random count 54 with epsilon:0.425600, lr:0.001647
episode:187 steps:198 total_reward:145
random count 77 with epsilon:0.425200, lr:0.001645
episode:188 steps:270 total_reward:345
random count 125 with epsilon:0.424800, lr:0.001643
episode:189 steps:158 total_reward:145
random count 60 with epsilon:0.424400, lr:0.001641
episode:190 steps:95 total_reward:75
random count 38 with epsilon:0.424000, lr:0.001639
episode:191 steps:172 total_reward:80
random count 77 with epsilon:0.423600, lr:0.001637
episode:192 steps:162 total_reward:75
random count 63 with epsilon:0.423200, lr:0.001635
episode:193 steps:223 total_reward:165
random count 103 with epsilon:0.422800, lr:0.001633
episode:194 steps:176 total_reward:375
random count 70 with epsilon:0.422400, lr:0.001631
episode:195 steps:163 total_reward:105
random count 68 with epsilon:0.422000, lr:0.001630
episode:196 steps:177 total_reward:170
random count 80 with epsilon:0.421600, lr:0.001628
episode:197 steps:264 total_reward:350
random count 110 with epsilon:0.421200, lr:0.001626
episode:198 steps:163 total_reward:100
random count 68 with epsilon:0.420800, lr:0.001624
episode:199 steps:81 total_reward:35
random count 38 with epsilon:0.420400, lr:0.001622
episode:200 steps:172 total_reward:235
random count 76 with epsilon:0.420000, lr:0.001620
Test episode: 200 Evaluation Average Reward: 125.0
episode:201 steps:242 total_reward:345
random count 100 with epsilon:0.419600, lr:0.001618
episode:202 steps:113 total_reward:55
random count 51 with epsilon:0.419200, lr:0.001616
episode:203 steps:170 total_reward:155
random count 80 with epsilon:0.418800, lr:0.001614
episode:204 steps:109 total_reward:60
random count 40 with epsilon:0.418400, lr:0.001612
episode:205 steps:230 total_reward:405
random count 106 with epsilon:0.418000, lr:0.001611
episode:206 steps:161 total_reward:85
random count 75 with epsilon:0.417600, lr:0.001609
episode:207 steps:241 total_reward:470
random count 102 with epsilon:0.417200, lr:0.001607
episode:208 steps:174 total_reward:140
random count 79 with epsilon:0.416800, lr:0.001605
episode:209 steps:123 total_reward:95
random count 57 with epsilon:0.416400, lr:0.001603
episode:210 steps:150 total_reward:65
random count 70 with epsilon:0.416000, lr:0.001601
episode:211 steps:231 total_reward:145
random count 101 with epsilon:0.415600, lr:0.001599
episode:212 steps:229 total_reward:160
random count 87 with epsilon:0.415200, lr:0.001597
episode:213 steps:178 total_reward:150
random count 71 with epsilon:0.414800, lr:0.001595
episode:214 steps:268 total_reward:165
random count 115 with epsilon:0.414400, lr:0.001593
episode:215 steps:392 total_reward:420
random count 187 with epsilon:0.414000, lr:0.001592
episode:216 steps:268 total_reward:140
random count 114 with epsilon:0.413600, lr:0.001590
episode:217 steps:166 total_reward:250
random count 71 with epsilon:0.413200, lr:0.001588
episode:218 steps:172 total_reward:135
random count 77 with epsilon:0.412800, lr:0.001586
episode:219 steps:136 total_reward:75
random count 69 with epsilon:0.412400, lr:0.001584
episode:220 steps:150 total_reward:105
random count 53 with epsilon:0.412000, lr:0.001582
episode:221 steps:253 total_reward:275
random count 107 with epsilon:0.411600, lr:0.001580
episode:222 steps:95 total_reward:60
random count 54 with epsilon:0.411200, lr:0.001578
episode:223 steps:347 total_reward:345
random count 152 with epsilon:0.410800, lr:0.001576
episode:224 steps:109 total_reward:65
random count 47 with epsilon:0.410400, lr:0.001574
episode:225 steps:284 total_reward:225
random count 103 with epsilon:0.410000, lr:0.001573
episode:226 steps:122 total_reward:25
random count 46 with epsilon:0.409600, lr:0.001571
episode:227 steps:173 total_reward:100
random count 56 with epsilon:0.409200, lr:0.001569
episode:228 steps:228 total_reward:205
random count 87 with epsilon:0.408800, lr:0.001567
episode:229 steps:99 total_reward:15
random count 47 with epsilon:0.408400, lr:0.001565
episode:230 steps:91 total_reward:85
random count 33 with epsilon:0.408000, lr:0.001563
episode:231 steps:125 total_reward:110
random count 55 with epsilon:0.407600, lr:0.001561
episode:232 steps:195 total_reward:155
random count 71 with epsilon:0.407200, lr:0.001559
episode:233 steps:103 total_reward:50
random count 46 with epsilon:0.406800, lr:0.001557
episode:234 steps:88 total_reward:35
random count 37 with epsilon:0.406400, lr:0.001555
episode:235 steps:355 total_reward:515
random count 138 with epsilon:0.406000, lr:0.001554
episode:236 steps:153 total_reward:180
random count 64 with epsilon:0.405600, lr:0.001552
episode:237 steps:272 total_reward:275
random count 103 with epsilon:0.405200, lr:0.001550
episode:238 steps:214 total_reward:195
random count 98 with epsilon:0.404800, lr:0.001548
episode:239 steps:130 total_reward:120
random count 53 with epsilon:0.404400, lr:0.001546
episode:240 steps:195 total_reward:225
random count 90 with epsilon:0.404000, lr:0.001544
episode:241 steps:271 total_reward:400
random count 107 with epsilon:0.403600, lr:0.001542
episode:242 steps:337 total_reward:345
random count 141 with epsilon:0.403200, lr:0.001540
episode:243 steps:160 total_reward:80
random count 76 with epsilon:0.402800, lr:0.001538
episode:244 steps:192 total_reward:210
random count 72 with epsilon:0.402400, lr:0.001536
episode:245 steps:223 total_reward:170
random count 91 with epsilon:0.402000, lr:0.001535
episode:246 steps:125 total_reward:35
random count 51 with epsilon:0.401600, lr:0.001533
episode:247 steps:180 total_reward:180
random count 75 with epsilon:0.401200, lr:0.001531
episode:248 steps:224 total_reward:240
random count 75 with epsilon:0.400800, lr:0.001529
episode:249 steps:97 total_reward:35
random count 33 with epsilon:0.400400, lr:0.001527
episode:250 steps:197 total_reward:210
random count 70 with epsilon:0.400000, lr:0.001525
episode:251 steps:171 total_reward:120
random count 49 with epsilon:0.399600, lr:0.001523
episode:252 steps:172 total_reward:100
random count 73 with epsilon:0.399200, lr:0.001521
episode:253 steps:191 total_reward:120
random count 90 with epsilon:0.398800, lr:0.001519
episode:254 steps:158 total_reward:90
random count 65 with epsilon:0.398400, lr:0.001517
episode:255 steps:247 total_reward:310
random count 112 with epsilon:0.398000, lr:0.001516
episode:256 steps:170 total_reward:105
random count 65 with epsilon:0.397600, lr:0.001514
episode:257 steps:142 total_reward:135
random count 66 with epsilon:0.397200, lr:0.001512
episode:258 steps:96 total_reward:75
random count 30 with epsilon:0.396800, lr:0.001510
episode:259 steps:168 total_reward:105
random count 63 with epsilon:0.396400, lr:0.001508
episode:260 steps:166 total_reward:110
random count 64 with epsilon:0.396000, lr:0.001506
episode:261 steps:201 total_reward:210
random count 81 with epsilon:0.395600, lr:0.001504
episode:262 steps:130 total_reward:60
random count 47 with epsilon:0.395200, lr:0.001502
episode:263 steps:126 total_reward:105
random count 53 with epsilon:0.394800, lr:0.001500
episode:264 steps:293 total_reward:305
random count 125 with epsilon:0.394400, lr:0.001498
episode:265 steps:160 total_reward:90
random count 56 with epsilon:0.394000, lr:0.001497
episode:266 steps:190 total_reward:335
random count 81 with epsilon:0.393600, lr:0.001495
episode:267 steps:102 total_reward:50
random count 36 with epsilon:0.393200, lr:0.001493
episode:268 steps:136 total_reward:75
random count 50 with epsilon:0.392800, lr:0.001491
episode:269 steps:233 total_reward:160
random count 86 with epsilon:0.392400, lr:0.001489
episode:270 steps:203 total_reward:385
random count 83 with epsilon:0.392000, lr:0.001487
episode:271 steps:170 total_reward:120
random count 79 with epsilon:0.391600, lr:0.001485
episode:272 steps:141 total_reward:85
random count 56 with epsilon:0.391200, lr:0.001483
episode:273 steps:129 total_reward:80
random count 61 with epsilon:0.390800, lr:0.001481
episode:274 steps:212 total_reward:210
random count 72 with epsilon:0.390400, lr:0.001479
episode:275 steps:390 total_reward:415
random count 157 with epsilon:0.390000, lr:0.001478
episode:276 steps:200 total_reward:165
random count 91 with epsilon:0.389600, lr:0.001476
episode:277 steps:221 total_reward:290
random count 76 with epsilon:0.389200, lr:0.001474
episode:278 steps:317 total_reward:455
random count 121 with epsilon:0.388800, lr:0.001472
episode:279 steps:286 total_reward:250
random count 106 with epsilon:0.388400, lr:0.001470
episode:280 steps:170 total_reward:110
random count 69 with epsilon:0.388000, lr:0.001468
episode:281 steps:213 total_reward:135
random count 85 with epsilon:0.387600, lr:0.001466
episode:282 steps:216 total_reward:180
random count 80 with epsilon:0.387200, lr:0.001464
episode:283 steps:197 total_reward:155
random count 68 with epsilon:0.386800, lr:0.001462
episode:284 steps:278 total_reward:320
random count 107 with epsilon:0.386400, lr:0.001460
episode:285 steps:162 total_reward:110
random count 49 with epsilon:0.386000, lr:0.001459
episode:286 steps:244 total_reward:155
random count 102 with epsilon:0.385600, lr:0.001457
episode:287 steps:188 total_reward:260
random count 69 with epsilon:0.385200, lr:0.001455
episode:288 steps:225 total_reward:190
random count 82 with epsilon:0.384800, lr:0.001453
episode:289 steps:273 total_reward:160
random count 99 with epsilon:0.384400, lr:0.001451
episode:290 steps:171 total_reward:135
random count 70 with epsilon:0.384000, lr:0.001449
episode:291 steps:161 total_reward:105
random count 69 with epsilon:0.383600, lr:0.001447
episode:292 steps:234 total_reward:285
random count 85 with epsilon:0.383200, lr:0.001445
episode:293 steps:198 total_reward:180
random count 77 with epsilon:0.382800, lr:0.001443
episode:294 steps:227 total_reward:130
random count 79 with epsilon:0.382400, lr:0.001441
episode:295 steps:241 total_reward:140
random count 76 with epsilon:0.382000, lr:0.001440
episode:296 steps:310 total_reward:480
random count 113 with epsilon:0.381600, lr:0.001438
episode:297 steps:158 total_reward:110
random count 61 with epsilon:0.381200, lr:0.001436
episode:298 steps:145 total_reward:135
random count 57 with epsilon:0.380800, lr:0.001434
episode:299 steps:284 total_reward:175
random count 100 with epsilon:0.380400, lr:0.001432
episode:300 steps:172 total_reward:80
random count 55 with epsilon:0.380000, lr:0.001430
Test episode: 300 Evaluation Average Reward: 75.0
episode:301 steps:127 total_reward:80
random count 47 with epsilon:0.379600, lr:0.001428
episode:302 steps:177 total_reward:190
random count 59 with epsilon:0.379200, lr:0.001426
episode:303 steps:153 total_reward:50
random count 54 with epsilon:0.378800, lr:0.001424
episode:304 steps:117 total_reward:50
random count 48 with epsilon:0.378400, lr:0.001422
episode:305 steps:240 total_reward:70
random count 93 with epsilon:0.378000, lr:0.001421
episode:306 steps:236 total_reward:210
random count 88 with epsilon:0.377600, lr:0.001419
episode:307 steps:322 total_reward:645
random count 142 with epsilon:0.377200, lr:0.001417
episode:308 steps:93 total_reward:55
random count 37 with epsilon:0.376800, lr:0.001415
episode:309 steps:103 total_reward:75
random count 34 with epsilon:0.376400, lr:0.001413
episode:310 steps:168 total_reward:110
random count 62 with epsilon:0.376000, lr:0.001411
episode:311 steps:103 total_reward:75
random count 32 with epsilon:0.375600, lr:0.001409
episode:312 steps:162 total_reward:125
random count 60 with epsilon:0.375200, lr:0.001407
episode:313 steps:166 total_reward:110
random count 61 with epsilon:0.374800, lr:0.001405
episode:314 steps:160 total_reward:65
random count 58 with epsilon:0.374400, lr:0.001403
episode:315 steps:200 total_reward:165
random count 69 with epsilon:0.374000, lr:0.001402
episode:316 steps:205 total_reward:210
random count 70 with epsilon:0.373600, lr:0.001400
episode:317 steps:211 total_reward:250
random count 65 with epsilon:0.373200, lr:0.001398
episode:318 steps:163 total_reward:115
random count 63 with epsilon:0.372800, lr:0.001396
episode:319 steps:158 total_reward:120
random count 59 with epsilon:0.372400, lr:0.001394
episode:320 steps:178 total_reward:100
random count 69 with epsilon:0.372000, lr:0.001392
episode:321 steps:292 total_reward:305
random count 108 with epsilon:0.371600, lr:0.001390
episode:322 steps:120 total_reward:80
random count 51 with epsilon:0.371200, lr:0.001388
episode:323 steps:193 total_reward:150
random count 64 with epsilon:0.370800, lr:0.001386
episode:324 steps:102 total_reward:55
random count 29 with epsilon:0.370400, lr:0.001384
episode:325 steps:292 total_reward:260
random count 97 with epsilon:0.370000, lr:0.001383
episode:326 steps:188 total_reward:125
random count 67 with epsilon:0.369600, lr:0.001381
episode:327 steps:167 total_reward:90
random count 76 with epsilon:0.369200, lr:0.001379
episode:328 steps:162 total_reward:120
random count 73 with epsilon:0.368800, lr:0.001377
episode:329 steps:230 total_reward:155
random count 79 with epsilon:0.368400, lr:0.001375
episode:330 steps:223 total_reward:265
random count 86 with epsilon:0.368000, lr:0.001373
episode:331 steps:195 total_reward:125
random count 83 with epsilon:0.367600, lr:0.001371
episode:332 steps:159 total_reward:90
random count 68 with epsilon:0.367200, lr:0.001369
episode:333 steps:95 total_reward:55
random count 34 with epsilon:0.366800, lr:0.001367
episode:334 steps:163 total_reward:105
random count 52 with epsilon:0.366400, lr:0.001365
episode:335 steps:212 total_reward:285
random count 85 with epsilon:0.366000, lr:0.001364
episode:336 steps:129 total_reward:15
random count 61 with epsilon:0.365600, lr:0.001362
episode:337 steps:132 total_reward:80
random count 58 with epsilon:0.365200, lr:0.001360
episode:338 steps:200 total_reward:130
random count 73 with epsilon:0.364800, lr:0.001358
episode:339 steps:166 total_reward:160
random count 44 with epsilon:0.364400, lr:0.001356
episode:340 steps:231 total_reward:345
random count 88 with epsilon:0.364000, lr:0.001354
episode:341 steps:154 total_reward:175
random count 59 with epsilon:0.363600, lr:0.001352
episode:342 steps:239 total_reward:315
random count 78 with epsilon:0.363200, lr:0.001350
episode:343 steps:197 total_reward:145
random count 69 with epsilon:0.362800, lr:0.001348
episode:344 steps:247 total_reward:320
random count 84 with epsilon:0.362400, lr:0.001346
episode:345 steps:267 total_reward:465
random count 91 with epsilon:0.362000, lr:0.001345
episode:346 steps:155 total_reward:225
random count 57 with epsilon:0.361600, lr:0.001343
episode:347 steps:326 total_reward:365
random count 113 with epsilon:0.361200, lr:0.001341
episode:348 steps:370 total_reward:265
random count 138 with epsilon:0.360800, lr:0.001339
episode:349 steps:244 total_reward:365
random count 86 with epsilon:0.360400, lr:0.001337
episode:350 steps:123 total_reward:95
random count 38 with epsilon:0.360000, lr:0.001335
episode:351 steps:92 total_reward:75
random count 25 with epsilon:0.359600, lr:0.001333
episode:352 steps:127 total_reward:130
random count 46 with epsilon:0.359200, lr:0.001331
episode:353 steps:201 total_reward:90
random count 76 with epsilon:0.358800, lr:0.001329
episode:354 steps:113 total_reward:155
random count 36 with epsilon:0.358400, lr:0.001327
episode:355 steps:183 total_reward:145
random count 62 with epsilon:0.358000, lr:0.001326
episode:356 steps:279 total_reward:230
random count 89 with epsilon:0.357600, lr:0.001324
episode:357 steps:101 total_reward:75
random count 30 with epsilon:0.357200, lr:0.001322
episode:358 steps:165 total_reward:150
random count 59 with epsilon:0.356800, lr:0.001320
episode:359 steps:275 total_reward:255
random count 87 with epsilon:0.356400, lr:0.001318
episode:360 steps:277 total_reward:135
random count 114 with epsilon:0.356000, lr:0.001316
episode:361 steps:281 total_reward:265
random count 104 with epsilon:0.355600, lr:0.001314
episode:362 steps:224 total_reward:265
random count 88 with epsilon:0.355200, lr:0.001312
episode:363 steps:222 total_reward:305
random count 73 with epsilon:0.354800, lr:0.001310
episode:364 steps:171 total_reward:125
random count 66 with epsilon:0.354400, lr:0.001308
episode:365 steps:281 total_reward:240
random count 104 with epsilon:0.354000, lr:0.001307
episode:366 steps:226 total_reward:185
random count 70 with epsilon:0.353600, lr:0.001305
episode:367 steps:171 total_reward:180
random count 55 with epsilon:0.353200, lr:0.001303
episode:368 steps:240 total_reward:320
random count 79 with epsilon:0.352800, lr:0.001301
episode:369 steps:340 total_reward:410
random count 133 with epsilon:0.352400, lr:0.001299
episode:370 steps:100 total_reward:55
random count 24 with epsilon:0.352000, lr:0.001297
episode:371 steps:137 total_reward:95
random count 51 with epsilon:0.351600, lr:0.001295
episode:372 steps:260 total_reward:310
random count 108 with epsilon:0.351200, lr:0.001293
episode:373 steps:233 total_reward:395
random count 101 with epsilon:0.350800, lr:0.001291
episode:374 steps:222 total_reward:215
random count 78 with epsilon:0.350400, lr:0.001289
episode:375 steps:157 total_reward:185
random count 54 with epsilon:0.350000, lr:0.001288
episode:376 steps:203 total_reward:120
random count 65 with epsilon:0.349600, lr:0.001286
episode:377 steps:234 total_reward:185
random count 75 with epsilon:0.349200, lr:0.001284
episode:378 steps:162 total_reward:200
random count 69 with epsilon:0.348800, lr:0.001282
episode:379 steps:172 total_reward:155
random count 59 with epsilon:0.348400, lr:0.001280
episode:380 steps:358 total_reward:430
random count 137 with epsilon:0.348000, lr:0.001278
episode:381 steps:164 total_reward:135
random count 58 with epsilon:0.347600, lr:0.001276
episode:382 steps:251 total_reward:215
random count 94 with epsilon:0.347200, lr:0.001274
episode:383 steps:191 total_reward:140
random count 66 with epsilon:0.346800, lr:0.001272
episode:384 steps:151 total_reward:115
random count 47 with epsilon:0.346400, lr:0.001270
episode:385 steps:265 total_reward:270
random count 87 with epsilon:0.346000, lr:0.001269
episode:386 steps:190 total_reward:205
random count 74 with epsilon:0.345600, lr:0.001267
episode:387 steps:164 total_reward:135
random count 54 with epsilon:0.345200, lr:0.001265
episode:388 steps:275 total_reward:350
random count 90 with epsilon:0.344800, lr:0.001263
episode:389 steps:247 total_reward:290
random count 83 with epsilon:0.344400, lr:0.001261
episode:390 steps:220 total_reward:150
random count 78 with epsilon:0.344000, lr:0.001259
episode:391 steps:275 total_reward:420
random count 95 with epsilon:0.343600, lr:0.001257
episode:392 steps:167 total_reward:140
random count 58 with epsilon:0.343200, lr:0.001255
episode:393 steps:145 total_reward:120
random count 49 with epsilon:0.342800, lr:0.001253
episode:394 steps:172 total_reward:120
random count 68 with epsilon:0.342400, lr:0.001251
episode:395 steps:126 total_reward:40
random count 45 with epsilon:0.342000, lr:0.001250
episode:396 steps:162 total_reward:150
random count 62 with epsilon:0.341600, lr:0.001248
episode:397 steps:94 total_reward:90
random count 32 with epsilon:0.341200, lr:0.001246
episode:398 steps:146 total_reward:160
random count 46 with epsilon:0.340800, lr:0.001244
episode:399 steps:159 total_reward:160
random count 43 with epsilon:0.340400, lr:0.001242
episode:400 steps:154 total_reward:80
random count 41 with epsilon:0.340000, lr:0.001240
Test episode: 400 Evaluation Average Reward: 190.0
episode:401 steps:140 total_reward:30
random count 45 with epsilon:0.339600, lr:0.001238
episode:402 steps:183 total_reward:120
random count 63 with epsilon:0.339200, lr:0.001236
episode:403 steps:288 total_reward:295
random count 90 with epsilon:0.338800, lr:0.001234
episode:404 steps:170 total_reward:110
random count 67 with epsilon:0.338400, lr:0.001232
episode:405 steps:238 total_reward:270
random count 87 with epsilon:0.338000, lr:0.001231
episode:406 steps:251 total_reward:290
random count 93 with epsilon:0.337600, lr:0.001229
episode:407 steps:216 total_reward:115
random count 68 with epsilon:0.337200, lr:0.001227
episode:408 steps:152 total_reward:70
random count 57 with epsilon:0.336800, lr:0.001225
episode:409 steps:199 total_reward:215
random count 66 with epsilon:0.336400, lr:0.001223
episode:410 steps:209 total_reward:300
random count 80 with epsilon:0.336000, lr:0.001221
episode:411 steps:176 total_reward:340
random count 55 with epsilon:0.335600, lr:0.001219
episode:412 steps:143 total_reward:140
random count 47 with epsilon:0.335200, lr:0.001217
episode:413 steps:339 total_reward:365
random count 110 with epsilon:0.334800, lr:0.001215
episode:414 steps:282 total_reward:655
random count 94 with epsilon:0.334400, lr:0.001213
episode:415 steps:240 total_reward:320
random count 66 with epsilon:0.334000, lr:0.001212
episode:416 steps:153 total_reward:120
random count 57 with epsilon:0.333600, lr:0.001210
episode:417 steps:187 total_reward:215
random count 61 with epsilon:0.333200, lr:0.001208
episode:418 steps:371 total_reward:260
random count 113 with epsilon:0.332800, lr:0.001206
episode:419 steps:200 total_reward:190
random count 62 with epsilon:0.332400, lr:0.001204
episode:420 steps:183 total_reward:230
random count 67 with epsilon:0.332000, lr:0.001202
episode:421 steps:162 total_reward:125
random count 61 with epsilon:0.331600, lr:0.001200
episode:422 steps:97 total_reward:30
random count 31 with epsilon:0.331200, lr:0.001198
episode:423 steps:255 total_reward:375
random count 85 with epsilon:0.330800, lr:0.001196
episode:424 steps:173 total_reward:195
random count 64 with epsilon:0.330400, lr:0.001194
episode:425 steps:332 total_reward:640
random count 98 with epsilon:0.330000, lr:0.001193
episode:426 steps:234 total_reward:160
random count 67 with epsilon:0.329600, lr:0.001191
episode:427 steps:271 total_reward:240
random count 93 with epsilon:0.329200, lr:0.001189
episode:428 steps:264 total_reward:245
random count 76 with epsilon:0.328800, lr:0.001187
episode:429 steps:293 total_reward:380
random count 99 with epsilon:0.328400, lr:0.001185
episode:430 steps:195 total_reward:275
random count 58 with epsilon:0.328000, lr:0.001183
episode:431 steps:174 total_reward:185
random count 62 with epsilon:0.327600, lr:0.001181
episode:432 steps:113 total_reward:65
random count 34 with epsilon:0.327200, lr:0.001179
episode:433 steps:195 total_reward:255
random count 52 with epsilon:0.326800, lr:0.001177
episode:434 steps:395 total_reward:325
random count 131 with epsilon:0.326400, lr:0.001175
episode:435 steps:183 total_reward:240
random count 65 with epsilon:0.326000, lr:0.001174
episode:436 steps:120 total_reward:110
random count 39 with epsilon:0.325600, lr:0.001172
episode:437 steps:141 total_reward:75
random count 44 with epsilon:0.325200, lr:0.001170
episode:438 steps:236 total_reward:375
random count 78 with epsilon:0.324800, lr:0.001168
episode:439 steps:142 total_reward:215
random count 47 with epsilon:0.324400, lr:0.001166
episode:440 steps:160 total_reward:145
random count 61 with epsilon:0.324000, lr:0.001164
episode:441 steps:222 total_reward:430
random count 67 with epsilon:0.323600, lr:0.001162
episode:442 steps:224 total_reward:240
random count 71 with epsilon:0.323200, lr:0.001160
episode:443 steps:166 total_reward:155
random count 50 with epsilon:0.322800, lr:0.001158
episode:444 steps:161 total_reward:165
random count 51 with epsilon:0.322400, lr:0.001156
episode:445 steps:191 total_reward:110
random count 65 with epsilon:0.322000, lr:0.001155
episode:446 steps:176 total_reward:185
random count 58 with epsilon:0.321600, lr:0.001153
episode:447 steps:279 total_reward:225
random count 87 with epsilon:0.321200, lr:0.001151
episode:448 steps:129 total_reward:60
random count 43 with epsilon:0.320800, lr:0.001149
episode:449 steps:221 total_reward:225
random count 61 with epsilon:0.320400, lr:0.001147
episode:450 steps:173 total_reward:160
random count 52 with epsilon:0.320000, lr:0.001145
episode:451 steps:175 total_reward:175
random count 58 with epsilon:0.319600, lr:0.001143
episode:452 steps:163 total_reward:140
random count 59 with epsilon:0.319200, lr:0.001141
episode:453 steps:146 total_reward:75
random count 39 with epsilon:0.318800, lr:0.001139
episode:454 steps:132 total_reward:50
random count 43 with epsilon:0.318400, lr:0.001137
episode:455 steps:97 total_reward:25
random count 37 with epsilon:0.318000, lr:0.001136
episode:456 steps:214 total_reward:295
random count 55 with epsilon:0.317600, lr:0.001134
episode:457 steps:178 total_reward:195
random count 58 with epsilon:0.317200, lr:0.001132
episode:458 steps:135 total_reward:15
random count 42 with epsilon:0.316800, lr:0.001130
episode:459 steps:256 total_reward:235
random count 86 with epsilon:0.316400, lr:0.001128
episode:460 steps:136 total_reward:85
random count 39 with epsilon:0.316000, lr:0.001126
episode:461 steps:159 total_reward:140
random count 51 with epsilon:0.315600, lr:0.001124
episode:462 steps:131 total_reward:125
random count 44 with epsilon:0.315200, lr:0.001122
episode:463 steps:96 total_reward:50
random count 26 with epsilon:0.314800, lr:0.001120
episode:464 steps:82 total_reward:20
random count 27 with epsilon:0.314400, lr:0.001118
episode:465 steps:242 total_reward:245
random count 91 with epsilon:0.314000, lr:0.001117
episode:466 steps:296 total_reward:280
random count 105 with epsilon:0.313600, lr:0.001115
episode:467 steps:125 total_reward:165
random count 35 with epsilon:0.313200, lr:0.001113
episode:468 steps:169 total_reward:155
random count 56 with epsilon:0.312800, lr:0.001111
episode:469 steps:154 total_reward:80
random count 33 with epsilon:0.312400, lr:0.001109
episode:470 steps:88 total_reward:60
random count 35 with epsilon:0.312000, lr:0.001107
episode:471 steps:166 total_reward:190
random count 50 with epsilon:0.311600, lr:0.001105
episode:472 steps:174 total_reward:185
random count 60 with epsilon:0.311200, lr:0.001103
episode:473 steps:260 total_reward:220
random count 72 with epsilon:0.310800, lr:0.001101
episode:474 steps:195 total_reward:95
random count 64 with epsilon:0.310400, lr:0.001099
episode:475 steps:155 total_reward:235
random count 47 with epsilon:0.310000, lr:0.001098
episode:476 steps:181 total_reward:185
random count 64 with epsilon:0.309600, lr:0.001096
episode:477 steps:362 total_reward:610
random count 109 with epsilon:0.309200, lr:0.001094
episode:478 steps:194 total_reward:250
random count 64 with epsilon:0.308800, lr:0.001092
episode:479 steps:197 total_reward:285
random count 66 with epsilon:0.308400, lr:0.001090
episode:480 steps:173 total_reward:160
random count 48 with epsilon:0.308000, lr:0.001088
episode:481 steps:158 total_reward:145
random count 50 with epsilon:0.307600, lr:0.001086
episode:482 steps:106 total_reward:25
random count 35 with epsilon:0.307200, lr:0.001084
episode:483 steps:237 total_reward:215
random count 70 with epsilon:0.306800, lr:0.001082
episode:484 steps:159 total_reward:180
random count 42 with epsilon:0.306400, lr:0.001080
episode:485 steps:176 total_reward:80
random count 55 with epsilon:0.306000, lr:0.001079
episode:486 steps:158 total_reward:125
random count 48 with epsilon:0.305600, lr:0.001077
episode:487 steps:213 total_reward:270
random count 56 with epsilon:0.305200, lr:0.001075
episode:488 steps:166 total_reward:145
random count 48 with epsilon:0.304800, lr:0.001073
episode:489 steps:196 total_reward:140
random count 66 with epsilon:0.304400, lr:0.001071
episode:490 steps:255 total_reward:430
random count 86 with epsilon:0.304000, lr:0.001069
episode:491 steps:207 total_reward:230
random count 59 with epsilon:0.303600, lr:0.001067
episode:492 steps:285 total_reward:330
random count 87 with epsilon:0.303200, lr:0.001065
episode:493 steps:227 total_reward:195
random count 69 with epsilon:0.302800, lr:0.001063
episode:494 steps:272 total_reward:320
random count 77 with epsilon:0.302400, lr:0.001061
episode:495 steps:96 total_reward:35
random count 23 with epsilon:0.302000, lr:0.001060
episode:496 steps:179 total_reward:200
random count 54 with epsilon:0.301600, lr:0.001058
episode:497 steps:252 total_reward:455
random count 75 with epsilon:0.301200, lr:0.001056
episode:498 steps:301 total_reward:345
random count 82 with epsilon:0.300800, lr:0.001054
episode:499 steps:165 total_reward:205
random count 58 with epsilon:0.300400, lr:0.001052
episode:500 steps:228 total_reward:135
random count 76 with epsilon:0.300000, lr:0.001050
Test episode: 500 Evaluation Average Reward: 320.0
episode:501 steps:98 total_reward:40
random count 29 with epsilon:0.299600, lr:0.001048
episode:502 steps:183 total_reward:160
random count 50 with epsilon:0.299200, lr:0.001046
episode:503 steps:187 total_reward:150
random count 54 with epsilon:0.298800, lr:0.001044
episode:504 steps:244 total_reward:165
random count 72 with epsilon:0.298400, lr:0.001042
episode:505 steps:294 total_reward:305
random count 81 with epsilon:0.298000, lr:0.001041
episode:506 steps:226 total_reward:150
random count 52 with epsilon:0.297600, lr:0.001039
episode:507 steps:293 total_reward:375
random count 78 with epsilon:0.297200, lr:0.001037
episode:508 steps:95 total_reward:45
random count 31 with epsilon:0.296800, lr:0.001035
episode:509 steps:137 total_reward:115
random count 46 with epsilon:0.296400, lr:0.001033
episode:510 steps:231 total_reward:190
random count 71 with epsilon:0.296000, lr:0.001031
episode:511 steps:161 total_reward:205
random count 44 with epsilon:0.295600, lr:0.001029
episode:512 steps:129 total_reward:95
random count 30 with epsilon:0.295200, lr:0.001027
episode:513 steps:121 total_reward:30
random count 43 with epsilon:0.294800, lr:0.001025
episode:514 steps:110 total_reward:65
random count 41 with epsilon:0.294400, lr:0.001023
episode:515 steps:290 total_reward:325
random count 83 with epsilon:0.294000, lr:0.001022
episode:516 steps:127 total_reward:110
random count 38 with epsilon:0.293600, lr:0.001020
episode:517 steps:156 total_reward:135
random count 40 with epsilon:0.293200, lr:0.001018
episode:518 steps:201 total_reward:110
random count 57 with epsilon:0.292800, lr:0.001016
episode:519 steps:205 total_reward:180
random count 63 with epsilon:0.292400, lr:0.001014
episode:520 steps:160 total_reward:60
random count 54 with epsilon:0.292000, lr:0.001012
episode:521 steps:226 total_reward:240
random count 65 with epsilon:0.291600, lr:0.001010
episode:522 steps:194 total_reward:175
random count 54 with epsilon:0.291200, lr:0.001008
episode:523 steps:164 total_reward:360
random count 41 with epsilon:0.290800, lr:0.001006
episode:524 steps:300 total_reward:410
random count 75 with epsilon:0.290400, lr:0.001004
episode:525 steps:236 total_reward:235
random count 67 with epsilon:0.290000, lr:0.001003
episode:526 steps:277 total_reward:270
random count 81 with epsilon:0.289600, lr:0.001001
episode:527 steps:169 total_reward:145
random count 55 with epsilon:0.289200, lr:0.000999
episode:528 steps:144 total_reward:40
random count 54 with epsilon:0.288800, lr:0.000997
episode:529 steps:311 total_reward:280
random count 93 with epsilon:0.288400, lr:0.000995
episode:530 steps:228 total_reward:180
random count 73 with epsilon:0.288000, lr:0.000993
episode:531 steps:295 total_reward:420
random count 71 with epsilon:0.287600, lr:0.000991
episode:532 steps:232 total_reward:145
random count 61 with epsilon:0.287200, lr:0.000989
episode:533 steps:175 total_reward:165
random count 60 with epsilon:0.286800, lr:0.000987
episode:534 steps:126 total_reward:75
random count 45 with epsilon:0.286400, lr:0.000985
episode:535 steps:273 total_reward:270
random count 75 with epsilon:0.286000, lr:0.000984
episode:536 steps:260 total_reward:365
random count 56 with epsilon:0.285600, lr:0.000982
episode:537 steps:239 total_reward:260
random count 66 with epsilon:0.285200, lr:0.000980
episode:538 steps:238 total_reward:185
random count 78 with epsilon:0.284800, lr:0.000978
episode:539 steps:229 total_reward:195
random count 72 with epsilon:0.284400, lr:0.000976
episode:540 steps:160 total_reward:55
random count 40 with epsilon:0.284000, lr:0.000974
episode:541 steps:195 total_reward:175
random count 64 with epsilon:0.283600, lr:0.000972
episode:542 steps:271 total_reward:490
random count 82 with epsilon:0.283200, lr:0.000970
episode:543 steps:229 total_reward:245
random count 73 with epsilon:0.282800, lr:0.000968
episode:544 steps:210 total_reward:305
random count 56 with epsilon:0.282400, lr:0.000966
episode:545 steps:139 total_reward:95
random count 49 with epsilon:0.282000, lr:0.000965
episode:546 steps:266 total_reward:305
random count 73 with epsilon:0.281600, lr:0.000963
episode:547 steps:228 total_reward:285
random count 56 with epsilon:0.281200, lr:0.000961
episode:548 steps:230 total_reward:205
random count 73 with epsilon:0.280800, lr:0.000959
episode:549 steps:309 total_reward:400
random count 101 with epsilon:0.280400, lr:0.000957
episode:550 steps:217 total_reward:165
random count 62 with epsilon:0.280000, lr:0.000955
episode:551 steps:319 total_reward:330
random count 97 with epsilon:0.279600, lr:0.000953
episode:552 steps:172 total_reward:115
random count 55 with epsilon:0.279200, lr:0.000951
episode:553 steps:167 total_reward:225
random count 40 with epsilon:0.278800, lr:0.000949
episode:554 steps:120 total_reward:75
random count 36 with epsilon:0.278400, lr:0.000947
episode:555 steps:175 total_reward:80
random count 56 with epsilon:0.278000, lr:0.000946
episode:556 steps:100 total_reward:50
random count 24 with epsilon:0.277600, lr:0.000944
episode:557 steps:166 total_reward:100
random count 40 with epsilon:0.277200, lr:0.000942
episode:558 steps:240 total_reward:235
random count 65 with epsilon:0.276800, lr:0.000940
episode:559 steps:225 total_reward:190
random count 58 with epsilon:0.276400, lr:0.000938
episode:560 steps:170 total_reward:140
random count 37 with epsilon:0.276000, lr:0.000936
episode:561 steps:301 total_reward:365
random count 77 with epsilon:0.275600, lr:0.000934
episode:562 steps:320 total_reward:450
random count 97 with epsilon:0.275200, lr:0.000932
episode:563 steps:186 total_reward:200
random count 57 with epsilon:0.274800, lr:0.000930
episode:564 steps:222 total_reward:225
random count 67 with epsilon:0.274400, lr:0.000928
episode:565 steps:206 total_reward:190
random count 63 with epsilon:0.274000, lr:0.000927
episode:566 steps:268 total_reward:210
random count 69 with epsilon:0.273600, lr:0.000925
episode:567 steps:163 total_reward:80
random count 59 with epsilon:0.273200, lr:0.000923
episode:568 steps:165 total_reward:200
random count 41 with epsilon:0.272800, lr:0.000921
episode:569 steps:208 total_reward:180
random count 55 with epsilon:0.272400, lr:0.000919
episode:570 steps:366 total_reward:450
random count 107 with epsilon:0.272000, lr:0.000917
episode:571 steps:205 total_reward:155
random count 44 with epsilon:0.271600, lr:0.000915
episode:572 steps:343 total_reward:440
random count 94 with epsilon:0.271200, lr:0.000913
episode:573 steps:122 total_reward:30
random count 25 with epsilon:0.270800, lr:0.000911
episode:574 steps:180 total_reward:190
random count 54 with epsilon:0.270400, lr:0.000909
episode:575 steps:195 total_reward:410
random count 57 with epsilon:0.270000, lr:0.000908
episode:576 steps:154 total_reward:185
random count 45 with epsilon:0.269600, lr:0.000906
episode:577 steps:314 total_reward:320
random count 90 with epsilon:0.269200, lr:0.000904
episode:578 steps:238 total_reward:370
random count 63 with epsilon:0.268800, lr:0.000902
episode:579 steps:198 total_reward:355
random count 52 with epsilon:0.268400, lr:0.000900
episode:580 steps:148 total_reward:140
random count 46 with epsilon:0.268000, lr:0.000898
episode:581 steps:173 total_reward:215
random count 47 with epsilon:0.267600, lr:0.000896
episode:582 steps:315 total_reward:225
random count 95 with epsilon:0.267200, lr:0.000894
episode:583 steps:236 total_reward:145
random count 59 with epsilon:0.266800, lr:0.000892
episode:584 steps:232 total_reward:235
random count 54 with epsilon:0.266400, lr:0.000890
episode:585 steps:247 total_reward:270
random count 67 with epsilon:0.266000, lr:0.000889
episode:586 steps:181 total_reward:80
random count 44 with epsilon:0.265600, lr:0.000887
episode:587 steps:174 total_reward:260
random count 44 with epsilon:0.265200, lr:0.000885
episode:588 steps:166 total_reward:145
random count 47 with epsilon:0.264800, lr:0.000883
episode:589 steps:152 total_reward:165
random count 31 with epsilon:0.264400, lr:0.000881
episode:590 steps:143 total_reward:110
random count 40 with epsilon:0.264000, lr:0.000879
episode:591 steps:192 total_reward:490
random count 47 with epsilon:0.263600, lr:0.000877
episode:592 steps:95 total_reward:80
random count 22 with epsilon:0.263200, lr:0.000875
episode:593 steps:308 total_reward:620
random count 77 with epsilon:0.262800, lr:0.000873
episode:594 steps:126 total_reward:50
random count 35 with epsilon:0.262400, lr:0.000871
episode:595 steps:255 total_reward:410
random count 72 with epsilon:0.262000, lr:0.000870
episode:596 steps:191 total_reward:140
random count 40 with epsilon:0.261600, lr:0.000868
episode:597 steps:263 total_reward:340
random count 57 with epsilon:0.261200, lr:0.000866
episode:598 steps:93 total_reward:90
random count 35 with epsilon:0.260800, lr:0.000864
episode:599 steps:310 total_reward:200
random count 75 with epsilon:0.260400, lr:0.000862
episode:600 steps:165 total_reward:125
random count 34 with epsilon:0.260000, lr:0.000860
Test episode: 600 Evaluation Average Reward: 65.0
episode:601 steps:232 total_reward:235
random count 57 with epsilon:0.259600, lr:0.000858
episode:602 steps:345 total_reward:375
random count 103 with epsilon:0.259200, lr:0.000856
episode:603 steps:101 total_reward:75
random count 33 with epsilon:0.258800, lr:0.000854
episode:604 steps:345 total_reward:420
random count 79 with epsilon:0.258400, lr:0.000852
episode:605 steps:248 total_reward:285
random count 59 with epsilon:0.258000, lr:0.000851
episode:606 steps:261 total_reward:160
random count 61 with epsilon:0.257600, lr:0.000849
episode:607 steps:300 total_reward:450
random count 91 with epsilon:0.257200, lr:0.000847
episode:608 steps:148 total_reward:95
random count 33 with epsilon:0.256800, lr:0.000845
episode:609 steps:95 total_reward:5
random count 27 with epsilon:0.256400, lr:0.000843
episode:610 steps:128 total_reward:80
random count 34 with epsilon:0.256000, lr:0.000841
episode:611 steps:241 total_reward:225
random count 70 with epsilon:0.255600, lr:0.000839
episode:612 steps:162 total_reward:160
random count 42 with epsilon:0.255200, lr:0.000837
episode:613 steps:139 total_reward:130
random count 33 with epsilon:0.254800, lr:0.000835
episode:614 steps:257 total_reward:200
random count 68 with epsilon:0.254400, lr:0.000833
episode:615 steps:187 total_reward:230
random count 42 with epsilon:0.254000, lr:0.000832
episode:616 steps:151 total_reward:110
random count 39 with epsilon:0.253600, lr:0.000830
episode:617 steps:224 total_reward:125
random count 65 with epsilon:0.253200, lr:0.000828
episode:618 steps:137 total_reward:105
random count 41 with epsilon:0.252800, lr:0.000826
episode:619 steps:204 total_reward:190
random count 59 with epsilon:0.252400, lr:0.000824
episode:620 steps:105 total_reward:70
random count 30 with epsilon:0.252000, lr:0.000822
episode:621 steps:176 total_reward:155
random count 42 with epsilon:0.251600, lr:0.000820
episode:622 steps:288 total_reward:375
random count 68 with epsilon:0.251200, lr:0.000818
episode:623 steps:232 total_reward:215
random count 64 with epsilon:0.250800, lr:0.000816
episode:624 steps:228 total_reward:200
random count 54 with epsilon:0.250400, lr:0.000814
episode:625 steps:193 total_reward:280
random count 45 with epsilon:0.250000, lr:0.000813
episode:626 steps:142 total_reward:160
random count 36 with epsilon:0.249600, lr:0.000811
episode:627 steps:165 total_reward:145
random count 38 with epsilon:0.249200, lr:0.000809
episode:628 steps:163 total_reward:125
random count 37 with epsilon:0.248800, lr:0.000807
episode:629 steps:202 total_reward:180
random count 66 with epsilon:0.248400, lr:0.000805
episode:630 steps:235 total_reward:320
random count 66 with epsilon:0.248000, lr:0.000803
episode:631 steps:298 total_reward:435
random count 70 with epsilon:0.247600, lr:0.000801
episode:632 steps:125 total_reward:65
random count 29 with epsilon:0.247200, lr:0.000799
episode:633 steps:304 total_reward:500
random count 93 with epsilon:0.246800, lr:0.000797
episode:634 steps:241 total_reward:190
random count 73 with epsilon:0.246400, lr:0.000795
episode:635 steps:245 total_reward:250
random count 68 with epsilon:0.246000, lr:0.000794
episode:636 steps:310 total_reward:410
random count 79 with epsilon:0.245600, lr:0.000792
episode:637 steps:232 total_reward:210
random count 56 with epsilon:0.245200, lr:0.000790
episode:638 steps:286 total_reward:275
random count 73 with epsilon:0.244800, lr:0.000788
episode:639 steps:258 total_reward:270
random count 78 with epsilon:0.244400, lr:0.000786
episode:640 steps:235 total_reward:405
random count 65 with epsilon:0.244000, lr:0.000784
episode:641 steps:229 total_reward:295
random count 53 with epsilon:0.243600, lr:0.000782
episode:642 steps:175 total_reward:170
random count 42 with epsilon:0.243200, lr:0.000780
episode:643 steps:239 total_reward:180
random count 64 with epsilon:0.242800, lr:0.000778
episode:644 steps:252 total_reward:220
random count 52 with epsilon:0.242400, lr:0.000776
episode:645 steps:257 total_reward:305
random count 59 with epsilon:0.242000, lr:0.000775
episode:646 steps:393 total_reward:380
random count 95 with epsilon:0.241600, lr:0.000773
episode:647 steps:97 total_reward:60
random count 18 with epsilon:0.241200, lr:0.000771
episode:648 steps:129 total_reward:125
random count 31 with epsilon:0.240800, lr:0.000769
episode:649 steps:179 total_reward:125
random count 47 with epsilon:0.240400, lr:0.000767
episode:650 steps:205 total_reward:275
random count 35 with epsilon:0.240000, lr:0.000765
episode:651 steps:270 total_reward:435
random count 58 with epsilon:0.239600, lr:0.000763
episode:652 steps:95 total_reward:25
random count 24 with epsilon:0.239200, lr:0.000761
episode:653 steps:96 total_reward:80
random count 21 with epsilon:0.238800, lr:0.000759
episode:654 steps:179 total_reward:215
random count 43 with epsilon:0.238400, lr:0.000757
episode:655 steps:215 total_reward:340
random count 65 with epsilon:0.238000, lr:0.000756
episode:656 steps:211 total_reward:190
random count 60 with epsilon:0.237600, lr:0.000754
episode:657 steps:203 total_reward:175
random count 48 with epsilon:0.237200, lr:0.000752
episode:658 steps:171 total_reward:110
random count 39 with epsilon:0.236800, lr:0.000750
episode:659 steps:305 total_reward:385
random count 78 with epsilon:0.236400, lr:0.000748
episode:660 steps:149 total_reward:105
random count 34 with epsilon:0.236000, lr:0.000746
episode:661 steps:163 total_reward:170
random count 39 with epsilon:0.235600, lr:0.000744
episode:662 steps:123 total_reward:30
random count 33 with epsilon:0.235200, lr:0.000742
episode:663 steps:199 total_reward:140
random count 47 with epsilon:0.234800, lr:0.000740
episode:664 steps:144 total_reward:150
random count 30 with epsilon:0.234400, lr:0.000738
episode:665 steps:149 total_reward:55
random count 39 with epsilon:0.234000, lr:0.000737
episode:666 steps:241 total_reward:200
random count 59 with epsilon:0.233600, lr:0.000735
episode:667 steps:224 total_reward:225
random count 46 with epsilon:0.233200, lr:0.000733
episode:668 steps:214 total_reward:205
random count 62 with epsilon:0.232800, lr:0.000731
episode:669 steps:157 total_reward:65
random count 33 with epsilon:0.232400, lr:0.000729
episode:670 steps:163 total_reward:60
random count 35 with epsilon:0.232000, lr:0.000727
episode:671 steps:129 total_reward:160
random count 29 with epsilon:0.231600, lr:0.000725
episode:672 steps:225 total_reward:160
random count 45 with epsilon:0.231200, lr:0.000723
episode:673 steps:235 total_reward:335
random count 57 with epsilon:0.230800, lr:0.000721
episode:674 steps:249 total_reward:200
random count 61 with epsilon:0.230400, lr:0.000719
episode:675 steps:146 total_reward:150
random count 41 with epsilon:0.230000, lr:0.000718
episode:676 steps:172 total_reward:85
random count 33 with epsilon:0.229600, lr:0.000716
episode:677 steps:136 total_reward:60
random count 34 with epsilon:0.229200, lr:0.000714
episode:678 steps:158 total_reward:75
random count 40 with epsilon:0.228800, lr:0.000712
episode:679 steps:154 total_reward:185
random count 32 with epsilon:0.228400, lr:0.000710
episode:680 steps:253 total_reward:325
random count 54 with epsilon:0.228000, lr:0.000708
episode:681 steps:129 total_reward:105
random count 27 with epsilon:0.227600, lr:0.000706
episode:682 steps:274 total_reward:395
random count 66 with epsilon:0.227200, lr:0.000704
episode:683 steps:195 total_reward:140
random count 50 with epsilon:0.226800, lr:0.000702
episode:684 steps:134 total_reward:55
random count 20 with epsilon:0.226400, lr:0.000700
episode:685 steps:181 total_reward:200
random count 47 with epsilon:0.226000, lr:0.000699
episode:686 steps:279 total_reward:295
random count 75 with epsilon:0.225600, lr:0.000697
episode:687 steps:171 total_reward:135
random count 33 with epsilon:0.225200, lr:0.000695
episode:688 steps:274 total_reward:230
random count 60 with epsilon:0.224800, lr:0.000693
episode:689 steps:305 total_reward:250
random count 74 with epsilon:0.224400, lr:0.000691
episode:690 steps:157 total_reward:110
random count 34 with epsilon:0.224000, lr:0.000689
episode:691 steps:183 total_reward:245
random count 37 with epsilon:0.223600, lr:0.000687
episode:692 steps:161 total_reward:190
random count 40 with epsilon:0.223200, lr:0.000685
episode:693 steps:274 total_reward:295
random count 62 with epsilon:0.222800, lr:0.000683
episode:694 steps:232 total_reward:395
random count 54 with epsilon:0.222400, lr:0.000681
episode:695 steps:171 total_reward:165
random count 32 with epsilon:0.222000, lr:0.000680
episode:696 steps:325 total_reward:385
random count 65 with epsilon:0.221600, lr:0.000678
episode:697 steps:174 total_reward:155
random count 42 with epsilon:0.221200, lr:0.000676
episode:698 steps:94 total_reward:105
random count 19 with epsilon:0.220800, lr:0.000674
episode:699 steps:198 total_reward:275
random count 57 with epsilon:0.220400, lr:0.000672
episode:700 steps:180 total_reward:175
random count 37 with epsilon:0.220000, lr:0.000670
Test episode: 700 Evaluation Average Reward: 260.0
episode:701 steps:99 total_reward:35
random count 19 with epsilon:0.219600, lr:0.000668
episode:702 steps:202 total_reward:125
random count 48 with epsilon:0.219200, lr:0.000666
episode:703 steps:235 total_reward:335
random count 53 with epsilon:0.218800, lr:0.000664
episode:704 steps:173 total_reward:285
random count 39 with epsilon:0.218400, lr:0.000662
episode:705 steps:159 total_reward:155
random count 42 with epsilon:0.218000, lr:0.000661
episode:706 steps:222 total_reward:220
random count 45 with epsilon:0.217600, lr:0.000659
episode:707 steps:262 total_reward:265
random count 50 with epsilon:0.217200, lr:0.000657
episode:708 steps:293 total_reward:345
random count 66 with epsilon:0.216800, lr:0.000655
episode:709 steps:161 total_reward:185
random count 34 with epsilon:0.216400, lr:0.000653
episode:710 steps:179 total_reward:170
random count 38 with epsilon:0.216000, lr:0.000651
episode:711 steps:186 total_reward:240
random count 38 with epsilon:0.215600, lr:0.000649
episode:712 steps:141 total_reward:110
random count 39 with epsilon:0.215200, lr:0.000647
episode:713 steps:94 total_reward:100
random count 18 with epsilon:0.214800, lr:0.000645
episode:714 steps:311 total_reward:435
random count 68 with epsilon:0.214400, lr:0.000643
episode:715 steps:177 total_reward:320
random count 32 with epsilon:0.214000, lr:0.000642
episode:716 steps:133 total_reward:105
random count 31 with epsilon:0.213600, lr:0.000640
episode:717 steps:103 total_reward:125
random count 15 with epsilon:0.213200, lr:0.000638
episode:718 steps:172 total_reward:155
random count 34 with epsilon:0.212800, lr:0.000636
episode:719 steps:159 total_reward:140
random count 27 with epsilon:0.212400, lr:0.000634
episode:720 steps:224 total_reward:125
random count 48 with epsilon:0.212000, lr:0.000632
episode:721 steps:111 total_reward:5
random count 31 with epsilon:0.211600, lr:0.000630
episode:722 steps:223 total_reward:305
random count 53 with epsilon:0.211200, lr:0.000628
episode:723 steps:168 total_reward:180
random count 38 with epsilon:0.210800, lr:0.000626
episode:724 steps:213 total_reward:300
random count 47 with epsilon:0.210400, lr:0.000624
episode:725 steps:325 total_reward:735
random count 70 with epsilon:0.210000, lr:0.000623
episode:726 steps:258 total_reward:200
random count 58 with epsilon:0.209600, lr:0.000621
episode:727 steps:345 total_reward:440
random count 79 with epsilon:0.209200, lr:0.000619
episode:728 steps:190 total_reward:165
random count 44 with epsilon:0.208800, lr:0.000617
episode:729 steps:309 total_reward:675
random count 66 with epsilon:0.208400, lr:0.000615
episode:730 steps:236 total_reward:285
random count 47 with epsilon:0.208000, lr:0.000613
episode:731 steps:217 total_reward:300
random count 42 with epsilon:0.207600, lr:0.000611
episode:732 steps:267 total_reward:450
random count 58 with epsilon:0.207200, lr:0.000609
episode:733 steps:159 total_reward:100
random count 28 with epsilon:0.206800, lr:0.000607
episode:734 steps:265 total_reward:440
random count 53 with epsilon:0.206400, lr:0.000605
episode:735 steps:307 total_reward:350
random count 64 with epsilon:0.206000, lr:0.000604
episode:736 steps:113 total_reward:75
random count 33 with epsilon:0.205600, lr:0.000602
episode:737 steps:324 total_reward:300
random count 58 with epsilon:0.205200, lr:0.000600
episode:738 steps:203 total_reward:230
random count 38 with epsilon:0.204800, lr:0.000598
episode:739 steps:135 total_reward:105
random count 25 with epsilon:0.204400, lr:0.000596
episode:740 steps:230 total_reward:250
random count 48 with epsilon:0.204000, lr:0.000594
episode:741 steps:215 total_reward:240
random count 47 with epsilon:0.203600, lr:0.000592
episode:742 steps:194 total_reward:125
random count 46 with epsilon:0.203200, lr:0.000590
episode:743 steps:523 total_reward:835
random count 107 with epsilon:0.202800, lr:0.000588
episode:744 steps:94 total_reward:65
random count 14 with epsilon:0.202400, lr:0.000586
episode:745 steps:328 total_reward:390
random count 46 with epsilon:0.202000, lr:0.000585
episode:746 steps:328 total_reward:205
random count 64 with epsilon:0.201600, lr:0.000583
episode:747 steps:161 total_reward:180
random count 31 with epsilon:0.201200, lr:0.000581
episode:748 steps:231 total_reward:215
random count 37 with epsilon:0.200800, lr:0.000579
episode:749 steps:296 total_reward:290
random count 56 with epsilon:0.200400, lr:0.000577
episode:750 steps:406 total_reward:455
random count 80 with epsilon:0.200000, lr:0.000575
episode:751 steps:175 total_reward:230
random count 40 with epsilon:0.199600, lr:0.000573
episode:752 steps:121 total_reward:35
random count 33 with epsilon:0.199200, lr:0.000571
episode:753 steps:190 total_reward:175
random count 32 with epsilon:0.198800, lr:0.000569
episode:754 steps:367 total_reward:415
random count 86 with epsilon:0.198400, lr:0.000567
episode:755 steps:202 total_reward:215
random count 47 with epsilon:0.198000, lr:0.000566
episode:756 steps:122 total_reward:90
random count 25 with epsilon:0.197600, lr:0.000564
episode:757 steps:90 total_reward:100
random count 16 with epsilon:0.197200, lr:0.000562
episode:758 steps:202 total_reward:180
random count 36 with epsilon:0.196800, lr:0.000560
episode:759 steps:172 total_reward:145
random count 32 with epsilon:0.196400, lr:0.000558
episode:760 steps:270 total_reward:240
random count 51 with epsilon:0.196000, lr:0.000556
episode:761 steps:130 total_reward:105
random count 31 with epsilon:0.195600, lr:0.000554
episode:762 steps:204 total_reward:155
random count 47 with epsilon:0.195200, lr:0.000552
episode:763 steps:174 total_reward:95
random count 41 with epsilon:0.194800, lr:0.000550
episode:764 steps:258 total_reward:280
random count 45 with epsilon:0.194400, lr:0.000548
episode:765 steps:197 total_reward:300
random count 40 with epsilon:0.194000, lr:0.000547
episode:766 steps:244 total_reward:350
random count 70 with epsilon:0.193600, lr:0.000545
episode:767 steps:179 total_reward:145
random count 37 with epsilon:0.193200, lr:0.000543
episode:768 steps:227 total_reward:185
random count 51 with epsilon:0.192800, lr:0.000541
episode:769 steps:231 total_reward:485
random count 28 with epsilon:0.192400, lr:0.000539
episode:770 steps:194 total_reward:470
random count 36 with epsilon:0.192000, lr:0.000537
episode:771 steps:126 total_reward:35
random count 21 with epsilon:0.191600, lr:0.000535
episode:772 steps:205 total_reward:240
random count 40 with epsilon:0.191200, lr:0.000533
episode:773 steps:338 total_reward:495
random count 60 with epsilon:0.190800, lr:0.000531
episode:774 steps:93 total_reward:55
random count 12 with epsilon:0.190400, lr:0.000529
episode:775 steps:152 total_reward:120
random count 21 with epsilon:0.190000, lr:0.000528
episode:776 steps:196 total_reward:295
random count 31 with epsilon:0.189600, lr:0.000526
episode:777 steps:226 total_reward:185
random count 52 with epsilon:0.189200, lr:0.000524
episode:778 steps:109 total_reward:85
random count 19 with epsilon:0.188800, lr:0.000522
episode:779 steps:152 total_reward:95
random count 32 with epsilon:0.188400, lr:0.000520
episode:780 steps:189 total_reward:90
random count 38 with epsilon:0.188000, lr:0.000518
episode:781 steps:262 total_reward:460
random count 52 with epsilon:0.187600, lr:0.000516
episode:782 steps:200 total_reward:235
random count 43 with epsilon:0.187200, lr:0.000514
episode:783 steps:225 total_reward:185
random count 45 with epsilon:0.186800, lr:0.000512
episode:784 steps:158 total_reward:130
random count 30 with epsilon:0.186400, lr:0.000510
episode:785 steps:116 total_reward:80
random count 18 with epsilon:0.186000, lr:0.000509
episode:786 steps:263 total_reward:400
random count 38 with epsilon:0.185600, lr:0.000507
episode:787 steps:171 total_reward:145
random count 22 with epsilon:0.185200, lr:0.000505
episode:788 steps:213 total_reward:260
random count 40 with epsilon:0.184800, lr:0.000503
episode:789 steps:199 total_reward:275
random count 39 with epsilon:0.184400, lr:0.000501
episode:790 steps:120 total_reward:75
random count 21 with epsilon:0.184000, lr:0.000499
episode:791 steps:97 total_reward:45
random count 6 with epsilon:0.183600, lr:0.000497
episode:792 steps:126 total_reward:115
random count 22 with epsilon:0.183200, lr:0.000495
episode:793 steps:277 total_reward:325
random count 51 with epsilon:0.182800, lr:0.000493
episode:794 steps:169 total_reward:110
random count 34 with epsilon:0.182400, lr:0.000491
episode:795 steps:272 total_reward:320
random count 52 with epsilon:0.182000, lr:0.000490
episode:796 steps:230 total_reward:330
random count 44 with epsilon:0.181600, lr:0.000488
episode:797 steps:186 total_reward:95
random count 28 with epsilon:0.181200, lr:0.000486
episode:798 steps:106 total_reward:50
random count 10 with epsilon:0.180800, lr:0.000484
episode:799 steps:233 total_reward:175
random count 47 with epsilon:0.180400, lr:0.000482
episode:800 steps:208 total_reward:460
random count 47 with epsilon:0.180000, lr:0.000480
Test episode: 800 Evaluation Average Reward: 305.0
episode:801 steps:276 total_reward:510
random count 51 with epsilon:0.179600, lr:0.000478
episode:802 steps:134 total_reward:60
random count 24 with epsilon:0.179200, lr:0.000476
episode:803 steps:218 total_reward:230
random count 49 with epsilon:0.178800, lr:0.000474
episode:804 steps:180 total_reward:165
random count 32 with epsilon:0.178400, lr:0.000472
episode:805 steps:156 total_reward:115
random count 18 with epsilon:0.178000, lr:0.000471
episode:806 steps:240 total_reward:245
random count 34 with epsilon:0.177600, lr:0.000469
episode:807 steps:191 total_reward:220
random count 27 with epsilon:0.177200, lr:0.000467
episode:808 steps:292 total_reward:215
random count 39 with epsilon:0.176800, lr:0.000465
episode:809 steps:211 total_reward:170
random count 41 with epsilon:0.176400, lr:0.000463
episode:810 steps:93 total_reward:50
random count 16 with epsilon:0.176000, lr:0.000461
episode:811 steps:154 total_reward:185
random count 23 with epsilon:0.175600, lr:0.000459
episode:812 steps:128 total_reward:100
random count 15 with epsilon:0.175200, lr:0.000457
episode:813 steps:345 total_reward:615
random count 50 with epsilon:0.174800, lr:0.000455
episode:814 steps:152 total_reward:60
random count 30 with epsilon:0.174400, lr:0.000453
episode:815 steps:264 total_reward:130
random count 40 with epsilon:0.174000, lr:0.000452
episode:816 steps:124 total_reward:80
random count 21 with epsilon:0.173600, lr:0.000450
episode:817 steps:247 total_reward:400
random count 38 with epsilon:0.173200, lr:0.000448
episode:818 steps:392 total_reward:540
random count 74 with epsilon:0.172800, lr:0.000446
episode:819 steps:99 total_reward:65
random count 13 with epsilon:0.172400, lr:0.000444
episode:820 steps:95 total_reward:60
random count 14 with epsilon:0.172000, lr:0.000442
episode:821 steps:203 total_reward:180
random count 28 with epsilon:0.171600, lr:0.000440
episode:822 steps:146 total_reward:175
random count 28 with epsilon:0.171200, lr:0.000438
episode:823 steps:316 total_reward:375
random count 62 with epsilon:0.170800, lr:0.000436
episode:824 steps:199 total_reward:200
random count 36 with epsilon:0.170400, lr:0.000434
episode:825 steps:155 total_reward:125
random count 31 with epsilon:0.170000, lr:0.000433
episode:826 steps:133 total_reward:110
random count 20 with epsilon:0.169600, lr:0.000431
episode:827 steps:134 total_reward:80
random count 21 with epsilon:0.169200, lr:0.000429
episode:828 steps:204 total_reward:255
random count 33 with epsilon:0.168800, lr:0.000427
episode:829 steps:259 total_reward:290
random count 40 with epsilon:0.168400, lr:0.000425
episode:830 steps:159 total_reward:85
random count 35 with epsilon:0.168000, lr:0.000423
episode:831 steps:93 total_reward:70
random count 16 with epsilon:0.167600, lr:0.000421
episode:832 steps:126 total_reward:100
random count 23 with epsilon:0.167200, lr:0.000419
episode:833 steps:225 total_reward:260
random count 37 with epsilon:0.166800, lr:0.000417
episode:834 steps:208 total_reward:270
random count 38 with epsilon:0.166400, lr:0.000415
episode:835 steps:93 total_reward:85
random count 17 with epsilon:0.166000, lr:0.000414
episode:836 steps:116 total_reward:140
random count 13 with epsilon:0.165600, lr:0.000412
episode:837 steps:169 total_reward:105
random count 29 with epsilon:0.165200, lr:0.000410
episode:838 steps:87 total_reward:75
random count 13 with epsilon:0.164800, lr:0.000408
episode:839 steps:230 total_reward:240
random count 43 with epsilon:0.164400, lr:0.000406
episode:840 steps:274 total_reward:215
random count 34 with epsilon:0.164000, lr:0.000404
episode:841 steps:295 total_reward:395
random count 47 with epsilon:0.163600, lr:0.000402
episode:842 steps:224 total_reward:200
random count 29 with epsilon:0.163200, lr:0.000400
episode:843 steps:329 total_reward:460
random count 49 with epsilon:0.162800, lr:0.000398
episode:844 steps:111 total_reward:100
random count 21 with epsilon:0.162400, lr:0.000396
episode:845 steps:158 total_reward:45
random count 32 with epsilon:0.162000, lr:0.000395
episode:846 steps:272 total_reward:140
random count 30 with epsilon:0.161600, lr:0.000393
episode:847 steps:167 total_reward:115
random count 25 with epsilon:0.161200, lr:0.000391
episode:848 steps:159 total_reward:50
random count 22 with epsilon:0.160800, lr:0.000389
episode:849 steps:150 total_reward:65
random count 28 with epsilon:0.160400, lr:0.000387
episode:850 steps:168 total_reward:140
random count 26 with epsilon:0.160000, lr:0.000385
episode:851 steps:358 total_reward:415
random count 51 with epsilon:0.159600, lr:0.000383
episode:852 steps:127 total_reward:45
random count 29 with epsilon:0.159200, lr:0.000381
episode:853 steps:163 total_reward:140
random count 29 with epsilon:0.158800, lr:0.000379
episode:854 steps:251 total_reward:140
random count 36 with epsilon:0.158400, lr:0.000377
episode:855 steps:203 total_reward:155
random count 35 with epsilon:0.158000, lr:0.000376
episode:856 steps:271 total_reward:310
random count 40 with epsilon:0.157600, lr:0.000374
episode:857 steps:301 total_reward:280
random count 48 with epsilon:0.157200, lr:0.000372
episode:858 steps:234 total_reward:205
random count 31 with epsilon:0.156800, lr:0.000370
episode:859 steps:229 total_reward:265
random count 35 with epsilon:0.156400, lr:0.000368
episode:860 steps:292 total_reward:425
random count 39 with epsilon:0.156000, lr:0.000366
episode:861 steps:147 total_reward:70
random count 28 with epsilon:0.155600, lr:0.000364
episode:862 steps:335 total_reward:505
random count 54 with epsilon:0.155200, lr:0.000362
episode:863 steps:161 total_reward:185
random count 23 with epsilon:0.154800, lr:0.000360
episode:864 steps:168 total_reward:175
random count 25 with epsilon:0.154400, lr:0.000358
episode:865 steps:158 total_reward:45
random count 24 with epsilon:0.154000, lr:0.000357
episode:866 steps:171 total_reward:415
random count 27 with epsilon:0.153600, lr:0.000355
episode:867 steps:158 total_reward:100
random count 30 with epsilon:0.153200, lr:0.000353
episode:868 steps:164 total_reward:185
random count 20 with epsilon:0.152800, lr:0.000351
episode:869 steps:212 total_reward:165
random count 33 with epsilon:0.152400, lr:0.000349
episode:870 steps:228 total_reward:195
random count 36 with epsilon:0.152000, lr:0.000347
episode:871 steps:124 total_reward:135
random count 11 with epsilon:0.151600, lr:0.000345
episode:872 steps:172 total_reward:185
random count 28 with epsilon:0.151200, lr:0.000343
episode:873 steps:243 total_reward:410
random count 42 with epsilon:0.150800, lr:0.000341
episode:874 steps:171 total_reward:120
random count 20 with epsilon:0.150400, lr:0.000339
episode:875 steps:333 total_reward:260
random count 42 with epsilon:0.150000, lr:0.000338
episode:876 steps:219 total_reward:150
random count 30 with epsilon:0.149600, lr:0.000336
episode:877 steps:252 total_reward:170
random count 32 with epsilon:0.149200, lr:0.000334
episode:878 steps:101 total_reward:75
random count 17 with epsilon:0.148800, lr:0.000332
episode:879 steps:227 total_reward:190
random count 23 with epsilon:0.148400, lr:0.000330
episode:880 steps:331 total_reward:230
random count 36 with epsilon:0.148000, lr:0.000328
episode:881 steps:129 total_reward:100
random count 17 with epsilon:0.147600, lr:0.000326
episode:882 steps:219 total_reward:305
random count 40 with epsilon:0.147200, lr:0.000324
episode:883 steps:302 total_reward:360
random count 45 with epsilon:0.146800, lr:0.000322
episode:884 steps:258 total_reward:445
random count 31 with epsilon:0.146400, lr:0.000320
episode:885 steps:93 total_reward:110
random count 18 with epsilon:0.146000, lr:0.000319
episode:886 steps:163 total_reward:350
random count 30 with epsilon:0.145600, lr:0.000317
episode:887 steps:238 total_reward:220
random count 32 with epsilon:0.145200, lr:0.000315
episode:888 steps:160 total_reward:105
random count 31 with epsilon:0.144800, lr:0.000313
episode:889 steps:170 total_reward:110
random count 26 with epsilon:0.144400, lr:0.000311
episode:890 steps:123 total_reward:105
random count 16 with epsilon:0.144000, lr:0.000309
episode:891 steps:281 total_reward:520
random count 44 with epsilon:0.143600, lr:0.000307
episode:892 steps:172 total_reward:110
random count 23 with epsilon:0.143200, lr:0.000305
episode:893 steps:143 total_reward:105
random count 15 with epsilon:0.142800, lr:0.000303
episode:894 steps:177 total_reward:155
random count 19 with epsilon:0.142400, lr:0.000301
episode:895 steps:160 total_reward:175
random count 24 with epsilon:0.142000, lr:0.000300
episode:896 steps:152 total_reward:155
random count 19 with epsilon:0.141600, lr:0.000298
episode:897 steps:173 total_reward:90
random count 29 with epsilon:0.141200, lr:0.000296
episode:898 steps:151 total_reward:150
random count 19 with epsilon:0.140800, lr:0.000294
episode:899 steps:236 total_reward:410
random count 33 with epsilon:0.140400, lr:0.000292
episode:900 steps:269 total_reward:395
random count 41 with epsilon:0.140000, lr:0.000290
Test episode: 900 Evaluation Average Reward: 255.0
episode:901 steps:188 total_reward:265
random count 29 with epsilon:0.139600, lr:0.000288
episode:902 steps:214 total_reward:185
random count 29 with epsilon:0.139200, lr:0.000286
episode:903 steps:276 total_reward:520
random count 32 with epsilon:0.138800, lr:0.000284
episode:904 steps:93 total_reward:55
random count 12 with epsilon:0.138400, lr:0.000282
episode:905 steps:170 total_reward:115
random count 20 with epsilon:0.138000, lr:0.000281
episode:906 steps:101 total_reward:45
random count 11 with epsilon:0.137600, lr:0.000279
episode:907 steps:325 total_reward:305
random count 47 with epsilon:0.137200, lr:0.000277
episode:908 steps:170 total_reward:130
random count 29 with epsilon:0.136800, lr:0.000275
episode:909 steps:96 total_reward:35
random count 11 with epsilon:0.136400, lr:0.000273
episode:910 steps:164 total_reward:135
random count 16 with epsilon:0.136000, lr:0.000271
episode:911 steps:165 total_reward:115
random count 20 with epsilon:0.135600, lr:0.000269
episode:912 steps:324 total_reward:225
random count 44 with epsilon:0.135200, lr:0.000267
episode:913 steps:81 total_reward:50
random count 9 with epsilon:0.134800, lr:0.000265
episode:914 steps:179 total_reward:195
random count 27 with epsilon:0.134400, lr:0.000263
episode:915 steps:258 total_reward:245
random count 47 with epsilon:0.134000, lr:0.000262
episode:916 steps:504 total_reward:370
random count 62 with epsilon:0.133600, lr:0.000260
episode:917 steps:320 total_reward:275
random count 38 with epsilon:0.133200, lr:0.000258
episode:918 steps:155 total_reward:125
random count 25 with epsilon:0.132800, lr:0.000256
episode:919 steps:191 total_reward:225
random count 28 with epsilon:0.132400, lr:0.000254
episode:920 steps:168 total_reward:85
random count 15 with epsilon:0.132000, lr:0.000252
episode:921 steps:192 total_reward:300
random count 27 with epsilon:0.131600, lr:0.000250
episode:922 steps:204 total_reward:165
random count 28 with epsilon:0.131200, lr:0.000248
episode:923 steps:282 total_reward:200
random count 36 with epsilon:0.130800, lr:0.000246
episode:924 steps:97 total_reward:80
random count 12 with epsilon:0.130400, lr:0.000244
episode:925 steps:217 total_reward:110
random count 28 with epsilon:0.130000, lr:0.000243
episode:926 steps:159 total_reward:45
random count 16 with epsilon:0.129600, lr:0.000241
episode:927 steps:331 total_reward:505
random count 49 with epsilon:0.129200, lr:0.000239
episode:928 steps:238 total_reward:160
random count 33 with epsilon:0.128800, lr:0.000237
episode:929 steps:114 total_reward:80
random count 18 with epsilon:0.128400, lr:0.000235
episode:930 steps:179 total_reward:105
random count 24 with epsilon:0.128000, lr:0.000233
episode:931 steps:226 total_reward:145
random count 33 with epsilon:0.127600, lr:0.000231
episode:932 steps:158 total_reward:70
random count 14 with epsilon:0.127200, lr:0.000229
episode:933 steps:278 total_reward:415
random count 36 with epsilon:0.126800, lr:0.000227
episode:934 steps:180 total_reward:150
random count 24 with epsilon:0.126400, lr:0.000225
episode:935 steps:236 total_reward:255
random count 28 with epsilon:0.126000, lr:0.000224
episode:936 steps:187 total_reward:110
random count 23 with epsilon:0.125600, lr:0.000222
episode:937 steps:311 total_reward:155
random count 38 with epsilon:0.125200, lr:0.000220
episode:938 steps:156 total_reward:80
random count 14 with epsilon:0.124800, lr:0.000218
episode:939 steps:124 total_reward:105
random count 18 with epsilon:0.124400, lr:0.000216
episode:940 steps:309 total_reward:175
random count 43 with epsilon:0.124000, lr:0.000214
episode:941 steps:156 total_reward:300
random count 24 with epsilon:0.123600, lr:0.000212
episode:942 steps:380 total_reward:385
random count 50 with epsilon:0.123200, lr:0.000210
episode:943 steps:280 total_reward:155
random count 29 with epsilon:0.122800, lr:0.000208
episode:944 steps:277 total_reward:285
random count 35 with epsilon:0.122400, lr:0.000206
episode:945 steps:135 total_reward:30
random count 8 with epsilon:0.122000, lr:0.000205
episode:946 steps:403 total_reward:330
random count 49 with epsilon:0.121600, lr:0.000203
episode:947 steps:198 total_reward:175
random count 24 with epsilon:0.121200, lr:0.000201
episode:948 steps:380 total_reward:340
random count 41 with epsilon:0.120800, lr:0.000199
episode:949 steps:166 total_reward:210
random count 17 with epsilon:0.120400, lr:0.000197
episode:950 steps:99 total_reward:70
random count 6 with epsilon:0.120000, lr:0.000195
episode:951 steps:197 total_reward:105
random count 33 with epsilon:0.119600, lr:0.000193
episode:952 steps:247 total_reward:110
random count 34 with epsilon:0.119200, lr:0.000191
episode:953 steps:390 total_reward:550
random count 49 with epsilon:0.118800, lr:0.000189
episode:954 steps:163 total_reward:105
random count 22 with epsilon:0.118400, lr:0.000187
episode:955 steps:125 total_reward:150
random count 17 with epsilon:0.118000, lr:0.000186
episode:956 steps:233 total_reward:210
random count 31 with epsilon:0.117600, lr:0.000184
episode:957 steps:136 total_reward:75
random count 16 with epsilon:0.117200, lr:0.000182
episode:958 steps:299 total_reward:475
random count 37 with epsilon:0.116800, lr:0.000180
episode:959 steps:154 total_reward:110
random count 19 with epsilon:0.116400, lr:0.000178
episode:960 steps:233 total_reward:165
random count 35 with epsilon:0.116000, lr:0.000176
episode:961 steps:210 total_reward:125
random count 35 with epsilon:0.115600, lr:0.000174
episode:962 steps:207 total_reward:210
random count 21 with epsilon:0.115200, lr:0.000172
episode:963 steps:176 total_reward:130
random count 26 with epsilon:0.114800, lr:0.000170
episode:964 steps:179 total_reward:155
random count 16 with epsilon:0.114400, lr:0.000168
episode:965 steps:388 total_reward:480
random count 40 with epsilon:0.114000, lr:0.000167
episode:966 steps:212 total_reward:210
random count 18 with epsilon:0.113600, lr:0.000165
episode:967 steps:97 total_reward:80
random count 11 with epsilon:0.113200, lr:0.000163
episode:968 steps:199 total_reward:320
random count 26 with epsilon:0.112800, lr:0.000161
episode:969 steps:97 total_reward:80
random count 12 with epsilon:0.112400, lr:0.000159
episode:970 steps:225 total_reward:215
random count 31 with epsilon:0.112000, lr:0.000157
episode:971 steps:188 total_reward:105
random count 22 with epsilon:0.111600, lr:0.000155
episode:972 steps:231 total_reward:155
random count 28 with epsilon:0.111200, lr:0.000153
episode:973 steps:169 total_reward:305
random count 24 with epsilon:0.110800, lr:0.000151
episode:974 steps:208 total_reward:135
random count 28 with epsilon:0.110400, lr:0.000149
episode:975 steps:97 total_reward:80
random count 12 with epsilon:0.110000, lr:0.000148
episode:976 steps:280 total_reward:340
random count 36 with epsilon:0.109600, lr:0.000146
episode:977 steps:91 total_reward:15
random count 10 with epsilon:0.109200, lr:0.000144
episode:978 steps:214 total_reward:155
random count 26 with epsilon:0.108800, lr:0.000142
episode:979 steps:155 total_reward:60
random count 23 with epsilon:0.108400, lr:0.000140
episode:980 steps:148 total_reward:80
random count 12 with epsilon:0.108000, lr:0.000138
episode:981 steps:200 total_reward:390
random count 18 with epsilon:0.107600, lr:0.000136
episode:982 steps:124 total_reward:75
random count 17 with epsilon:0.107200, lr:0.000134
episode:983 steps:284 total_reward:255
random count 31 with epsilon:0.106800, lr:0.000132
episode:984 steps:147 total_reward:125
random count 16 with epsilon:0.106400, lr:0.000130
episode:985 steps:174 total_reward:110
random count 16 with epsilon:0.106000, lr:0.000129
episode:986 steps:128 total_reward:70
random count 13 with epsilon:0.105600, lr:0.000127
episode:987 steps:164 total_reward:170
random count 16 with epsilon:0.105200, lr:0.000125
episode:988 steps:229 total_reward:410
random count 22 with epsilon:0.104800, lr:0.000123
episode:989 steps:158 total_reward:65
random count 15 with epsilon:0.104400, lr:0.000121
episode:990 steps:137 total_reward:80
random count 20 with epsilon:0.104000, lr:0.000119
episode:991 steps:279 total_reward:355
random count 29 with epsilon:0.103600, lr:0.000117
episode:992 steps:213 total_reward:275
random count 17 with epsilon:0.103200, lr:0.000115
episode:993 steps:98 total_reward:75
random count 5 with epsilon:0.102800, lr:0.000113
episode:994 steps:114 total_reward:55
random count 14 with epsilon:0.102400, lr:0.000111
episode:995 steps:164 total_reward:415
random count 15 with epsilon:0.102000, lr:0.000110
episode:996 steps:151 total_reward:105
random count 25 with epsilon:0.101600, lr:0.000108
episode:997 steps:140 total_reward:40
random count 15 with epsilon:0.101200, lr:0.000106
episode:998 steps:107 total_reward:50
random count 9 with epsilon:0.100800, lr:0.000104
episode:999 steps:289 total_reward:460
random count 28 with epsilon:0.100400, lr:0.000102
[5, 5, 5, 5, 5, 5, 5, 5, 5, 5, 5, 5, 5, 5, 5, 5, 5, 5, 5, 5, 5, 5, 5, 5, 5, 5, 4, 4, 4, 1, 1, 1, 1, 1, 1, 1, 1, 1, 1, 1, 1, 1, 1, 1, 1, 1, 1, 4, 1, 1, 1, 1, 1, 1, 1, 1, 1, 1, 4, 5, 5, 5, 5, 5, 4, 4, 5, 5, 5, 5, 5, 5, 5, 5, 5, 5, 2, 5, 5, 5, 5, 5, 5, 5, 5, 5, 5, 5, 5, 2, 2, 2, 2, 2, 2, 2, 5, 5, 5, 5, 5, 4, 4, 4, 1, 1, 1, 1, 1, 1, 1, 1, 1, 1, 1, 1, 1, 1, 1, 1, 1, 1, 1, 1, 1, 1, 4, 0, 5, 5, 5, 0, 0, 2, 2, 2, 2, 2, 2, 2, 2, 2, 2, 2, 2, 2, 2, 2, 2, 2, 2, 5, 5, 5, 2, 5, 5, 2, 2, 5, 5, 5, 5, 5, 5, 5, 5, 5, 5, 5, 5, 5, 5, 5, 5, 2, 2, 2, 2, 2, 2, 2, 2, 2, 2, 2, 2, 2, 2, 2, 2, 2, 2, 2, 2, 5, 2, 2, 2, 5, 5, 5, 5, 4, 4, 4, 1, 1, 1, 1, 1, 1, 1, 1, 1, 1, 1, 1, 1, 1, 1, 1, 1, 1, 0, 0, 0, 5, 0, 0, 0, 0, 0, 0, 0, 0, 0, 0, 5, 5, 5, 0, 0, 5, 5, 5, 5, 5, 2, 5, 5, 0, 0, 2, 0, 2, 1, 0, 0, 5, 0, 5, 0, 0, 0, 0, 0, 1, 1, 1, 1, 1, 1, 4, 4, 5, 5, 5, 5, 5, 5, 5, 5, 5, 4, 1, 1, 4, 5, 4, 4, 5, 5, 4, 1, 1, 1, 0, 1, 4, 1, 5, 5, 2, 2, 0, 2, 0, 0, 1, 0, 0, 0, 0, 0, 0, 0, 0, 0, 0, 0, 0, 0]
show result steps 323 reward 535
