nohup: ignoring input
state:7056 action:6
2018-01-05 18:21:44.954770: W tensorflow/core/platform/cpu_feature_guard.cc:45] The TensorFlow library wasn't compiled to use SSE4.1 instructions, but these are available on your machine and could speed up CPU computations.
2018-01-05 18:21:44.954790: W tensorflow/core/platform/cpu_feature_guard.cc:45] The TensorFlow library wasn't compiled to use SSE4.2 instructions, but these are available on your machine and could speed up CPU computations.
2018-01-05 18:21:44.954795: W tensorflow/core/platform/cpu_feature_guard.cc:45] The TensorFlow library wasn't compiled to use AVX instructions, but these are available on your machine and could speed up CPU computations.
2018-01-05 18:21:44.954799: W tensorflow/core/platform/cpu_feature_guard.cc:45] The TensorFlow library wasn't compiled to use AVX2 instructions, but these are available on your machine and could speed up CPU computations.
2018-01-05 18:21:44.954803: W tensorflow/core/platform/cpu_feature_guard.cc:45] The TensorFlow library wasn't compiled to use FMA instructions, but these are available on your machine and could speed up CPU computations.
2018-01-05 18:21:45.863470: I tensorflow/core/common_runtime/gpu/gpu_device.cc:938] Found device 0 with properties: 
name: GeForce GTX TITAN X
major: 5 minor: 2 memoryClockRate (GHz) 1.076
pciBusID 0000:03:00.0
Total memory: 11.92GiB
Free memory: 11.81GiB
2018-01-05 18:21:45.863504: I tensorflow/core/common_runtime/gpu/gpu_device.cc:959] DMA: 0 
2018-01-05 18:21:45.863510: I tensorflow/core/common_runtime/gpu/gpu_device.cc:969] 0:   Y 
2018-01-05 18:21:45.863522: I tensorflow/core/common_runtime/gpu/gpu_device.cc:1028] Creating TensorFlow device (/gpu:0) -> (device: 0, name: GeForce GTX TITAN X, pci bus id: 0000:03:00.0)
1. Direct Input: 		(?, 84, 84, 1)
2. Conv1 			(?, 21, 21, 16)
3. Conv2 			(?, 11, 11, 32)
4.1 Reshape before Affine1 	(?, 3872)
4.2 Affine1 			(?, 256)
4.3 Dropout 			(?, 256)
5. Affine2 			(?, 6)
/home/liurygo/anaconda2/lib/python2.7/site-packages/skimage/transform/_warps.py:84: UserWarning: The default mode, 'constant', will be changed to 'reflect' in skimage 0.15.
  warn("The default mode, 'constant', will be changed to 'reflect' in "
episode:0 steps:909 total_reward:315
random count 909 with epsilon:1.000000, lr:0.002000
episode:1 steps:691 total_reward:135
random count 691 with epsilon:0.999100, lr:0.001998
episode:2 steps:707 total_reward:155
random count 707 with epsilon:0.998200, lr:0.001996
episode:3 steps:769 total_reward:115
random count 767 with epsilon:0.997300, lr:0.001994
episode:4 steps:735 total_reward:135
random count 732 with epsilon:0.996400, lr:0.001992
episode:5 steps:434 total_reward:5
random count 432 with epsilon:0.995500, lr:0.001991
episode:6 steps:749 total_reward:180
random count 745 with epsilon:0.994600, lr:0.001989
episode:7 steps:732 total_reward:210
random count 727 with epsilon:0.993700, lr:0.001987
episode:8 steps:689 total_reward:80
random count 682 with epsilon:0.992800, lr:0.001985
episode:9 steps:700 total_reward:155
random count 690 with epsilon:0.991900, lr:0.001983
episode:10 steps:671 total_reward:115
random count 663 with epsilon:0.991000, lr:0.001981
episode:11 steps:570 total_reward:55
random count 563 with epsilon:0.990100, lr:0.001979
episode:12 steps:754 total_reward:110
random count 749 with epsilon:0.989200, lr:0.001977
episode:13 steps:573 total_reward:120
random count 566 with epsilon:0.988300, lr:0.001975
episode:14 steps:649 total_reward:210
random count 641 with epsilon:0.987400, lr:0.001973
episode:15 steps:881 total_reward:275
random count 875 with epsilon:0.986500, lr:0.001972
episode:16 steps:1000 total_reward:210
random count 991 with epsilon:0.985600, lr:0.001970
episode:17 steps:879 total_reward:210
random count 870 with epsilon:0.984700, lr:0.001968
episode:18 steps:653 total_reward:105
random count 645 with epsilon:0.983800, lr:0.001966
episode:19 steps:424 total_reward:135
random count 418 with epsilon:0.982900, lr:0.001964
episode:20 steps:1000 total_reward:275
random count 977 with epsilon:0.982000, lr:0.001962
episode:21 steps:533 total_reward:110
random count 526 with epsilon:0.981100, lr:0.001960
episode:22 steps:1000 total_reward:260
random count 977 with epsilon:0.980200, lr:0.001958
episode:23 steps:575 total_reward:135
random count 561 with epsilon:0.979300, lr:0.001956
episode:24 steps:671 total_reward:120
random count 655 with epsilon:0.978400, lr:0.001954
episode:25 steps:1000 total_reward:235
random count 983 with epsilon:0.977500, lr:0.001953
episode:26 steps:685 total_reward:40
random count 665 with epsilon:0.976600, lr:0.001951
episode:27 steps:382 total_reward:35
random count 370 with epsilon:0.975700, lr:0.001949
episode:28 steps:991 total_reward:395
random count 971 with epsilon:0.974800, lr:0.001947
episode:29 steps:619 total_reward:135
random count 599 with epsilon:0.973900, lr:0.001945
episode:30 steps:734 total_reward:210
random count 710 with epsilon:0.973000, lr:0.001943
episode:31 steps:953 total_reward:370
random count 927 with epsilon:0.972100, lr:0.001941
episode:32 steps:597 total_reward:20
random count 588 with epsilon:0.971200, lr:0.001939
episode:33 steps:578 total_reward:120
random count 563 with epsilon:0.970300, lr:0.001937
episode:34 steps:525 total_reward:35
random count 508 with epsilon:0.969400, lr:0.001935
episode:35 steps:780 total_reward:150
random count 751 with epsilon:0.968500, lr:0.001934
episode:36 steps:683 total_reward:135
random count 660 with epsilon:0.967600, lr:0.001932
episode:37 steps:636 total_reward:165
random count 613 with epsilon:0.966700, lr:0.001930
episode:38 steps:705 total_reward:180
random count 673 with epsilon:0.965800, lr:0.001928
episode:39 steps:588 total_reward:165
random count 569 with epsilon:0.964900, lr:0.001926
episode:40 steps:760 total_reward:225
random count 738 with epsilon:0.964000, lr:0.001924
episode:41 steps:595 total_reward:125
random count 570 with epsilon:0.963100, lr:0.001922
episode:42 steps:571 total_reward:155
random count 551 with epsilon:0.962200, lr:0.001920
episode:43 steps:753 total_reward:150
random count 724 with epsilon:0.961300, lr:0.001918
episode:44 steps:512 total_reward:155
random count 491 with epsilon:0.960400, lr:0.001916
episode:45 steps:1000 total_reward:210
random count 955 with epsilon:0.959500, lr:0.001915
episode:46 steps:860 total_reward:325
random count 822 with epsilon:0.958600, lr:0.001913
episode:47 steps:561 total_reward:105
random count 539 with epsilon:0.957700, lr:0.001911
episode:48 steps:784 total_reward:410
random count 754 with epsilon:0.956800, lr:0.001909
episode:49 steps:881 total_reward:190
random count 847 with epsilon:0.955900, lr:0.001907
episode:50 steps:803 total_reward:155
random count 768 with epsilon:0.955000, lr:0.001905
episode:51 steps:671 total_reward:120
random count 634 with epsilon:0.954100, lr:0.001903
episode:52 steps:1000 total_reward:155
random count 959 with epsilon:0.953200, lr:0.001901
episode:53 steps:626 total_reward:90
random count 606 with epsilon:0.952300, lr:0.001899
episode:54 steps:560 total_reward:35
random count 539 with epsilon:0.951400, lr:0.001897
episode:55 steps:1000 total_reward:585
random count 940 with epsilon:0.950500, lr:0.001896
episode:56 steps:639 total_reward:90
random count 605 with epsilon:0.949600, lr:0.001894
episode:57 steps:855 total_reward:125
random count 814 with epsilon:0.948700, lr:0.001892
episode:58 steps:1000 total_reward:430
random count 947 with epsilon:0.947800, lr:0.001890
episode:59 steps:688 total_reward:135
random count 650 with epsilon:0.946900, lr:0.001888
episode:60 steps:1000 total_reward:285
random count 953 with epsilon:0.946000, lr:0.001886
episode:61 steps:566 total_reward:150
random count 534 with epsilon:0.945100, lr:0.001884
episode:62 steps:515 total_reward:165
random count 496 with epsilon:0.944200, lr:0.001882
episode:63 steps:877 total_reward:245
random count 832 with epsilon:0.943300, lr:0.001880
episode:64 steps:791 total_reward:140
random count 752 with epsilon:0.942400, lr:0.001878
episode:65 steps:627 total_reward:110
random count 589 with epsilon:0.941500, lr:0.001877
episode:66 steps:429 total_reward:75
random count 407 with epsilon:0.940600, lr:0.001875
episode:67 steps:604 total_reward:75
random count 571 with epsilon:0.939700, lr:0.001873
episode:68 steps:415 total_reward:35
random count 392 with epsilon:0.938800, lr:0.001871
episode:69 steps:675 total_reward:100
random count 628 with epsilon:0.937900, lr:0.001869
episode:70 steps:921 total_reward:195
random count 873 with epsilon:0.937000, lr:0.001867
episode:71 steps:690 total_reward:125
random count 652 with epsilon:0.936100, lr:0.001865
episode:72 steps:508 total_reward:55
random count 475 with epsilon:0.935200, lr:0.001863
episode:73 steps:389 total_reward:50
random count 370 with epsilon:0.934300, lr:0.001861
episode:74 steps:1000 total_reward:270
random count 939 with epsilon:0.933400, lr:0.001859
episode:75 steps:709 total_reward:125
random count 655 with epsilon:0.932500, lr:0.001858
episode:76 steps:655 total_reward:105
random count 600 with epsilon:0.931600, lr:0.001856
episode:77 steps:457 total_reward:80
random count 419 with epsilon:0.930700, lr:0.001854
episode:78 steps:689 total_reward:105
random count 631 with epsilon:0.929800, lr:0.001852
episode:79 steps:1000 total_reward:230
random count 941 with epsilon:0.928900, lr:0.001850
episode:80 steps:1000 total_reward:180
random count 939 with epsilon:0.928000, lr:0.001848
episode:81 steps:799 total_reward:210
random count 746 with epsilon:0.927100, lr:0.001846
episode:82 steps:433 total_reward:35
random count 403 with epsilon:0.926200, lr:0.001844
episode:83 steps:924 total_reward:215
random count 849 with epsilon:0.925300, lr:0.001842
episode:84 steps:377 total_reward:65
random count 347 with epsilon:0.924400, lr:0.001840
episode:85 steps:601 total_reward:110
random count 549 with epsilon:0.923500, lr:0.001839
episode:86 steps:600 total_reward:120
random count 539 with epsilon:0.922600, lr:0.001837
episode:87 steps:1000 total_reward:225
random count 916 with epsilon:0.921700, lr:0.001835
episode:88 steps:648 total_reward:165
random count 578 with epsilon:0.920800, lr:0.001833
episode:89 steps:753 total_reward:155
random count 692 with epsilon:0.919900, lr:0.001831
episode:90 steps:543 total_reward:75
random count 497 with epsilon:0.919000, lr:0.001829
episode:91 steps:1000 total_reward:210
random count 920 with epsilon:0.918100, lr:0.001827
episode:92 steps:861 total_reward:410
random count 803 with epsilon:0.917200, lr:0.001825
episode:93 steps:950 total_reward:260
random count 878 with epsilon:0.916300, lr:0.001823
episode:94 steps:881 total_reward:185
random count 804 with epsilon:0.915400, lr:0.001821
episode:95 steps:1000 total_reward:235
random count 913 with epsilon:0.914500, lr:0.001820
episode:96 steps:943 total_reward:415
random count 858 with epsilon:0.913600, lr:0.001818
episode:97 steps:537 total_reward:45
random count 491 with epsilon:0.912700, lr:0.001816
episode:98 steps:871 total_reward:215
random count 799 with epsilon:0.911800, lr:0.001814
episode:99 steps:789 total_reward:180
random count 710 with epsilon:0.910900, lr:0.001812
episode:100 steps:890 total_reward:240
random count 825 with epsilon:0.910000, lr:0.001810
Test episode: 100 Evaluation Average Reward: 105.0
episode:101 steps:507 total_reward:90
random count 460 with epsilon:0.909100, lr:0.001808
episode:102 steps:865 total_reward:230
random count 780 with epsilon:0.908200, lr:0.001806
episode:103 steps:767 total_reward:165
random count 696 with epsilon:0.907300, lr:0.001804
episode:104 steps:755 total_reward:120
random count 692 with epsilon:0.906400, lr:0.001802
episode:105 steps:511 total_reward:30
random count 479 with epsilon:0.905500, lr:0.001801
episode:106 steps:406 total_reward:105
random count 372 with epsilon:0.904600, lr:0.001799
episode:107 steps:511 total_reward:120
random count 466 with epsilon:0.903700, lr:0.001797
episode:108 steps:690 total_reward:120
random count 624 with epsilon:0.902800, lr:0.001795
episode:109 steps:511 total_reward:65
random count 461 with epsilon:0.901900, lr:0.001793
episode:110 steps:955 total_reward:210
random count 859 with epsilon:0.901000, lr:0.001791
episode:111 steps:849 total_reward:210
random count 753 with epsilon:0.900100, lr:0.001789
episode:112 steps:1000 total_reward:525
random count 888 with epsilon:0.899200, lr:0.001787
episode:113 steps:1000 total_reward:225
random count 905 with epsilon:0.898300, lr:0.001785
episode:114 steps:611 total_reward:80
random count 532 with epsilon:0.897400, lr:0.001783
episode:115 steps:1000 total_reward:215
random count 887 with epsilon:0.896500, lr:0.001782
episode:116 steps:567 total_reward:180
random count 516 with epsilon:0.895600, lr:0.001780
episode:117 steps:539 total_reward:90
random count 479 with epsilon:0.894700, lr:0.001778
episode:118 steps:733 total_reward:150
random count 665 with epsilon:0.893800, lr:0.001776
episode:119 steps:417 total_reward:75
random count 359 with epsilon:0.892900, lr:0.001774
episode:120 steps:793 total_reward:300
random count 706 with epsilon:0.892000, lr:0.001772
episode:121 steps:1000 total_reward:240
random count 898 with epsilon:0.891100, lr:0.001770
episode:122 steps:593 total_reward:90
random count 527 with epsilon:0.890200, lr:0.001768
episode:123 steps:805 total_reward:135
random count 717 with epsilon:0.889300, lr:0.001766
episode:124 steps:559 total_reward:120
random count 489 with epsilon:0.888400, lr:0.001764
episode:125 steps:395 total_reward:65
random count 354 with epsilon:0.887500, lr:0.001763
episode:126 steps:763 total_reward:90
random count 674 with epsilon:0.886600, lr:0.001761
episode:127 steps:644 total_reward:45
random count 559 with epsilon:0.885700, lr:0.001759
episode:128 steps:869 total_reward:240
random count 777 with epsilon:0.884800, lr:0.001757
episode:129 steps:628 total_reward:65
random count 546 with epsilon:0.883900, lr:0.001755
episode:130 steps:751 total_reward:135
random count 670 with epsilon:0.883000, lr:0.001753
episode:131 steps:791 total_reward:210
random count 694 with epsilon:0.882100, lr:0.001751
episode:132 steps:382 total_reward:80
random count 332 with epsilon:0.881200, lr:0.001749
episode:133 steps:458 total_reward:20
random count 408 with epsilon:0.880300, lr:0.001747
episode:134 steps:997 total_reward:135
random count 866 with epsilon:0.879400, lr:0.001745
episode:135 steps:815 total_reward:370
random count 713 with epsilon:0.878500, lr:0.001744
episode:136 steps:923 total_reward:205
random count 829 with epsilon:0.877600, lr:0.001742
episode:137 steps:511 total_reward:50
random count 446 with epsilon:0.876700, lr:0.001740
episode:138 steps:893 total_reward:360
random count 777 with epsilon:0.875800, lr:0.001738
episode:139 steps:685 total_reward:105
random count 608 with epsilon:0.874900, lr:0.001736
episode:140 steps:670 total_reward:120
random count 588 with epsilon:0.874000, lr:0.001734
episode:141 steps:398 total_reward:55
random count 341 with epsilon:0.873100, lr:0.001732
episode:142 steps:1000 total_reward:395
random count 876 with epsilon:0.872200, lr:0.001730
episode:143 steps:570 total_reward:125
random count 493 with epsilon:0.871300, lr:0.001728
episode:144 steps:771 total_reward:170
random count 669 with epsilon:0.870400, lr:0.001726
episode:145 steps:555 total_reward:65
random count 476 with epsilon:0.869500, lr:0.001725
episode:146 steps:555 total_reward:125
random count 494 with epsilon:0.868600, lr:0.001723
episode:147 steps:588 total_reward:60
random count 506 with epsilon:0.867700, lr:0.001721
episode:148 steps:601 total_reward:105
random count 529 with epsilon:0.866800, lr:0.001719
episode:149 steps:669 total_reward:110
random count 588 with epsilon:0.865900, lr:0.001717
episode:150 steps:673 total_reward:140
random count 583 with epsilon:0.865000, lr:0.001715
episode:151 steps:505 total_reward:75
random count 442 with epsilon:0.864100, lr:0.001713
episode:152 steps:604 total_reward:105
random count 523 with epsilon:0.863200, lr:0.001711
episode:153 steps:653 total_reward:110
random count 560 with epsilon:0.862300, lr:0.001709
episode:154 steps:557 total_reward:60
random count 482 with epsilon:0.861400, lr:0.001707
episode:155 steps:743 total_reward:180
random count 644 with epsilon:0.860500, lr:0.001706
episode:156 steps:627 total_reward:65
random count 557 with epsilon:0.859600, lr:0.001704
episode:157 steps:635 total_reward:80
random count 531 with epsilon:0.858700, lr:0.001702
episode:158 steps:652 total_reward:110
random count 554 with epsilon:0.857800, lr:0.001700
episode:159 steps:961 total_reward:255
random count 819 with epsilon:0.856900, lr:0.001698
episode:160 steps:536 total_reward:75
random count 460 with epsilon:0.856000, lr:0.001696
episode:161 steps:917 total_reward:215
random count 784 with epsilon:0.855100, lr:0.001694
episode:162 steps:797 total_reward:160
random count 678 with epsilon:0.854200, lr:0.001692
episode:163 steps:648 total_reward:120
random count 571 with epsilon:0.853300, lr:0.001690
episode:164 steps:653 total_reward:90
random count 549 with epsilon:0.852400, lr:0.001688
episode:165 steps:563 total_reward:135
random count 477 with epsilon:0.851500, lr:0.001687
episode:166 steps:573 total_reward:15
random count 490 with epsilon:0.850600, lr:0.001685
episode:167 steps:1000 total_reward:315
random count 842 with epsilon:0.849700, lr:0.001683
episode:168 steps:535 total_reward:110
random count 449 with epsilon:0.848800, lr:0.001681
episode:169 steps:783 total_reward:175
random count 648 with epsilon:0.847900, lr:0.001679
episode:170 steps:971 total_reward:410
random count 801 with epsilon:0.847000, lr:0.001677
episode:171 steps:504 total_reward:110
random count 425 with epsilon:0.846100, lr:0.001675
episode:172 steps:588 total_reward:120
random count 488 with epsilon:0.845200, lr:0.001673
episode:173 steps:644 total_reward:120
random count 545 with epsilon:0.844300, lr:0.001671
episode:174 steps:399 total_reward:45
random count 316 with epsilon:0.843400, lr:0.001669
episode:175 steps:414 total_reward:75
random count 352 with epsilon:0.842500, lr:0.001668
episode:176 steps:883 total_reward:385
random count 758 with epsilon:0.841600, lr:0.001666
episode:177 steps:1000 total_reward:210
random count 845 with epsilon:0.840700, lr:0.001664
episode:178 steps:966 total_reward:230
random count 803 with epsilon:0.839800, lr:0.001662
episode:179 steps:544 total_reward:80
random count 467 with epsilon:0.838900, lr:0.001660
episode:180 steps:705 total_reward:105
random count 600 with epsilon:0.838000, lr:0.001658
episode:181 steps:636 total_reward:105
random count 532 with epsilon:0.837100, lr:0.001656
episode:182 steps:665 total_reward:105
random count 552 with epsilon:0.836200, lr:0.001654
episode:183 steps:1000 total_reward:365
random count 836 with epsilon:0.835300, lr:0.001652
episode:184 steps:628 total_reward:65
random count 499 with epsilon:0.834400, lr:0.001650
episode:185 steps:945 total_reward:210
random count 778 with epsilon:0.833500, lr:0.001649
episode:186 steps:547 total_reward:45
random count 455 with epsilon:0.832600, lr:0.001647
episode:187 steps:545 total_reward:80
random count 457 with epsilon:0.831700, lr:0.001645
episode:188 steps:493 total_reward:110
random count 423 with epsilon:0.830800, lr:0.001643
episode:189 steps:1000 total_reward:395
random count 811 with epsilon:0.829900, lr:0.001641
episode:190 steps:764 total_reward:155
random count 619 with epsilon:0.829000, lr:0.001639
episode:191 steps:405 total_reward:50
random count 340 with epsilon:0.828100, lr:0.001637
episode:192 steps:385 total_reward:75
random count 339 with epsilon:0.827200, lr:0.001635
episode:193 steps:507 total_reward:135
random count 424 with epsilon:0.826300, lr:0.001633
episode:194 steps:937 total_reward:370
random count 768 with epsilon:0.825400, lr:0.001631
episode:195 steps:986 total_reward:230
random count 793 with epsilon:0.824500, lr:0.001630
episode:196 steps:798 total_reward:410
random count 647 with epsilon:0.823600, lr:0.001628
episode:197 steps:705 total_reward:105
random count 574 with epsilon:0.822700, lr:0.001626
episode:198 steps:781 total_reward:120
random count 654 with epsilon:0.821800, lr:0.001624
episode:199 steps:667 total_reward:135
random count 549 with epsilon:0.820900, lr:0.001622
episode:200 steps:629 total_reward:105
random count 518 with epsilon:0.820000, lr:0.001620
Test episode: 200 Evaluation Average Reward: 0.0
episode:201 steps:565 total_reward:120
random count 456 with epsilon:0.819100, lr:0.001618
episode:202 steps:492 total_reward:50
random count 395 with epsilon:0.818200, lr:0.001616
episode:203 steps:535 total_reward:90
random count 432 with epsilon:0.817300, lr:0.001614
episode:204 steps:517 total_reward:80
random count 415 with epsilon:0.816400, lr:0.001612
episode:205 steps:631 total_reward:135
random count 511 with epsilon:0.815500, lr:0.001611
episode:206 steps:749 total_reward:170
random count 607 with epsilon:0.814600, lr:0.001609
episode:207 steps:331 total_reward:15
random count 270 with epsilon:0.813700, lr:0.001607
episode:208 steps:944 total_reward:450
random count 766 with epsilon:0.812800, lr:0.001605
episode:209 steps:628 total_reward:105
random count 521 with epsilon:0.811900, lr:0.001603
episode:210 steps:655 total_reward:120
random count 531 with epsilon:0.811000, lr:0.001601
episode:211 steps:624 total_reward:105
random count 500 with epsilon:0.810100, lr:0.001599
episode:212 steps:1000 total_reward:180
random count 798 with epsilon:0.809200, lr:0.001597
episode:213 steps:1000 total_reward:260
random count 804 with epsilon:0.808300, lr:0.001595
episode:214 steps:785 total_reward:350
random count 634 with epsilon:0.807400, lr:0.001593
episode:215 steps:617 total_reward:135
random count 503 with epsilon:0.806500, lr:0.001592
episode:216 steps:798 total_reward:150
random count 645 with epsilon:0.805600, lr:0.001590
episode:217 steps:868 total_reward:180
random count 723 with epsilon:0.804700, lr:0.001588
episode:218 steps:703 total_reward:110
random count 568 with epsilon:0.803800, lr:0.001586
episode:219 steps:901 total_reward:170
random count 708 with epsilon:0.802900, lr:0.001584
episode:220 steps:801 total_reward:135
random count 636 with epsilon:0.802000, lr:0.001582
episode:221 steps:572 total_reward:130
random count 457 with epsilon:0.801100, lr:0.001580
episode:222 steps:817 total_reward:160
random count 653 with epsilon:0.800200, lr:0.001578
episode:223 steps:407 total_reward:105
random count 314 with epsilon:0.799300, lr:0.001576
episode:224 steps:633 total_reward:105
random count 501 with epsilon:0.798400, lr:0.001574
episode:225 steps:1000 total_reward:230
random count 795 with epsilon:0.797500, lr:0.001573
episode:226 steps:1000 total_reward:195
random count 812 with epsilon:0.796600, lr:0.001571
episode:227 steps:942 total_reward:445
random count 746 with epsilon:0.795700, lr:0.001569
episode:228 steps:845 total_reward:155
random count 699 with epsilon:0.794800, lr:0.001567
episode:229 steps:639 total_reward:120
random count 515 with epsilon:0.793900, lr:0.001565
episode:230 steps:811 total_reward:210
random count 640 with epsilon:0.793000, lr:0.001563
episode:231 steps:781 total_reward:305
random count 631 with epsilon:0.792100, lr:0.001561
episode:232 steps:631 total_reward:110
random count 509 with epsilon:0.791200, lr:0.001559
episode:233 steps:537 total_reward:105
random count 442 with epsilon:0.790300, lr:0.001557
episode:234 steps:358 total_reward:90
random count 281 with epsilon:0.789400, lr:0.001555
episode:235 steps:771 total_reward:135
random count 603 with epsilon:0.788500, lr:0.001554
episode:236 steps:979 total_reward:260
random count 742 with epsilon:0.787600, lr:0.001552
episode:237 steps:830 total_reward:210
random count 641 with epsilon:0.786700, lr:0.001550
episode:238 steps:642 total_reward:75
random count 499 with epsilon:0.785800, lr:0.001548
episode:239 steps:655 total_reward:105
random count 508 with epsilon:0.784900, lr:0.001546
episode:240 steps:398 total_reward:50
random count 311 with epsilon:0.784000, lr:0.001544
episode:241 steps:839 total_reward:210
random count 691 with epsilon:0.783100, lr:0.001542
episode:242 steps:391 total_reward:50
random count 303 with epsilon:0.782200, lr:0.001540
episode:243 steps:845 total_reward:210
random count 684 with epsilon:0.781300, lr:0.001538
episode:244 steps:561 total_reward:135
random count 435 with epsilon:0.780400, lr:0.001536
episode:245 steps:652 total_reward:110
random count 501 with epsilon:0.779500, lr:0.001535
episode:246 steps:804 total_reward:130
random count 622 with epsilon:0.778600, lr:0.001533
episode:247 steps:844 total_reward:125
random count 658 with epsilon:0.777700, lr:0.001531
episode:248 steps:963 total_reward:155
random count 752 with epsilon:0.776800, lr:0.001529
episode:249 steps:464 total_reward:50
random count 361 with epsilon:0.775900, lr:0.001527
episode:250 steps:794 total_reward:155
random count 605 with epsilon:0.775000, lr:0.001525
episode:251 steps:923 total_reward:155
random count 721 with epsilon:0.774100, lr:0.001523
episode:252 steps:492 total_reward:60
random count 379 with epsilon:0.773200, lr:0.001521
episode:253 steps:554 total_reward:65
random count 431 with epsilon:0.772300, lr:0.001519
episode:254 steps:895 total_reward:200
random count 698 with epsilon:0.771400, lr:0.001517
episode:255 steps:850 total_reward:225
random count 653 with epsilon:0.770500, lr:0.001516
episode:256 steps:653 total_reward:80
random count 482 with epsilon:0.769600, lr:0.001514
episode:257 steps:576 total_reward:50
random count 423 with epsilon:0.768700, lr:0.001512
episode:258 steps:785 total_reward:120
random count 614 with epsilon:0.767800, lr:0.001510
episode:259 steps:1000 total_reward:295
random count 785 with epsilon:0.766900, lr:0.001508
episode:260 steps:778 total_reward:135
random count 614 with epsilon:0.766000, lr:0.001506
episode:261 steps:635 total_reward:105
random count 495 with epsilon:0.765100, lr:0.001504
episode:262 steps:965 total_reward:260
random count 721 with epsilon:0.764200, lr:0.001502
episode:263 steps:773 total_reward:145
random count 575 with epsilon:0.763300, lr:0.001500
episode:264 steps:645 total_reward:110
random count 489 with epsilon:0.762400, lr:0.001498
episode:265 steps:951 total_reward:240
random count 728 with epsilon:0.761500, lr:0.001497
episode:266 steps:650 total_reward:105
random count 493 with epsilon:0.760600, lr:0.001495
episode:267 steps:755 total_reward:110
random count 592 with epsilon:0.759700, lr:0.001493
episode:268 steps:703 total_reward:105
random count 538 with epsilon:0.758800, lr:0.001491
episode:269 steps:692 total_reward:120
random count 544 with epsilon:0.757900, lr:0.001489
episode:270 steps:411 total_reward:50
random count 322 with epsilon:0.757000, lr:0.001487
episode:271 steps:863 total_reward:135
random count 644 with epsilon:0.756100, lr:0.001485
episode:272 steps:695 total_reward:105
random count 499 with epsilon:0.755200, lr:0.001483
episode:273 steps:411 total_reward:80
random count 315 with epsilon:0.754300, lr:0.001481
episode:274 steps:794 total_reward:160
random count 597 with epsilon:0.753400, lr:0.001479
episode:275 steps:773 total_reward:110
random count 606 with epsilon:0.752500, lr:0.001478
episode:276 steps:779 total_reward:150
random count 569 with epsilon:0.751600, lr:0.001476
episode:277 steps:849 total_reward:210
random count 639 with epsilon:0.750700, lr:0.001474
episode:278 steps:563 total_reward:50
random count 410 with epsilon:0.749800, lr:0.001472
episode:279 steps:523 total_reward:35
random count 382 with epsilon:0.748900, lr:0.001470
episode:280 steps:398 total_reward:50
random count 298 with epsilon:0.748000, lr:0.001468
episode:281 steps:738 total_reward:155
random count 562 with epsilon:0.747100, lr:0.001466
episode:282 steps:941 total_reward:225
random count 689 with epsilon:0.746200, lr:0.001464
episode:283 steps:1000 total_reward:400
random count 738 with epsilon:0.745300, lr:0.001462
episode:284 steps:521 total_reward:105
random count 394 with epsilon:0.744400, lr:0.001460
episode:285 steps:1000 total_reward:285
random count 754 with epsilon:0.743500, lr:0.001459
episode:286 steps:519 total_reward:65
random count 386 with epsilon:0.742600, lr:0.001457
episode:287 steps:918 total_reward:280
random count 654 with epsilon:0.741700, lr:0.001455
episode:288 steps:843 total_reward:185
random count 642 with epsilon:0.740800, lr:0.001453
episode:289 steps:375 total_reward:50
random count 279 with epsilon:0.739900, lr:0.001451
episode:290 steps:758 total_reward:250
random count 543 with epsilon:0.739000, lr:0.001449
episode:291 steps:654 total_reward:160
random count 476 with epsilon:0.738100, lr:0.001447
episode:292 steps:402 total_reward:75
random count 295 with epsilon:0.737200, lr:0.001445
episode:293 steps:855 total_reward:210
random count 624 with epsilon:0.736300, lr:0.001443
episode:294 steps:389 total_reward:65
random count 289 with epsilon:0.735400, lr:0.001441
episode:295 steps:1000 total_reward:200
random count 751 with epsilon:0.734500, lr:0.001440
episode:296 steps:788 total_reward:250
random count 592 with epsilon:0.733600, lr:0.001438
episode:297 steps:481 total_reward:80
random count 362 with epsilon:0.732700, lr:0.001436
episode:298 steps:688 total_reward:120
random count 499 with epsilon:0.731800, lr:0.001434
episode:299 steps:365 total_reward:45
random count 269 with epsilon:0.730900, lr:0.001432
episode:300 steps:1000 total_reward:205
random count 719 with epsilon:0.730000, lr:0.001430
Test episode: 300 Evaluation Average Reward: 0.0
episode:301 steps:905 total_reward:130
random count 653 with epsilon:0.729100, lr:0.001428
episode:302 steps:799 total_reward:210
random count 575 with epsilon:0.728200, lr:0.001426
episode:303 steps:1000 total_reward:230
random count 739 with epsilon:0.727300, lr:0.001424
episode:304 steps:699 total_reward:335
random count 511 with epsilon:0.726400, lr:0.001422
episode:305 steps:739 total_reward:110
random count 525 with epsilon:0.725500, lr:0.001421
episode:306 steps:889 total_reward:220
random count 640 with epsilon:0.724600, lr:0.001419
episode:307 steps:724 total_reward:385
random count 555 with epsilon:0.723700, lr:0.001417
episode:308 steps:685 total_reward:145
random count 496 with epsilon:0.722800, lr:0.001415
episode:309 steps:901 total_reward:125
random count 620 with epsilon:0.721900, lr:0.001413
episode:310 steps:887 total_reward:215
random count 658 with epsilon:0.721000, lr:0.001411
episode:311 steps:391 total_reward:35
random count 282 with epsilon:0.720100, lr:0.001409
episode:312 steps:950 total_reward:390
random count 644 with epsilon:0.719200, lr:0.001407
episode:313 steps:730 total_reward:125
random count 506 with epsilon:0.718300, lr:0.001405
episode:314 steps:587 total_reward:105
random count 435 with epsilon:0.717400, lr:0.001403
episode:315 steps:1000 total_reward:260
random count 728 with epsilon:0.716500, lr:0.001402
episode:316 steps:636 total_reward:90
random count 448 with epsilon:0.715600, lr:0.001400
episode:317 steps:751 total_reward:155
random count 531 with epsilon:0.714700, lr:0.001398
episode:318 steps:629 total_reward:125
random count 453 with epsilon:0.713800, lr:0.001396
episode:319 steps:766 total_reward:180
random count 533 with epsilon:0.712900, lr:0.001394
episode:320 steps:636 total_reward:185
random count 466 with epsilon:0.712000, lr:0.001392
episode:321 steps:429 total_reward:70
random count 322 with epsilon:0.711100, lr:0.001390
episode:322 steps:596 total_reward:70
random count 430 with epsilon:0.710200, lr:0.001388
episode:323 steps:635 total_reward:100
random count 465 with epsilon:0.709300, lr:0.001386
episode:324 steps:548 total_reward:15
random count 388 with epsilon:0.708400, lr:0.001384
episode:325 steps:934 total_reward:225
random count 663 with epsilon:0.707500, lr:0.001383
episode:326 steps:841 total_reward:180
random count 604 with epsilon:0.706600, lr:0.001381
episode:327 steps:402 total_reward:75
random count 270 with epsilon:0.705700, lr:0.001379
episode:328 steps:601 total_reward:145
random count 414 with epsilon:0.704800, lr:0.001377
episode:329 steps:399 total_reward:15
random count 281 with epsilon:0.703900, lr:0.001375
episode:330 steps:847 total_reward:180
random count 601 with epsilon:0.703000, lr:0.001373
episode:331 steps:525 total_reward:70
random count 374 with epsilon:0.702100, lr:0.001371
episode:332 steps:665 total_reward:85
random count 436 with epsilon:0.701200, lr:0.001369
episode:333 steps:747 total_reward:100
random count 524 with epsilon:0.700300, lr:0.001367
episode:334 steps:849 total_reward:210
random count 584 with epsilon:0.699400, lr:0.001365
episode:335 steps:636 total_reward:105
random count 435 with epsilon:0.698500, lr:0.001364
episode:336 steps:1000 total_reward:140
random count 710 with epsilon:0.697600, lr:0.001362
episode:337 steps:633 total_reward:90
random count 427 with epsilon:0.696700, lr:0.001360
episode:338 steps:691 total_reward:110
random count 478 with epsilon:0.695800, lr:0.001358
episode:339 steps:1000 total_reward:180
random count 707 with epsilon:0.694900, lr:0.001356
episode:340 steps:652 total_reward:135
random count 456 with epsilon:0.694000, lr:0.001354
episode:341 steps:733 total_reward:125
random count 516 with epsilon:0.693100, lr:0.001352
episode:342 steps:775 total_reward:180
random count 516 with epsilon:0.692200, lr:0.001350
episode:343 steps:715 total_reward:20
random count 500 with epsilon:0.691300, lr:0.001348
episode:344 steps:783 total_reward:80
random count 509 with epsilon:0.690400, lr:0.001346
episode:345 steps:489 total_reward:35
random count 331 with epsilon:0.689500, lr:0.001345
episode:346 steps:615 total_reward:140
random count 425 with epsilon:0.688600, lr:0.001343
episode:347 steps:800 total_reward:355
random count 553 with epsilon:0.687700, lr:0.001341
episode:348 steps:674 total_reward:110
random count 459 with epsilon:0.686800, lr:0.001339
episode:349 steps:647 total_reward:105
random count 445 with epsilon:0.685900, lr:0.001337
episode:350 steps:388 total_reward:90
random count 258 with epsilon:0.685000, lr:0.001335
episode:351 steps:656 total_reward:135
random count 440 with epsilon:0.684100, lr:0.001333
episode:352 steps:1000 total_reward:300
random count 687 with epsilon:0.683200, lr:0.001331
episode:353 steps:1000 total_reward:225
random count 702 with epsilon:0.682300, lr:0.001329
episode:354 steps:521 total_reward:110
random count 350 with epsilon:0.681400, lr:0.001327
episode:355 steps:786 total_reward:380
random count 527 with epsilon:0.680500, lr:0.001326
episode:356 steps:649 total_reward:115
random count 446 with epsilon:0.679600, lr:0.001324
episode:357 steps:889 total_reward:310
random count 601 with epsilon:0.678700, lr:0.001322
episode:358 steps:695 total_reward:155
random count 468 with epsilon:0.677800, lr:0.001320
episode:359 steps:635 total_reward:70
random count 432 with epsilon:0.676900, lr:0.001318
episode:360 steps:393 total_reward:80
random count 259 with epsilon:0.676000, lr:0.001316
episode:361 steps:835 total_reward:225
random count 583 with epsilon:0.675100, lr:0.001314
episode:362 steps:527 total_reward:105
random count 365 with epsilon:0.674200, lr:0.001312
episode:363 steps:1000 total_reward:425
random count 673 with epsilon:0.673300, lr:0.001310
episode:364 steps:696 total_reward:155
random count 466 with epsilon:0.672400, lr:0.001308
episode:365 steps:1000 total_reward:170
random count 655 with epsilon:0.671500, lr:0.001307
episode:366 steps:490 total_reward:105
random count 329 with epsilon:0.670600, lr:0.001305
episode:367 steps:589 total_reward:75
random count 385 with epsilon:0.669700, lr:0.001303
episode:368 steps:475 total_reward:150
random count 312 with epsilon:0.668800, lr:0.001301
episode:369 steps:1000 total_reward:385
random count 657 with epsilon:0.667900, lr:0.001299
episode:370 steps:617 total_reward:175
random count 403 with epsilon:0.667000, lr:0.001297
episode:371 steps:869 total_reward:435
random count 589 with epsilon:0.666100, lr:0.001295
episode:372 steps:635 total_reward:105
random count 418 with epsilon:0.665200, lr:0.001293
episode:373 steps:569 total_reward:95
random count 380 with epsilon:0.664300, lr:0.001291
episode:374 steps:619 total_reward:210
random count 407 with epsilon:0.663400, lr:0.001289
episode:375 steps:609 total_reward:125
random count 380 with epsilon:0.662500, lr:0.001288
episode:376 steps:805 total_reward:210
random count 540 with epsilon:0.661600, lr:0.001286
episode:377 steps:489 total_reward:120
random count 334 with epsilon:0.660700, lr:0.001284
episode:378 steps:903 total_reward:235
random count 598 with epsilon:0.659800, lr:0.001282
episode:379 steps:778 total_reward:175
random count 517 with epsilon:0.658900, lr:0.001280
episode:380 steps:973 total_reward:190
random count 645 with epsilon:0.658000, lr:0.001278
episode:381 steps:1000 total_reward:345
random count 657 with epsilon:0.657100, lr:0.001276
episode:382 steps:1000 total_reward:225
random count 666 with epsilon:0.656200, lr:0.001274
episode:383 steps:1000 total_reward:350
random count 650 with epsilon:0.655300, lr:0.001272
episode:384 steps:667 total_reward:195
random count 429 with epsilon:0.654400, lr:0.001270
episode:385 steps:385 total_reward:45
random count 245 with epsilon:0.653500, lr:0.001269
episode:386 steps:803 total_reward:285
random count 520 with epsilon:0.652600, lr:0.001267
episode:387 steps:945 total_reward:385
random count 613 with epsilon:0.651700, lr:0.001265
episode:388 steps:574 total_reward:35
random count 357 with epsilon:0.650800, lr:0.001263
episode:389 steps:803 total_reward:200
random count 511 with epsilon:0.649900, lr:0.001261
episode:390 steps:470 total_reward:35
random count 316 with epsilon:0.649000, lr:0.001259
episode:391 steps:450 total_reward:85
random count 284 with epsilon:0.648100, lr:0.001257
episode:392 steps:681 total_reward:185
random count 442 with epsilon:0.647200, lr:0.001255
episode:393 steps:660 total_reward:180
random count 427 with epsilon:0.646300, lr:0.001253
episode:394 steps:645 total_reward:180
random count 425 with epsilon:0.645400, lr:0.001251
episode:395 steps:409 total_reward:80
random count 278 with epsilon:0.644500, lr:0.001250
episode:396 steps:649 total_reward:175
random count 426 with epsilon:0.643600, lr:0.001248
episode:397 steps:1000 total_reward:190
random count 625 with epsilon:0.642700, lr:0.001246
episode:398 steps:475 total_reward:145
random count 301 with epsilon:0.641800, lr:0.001244
episode:399 steps:334 total_reward:35
random count 195 with epsilon:0.640900, lr:0.001242
episode:400 steps:618 total_reward:75
random count 403 with epsilon:0.640000, lr:0.001240
Test episode: 400 Evaluation Average Reward: 0.0
episode:401 steps:810 total_reward:195
random count 547 with epsilon:0.639100, lr:0.001238
episode:402 steps:624 total_reward:65
random count 404 with epsilon:0.638200, lr:0.001236
episode:403 steps:705 total_reward:120
random count 454 with epsilon:0.637300, lr:0.001234
episode:404 steps:917 total_reward:460
random count 580 with epsilon:0.636400, lr:0.001232
episode:405 steps:486 total_reward:100
random count 305 with epsilon:0.635500, lr:0.001231
episode:406 steps:695 total_reward:120
random count 459 with epsilon:0.634600, lr:0.001229
episode:407 steps:1000 total_reward:485
random count 661 with epsilon:0.633700, lr:0.001227
episode:408 steps:829 total_reward:185
random count 525 with epsilon:0.632800, lr:0.001225
episode:409 steps:405 total_reward:85
random count 264 with epsilon:0.631900, lr:0.001223
episode:410 steps:1000 total_reward:510
random count 625 with epsilon:0.631000, lr:0.001221
episode:411 steps:635 total_reward:140
random count 400 with epsilon:0.630100, lr:0.001219
episode:412 steps:795 total_reward:155
random count 489 with epsilon:0.629200, lr:0.001217
episode:413 steps:784 total_reward:155
random count 495 with epsilon:0.628300, lr:0.001215
episode:414 steps:800 total_reward:155
random count 479 with epsilon:0.627400, lr:0.001213
episode:415 steps:841 total_reward:180
random count 550 with epsilon:0.626500, lr:0.001212
episode:416 steps:851 total_reward:210
random count 492 with epsilon:0.625600, lr:0.001210
episode:417 steps:420 total_reward:75
random count 270 with epsilon:0.624700, lr:0.001208
episode:418 steps:1000 total_reward:270
random count 591 with epsilon:0.623800, lr:0.001206
episode:419 steps:822 total_reward:135
random count 498 with epsilon:0.622900, lr:0.001204
episode:420 steps:516 total_reward:85
random count 314 with epsilon:0.622000, lr:0.001202
episode:421 steps:637 total_reward:135
random count 389 with epsilon:0.621100, lr:0.001200
episode:422 steps:632 total_reward:200
random count 409 with epsilon:0.620200, lr:0.001198
episode:423 steps:377 total_reward:60
random count 231 with epsilon:0.619300, lr:0.001196
episode:424 steps:728 total_reward:215
random count 446 with epsilon:0.618400, lr:0.001194
episode:425 steps:393 total_reward:35
random count 236 with epsilon:0.617500, lr:0.001193
episode:426 steps:713 total_reward:135
random count 430 with epsilon:0.616600, lr:0.001191
episode:427 steps:1000 total_reward:345
random count 613 with epsilon:0.615700, lr:0.001189
episode:428 steps:395 total_reward:60
random count 241 with epsilon:0.614800, lr:0.001187
episode:429 steps:751 total_reward:135
random count 444 with epsilon:0.613900, lr:0.001185
episode:430 steps:1000 total_reward:360
random count 590 with epsilon:0.613000, lr:0.001183
episode:431 steps:547 total_reward:75
random count 343 with epsilon:0.612100, lr:0.001181
episode:432 steps:975 total_reward:395
random count 588 with epsilon:0.611200, lr:0.001179
episode:433 steps:521 total_reward:40
random count 328 with epsilon:0.610300, lr:0.001177
episode:434 steps:1000 total_reward:290
random count 625 with epsilon:0.609400, lr:0.001175
episode:435 steps:1000 total_reward:315
random count 612 with epsilon:0.608500, lr:0.001174
episode:436 steps:535 total_reward:45
random count 333 with epsilon:0.607600, lr:0.001172
episode:437 steps:660 total_reward:105
random count 381 with epsilon:0.606700, lr:0.001170
episode:438 steps:428 total_reward:5
random count 274 with epsilon:0.605800, lr:0.001168
episode:439 steps:1000 total_reward:235
random count 601 with epsilon:0.604900, lr:0.001166
episode:440 steps:523 total_reward:105
random count 315 with epsilon:0.604000, lr:0.001164
episode:441 steps:623 total_reward:160
random count 379 with epsilon:0.603100, lr:0.001162
episode:442 steps:380 total_reward:110
random count 213 with epsilon:0.602200, lr:0.001160
episode:443 steps:791 total_reward:155
random count 479 with epsilon:0.601300, lr:0.001158
episode:444 steps:1000 total_reward:490
random count 601 with epsilon:0.600400, lr:0.001156
episode:445 steps:771 total_reward:110
random count 480 with epsilon:0.599500, lr:0.001155
episode:446 steps:629 total_reward:105
random count 375 with epsilon:0.598600, lr:0.001153
episode:447 steps:521 total_reward:75
random count 311 with epsilon:0.597700, lr:0.001151
episode:448 steps:950 total_reward:205
random count 556 with epsilon:0.596800, lr:0.001149
episode:449 steps:899 total_reward:275
random count 514 with epsilon:0.595900, lr:0.001147
episode:450 steps:871 total_reward:295
random count 510 with epsilon:0.595000, lr:0.001145
episode:451 steps:1000 total_reward:335
random count 592 with epsilon:0.594100, lr:0.001143
episode:452 steps:896 total_reward:150
random count 550 with epsilon:0.593200, lr:0.001141
episode:453 steps:823 total_reward:225
random count 468 with epsilon:0.592300, lr:0.001139
episode:454 steps:958 total_reward:155
random count 566 with epsilon:0.591400, lr:0.001137
episode:455 steps:525 total_reward:50
random count 313 with epsilon:0.590500, lr:0.001136
episode:456 steps:534 total_reward:5
random count 316 with epsilon:0.589600, lr:0.001134
episode:457 steps:647 total_reward:100
random count 368 with epsilon:0.588700, lr:0.001132
episode:458 steps:881 total_reward:235
random count 517 with epsilon:0.587800, lr:0.001130
episode:459 steps:942 total_reward:390
random count 535 with epsilon:0.586900, lr:0.001128
episode:460 steps:723 total_reward:270
random count 409 with epsilon:0.586000, lr:0.001126
episode:461 steps:391 total_reward:15
random count 222 with epsilon:0.585100, lr:0.001124
episode:462 steps:556 total_reward:85
random count 333 with epsilon:0.584200, lr:0.001122
episode:463 steps:645 total_reward:140
random count 371 with epsilon:0.583300, lr:0.001120
episode:464 steps:727 total_reward:265
random count 428 with epsilon:0.582400, lr:0.001118
episode:465 steps:405 total_reward:30
random count 243 with epsilon:0.581500, lr:0.001117
episode:466 steps:547 total_reward:140
random count 325 with epsilon:0.580600, lr:0.001115
episode:467 steps:664 total_reward:175
random count 394 with epsilon:0.579700, lr:0.001113
episode:468 steps:713 total_reward:255
random count 424 with epsilon:0.578800, lr:0.001111
episode:469 steps:1000 total_reward:155
random count 554 with epsilon:0.577900, lr:0.001109
episode:470 steps:642 total_reward:110
random count 364 with epsilon:0.577000, lr:0.001107
episode:471 steps:928 total_reward:550
random count 521 with epsilon:0.576100, lr:0.001105
episode:472 steps:1000 total_reward:230
random count 584 with epsilon:0.575200, lr:0.001103
episode:473 steps:427 total_reward:35
random count 249 with epsilon:0.574300, lr:0.001101
episode:474 steps:682 total_reward:135
random count 375 with epsilon:0.573400, lr:0.001099
episode:475 steps:833 total_reward:120
random count 478 with epsilon:0.572500, lr:0.001098
episode:476 steps:629 total_reward:55
random count 348 with epsilon:0.571600, lr:0.001096
episode:477 steps:824 total_reward:185
random count 457 with epsilon:0.570700, lr:0.001094
episode:478 steps:1000 total_reward:160
random count 583 with epsilon:0.569800, lr:0.001092
episode:479 steps:685 total_reward:105
random count 382 with epsilon:0.568900, lr:0.001090
episode:480 steps:1000 total_reward:265
random count 570 with epsilon:0.568000, lr:0.001088
episode:481 steps:564 total_reward:150
random count 319 with epsilon:0.567100, lr:0.001086
episode:482 steps:381 total_reward:65
random count 210 with epsilon:0.566200, lr:0.001084
episode:483 steps:649 total_reward:105
random count 386 with epsilon:0.565300, lr:0.001082
episode:484 steps:396 total_reward:105
random count 218 with epsilon:0.564400, lr:0.001080
episode:485 steps:795 total_reward:155
random count 425 with epsilon:0.563500, lr:0.001079
episode:486 steps:557 total_reward:55
random count 301 with epsilon:0.562600, lr:0.001077
episode:487 steps:909 total_reward:200
random count 532 with epsilon:0.561700, lr:0.001075
episode:488 steps:733 total_reward:230
random count 425 with epsilon:0.560800, lr:0.001073
episode:489 steps:675 total_reward:105
random count 375 with epsilon:0.559900, lr:0.001071
episode:490 steps:627 total_reward:115
random count 357 with epsilon:0.559000, lr:0.001069
episode:491 steps:1000 total_reward:170
random count 573 with epsilon:0.558100, lr:0.001067
episode:492 steps:690 total_reward:105
random count 388 with epsilon:0.557200, lr:0.001065
episode:493 steps:1000 total_reward:255
random count 571 with epsilon:0.556300, lr:0.001063
episode:494 steps:788 total_reward:175
random count 449 with epsilon:0.555400, lr:0.001061
episode:495 steps:776 total_reward:155
random count 413 with epsilon:0.554500, lr:0.001060
episode:496 steps:790 total_reward:210
random count 423 with epsilon:0.553600, lr:0.001058
episode:497 steps:509 total_reward:75
random count 278 with epsilon:0.552700, lr:0.001056
episode:498 steps:596 total_reward:55
random count 347 with epsilon:0.551800, lr:0.001054
episode:499 steps:742 total_reward:105
random count 389 with epsilon:0.550900, lr:0.001052
episode:500 steps:783 total_reward:155
random count 433 with epsilon:0.550000, lr:0.001050
Test episode: 500 Evaluation Average Reward: 0.0
episode:501 steps:1000 total_reward:180
random count 530 with epsilon:0.549100, lr:0.001048
episode:502 steps:741 total_reward:210
random count 400 with epsilon:0.548200, lr:0.001046
episode:503 steps:436 total_reward:75
random count 238 with epsilon:0.547300, lr:0.001044
episode:504 steps:936 total_reward:155
random count 495 with epsilon:0.546400, lr:0.001042
episode:505 steps:459 total_reward:110
random count 233 with epsilon:0.545500, lr:0.001041
episode:506 steps:826 total_reward:155
random count 447 with epsilon:0.544600, lr:0.001039
episode:507 steps:773 total_reward:155
random count 410 with epsilon:0.543700, lr:0.001037
episode:508 steps:642 total_reward:125
random count 322 with epsilon:0.542800, lr:0.001035
episode:509 steps:825 total_reward:135
random count 439 with epsilon:0.541900, lr:0.001033
episode:510 steps:799 total_reward:155
random count 430 with epsilon:0.541000, lr:0.001031
episode:511 steps:823 total_reward:320
random count 451 with epsilon:0.540100, lr:0.001029
episode:512 steps:579 total_reward:55
random count 298 with epsilon:0.539200, lr:0.001027
episode:513 steps:787 total_reward:335
random count 421 with epsilon:0.538300, lr:0.001025
episode:514 steps:557 total_reward:30
random count 300 with epsilon:0.537400, lr:0.001023
episode:515 steps:388 total_reward:45
random count 211 with epsilon:0.536500, lr:0.001022
episode:516 steps:798 total_reward:180
random count 398 with epsilon:0.535600, lr:0.001020
episode:517 steps:868 total_reward:410
random count 463 with epsilon:0.534700, lr:0.001018
episode:518 steps:839 total_reward:155
random count 456 with epsilon:0.533800, lr:0.001016
episode:519 steps:804 total_reward:180
random count 412 with epsilon:0.532900, lr:0.001014
episode:520 steps:533 total_reward:55
random count 261 with epsilon:0.532000, lr:0.001012
episode:521 steps:363 total_reward:55
random count 185 with epsilon:0.531100, lr:0.001010
episode:522 steps:852 total_reward:225
random count 438 with epsilon:0.530200, lr:0.001008
episode:523 steps:383 total_reward:75
random count 217 with epsilon:0.529300, lr:0.001006
episode:524 steps:658 total_reward:210
random count 318 with epsilon:0.528400, lr:0.001004
episode:525 steps:1000 total_reward:210
random count 552 with epsilon:0.527500, lr:0.001003
episode:526 steps:739 total_reward:90
random count 369 with epsilon:0.526600, lr:0.001001
episode:527 steps:937 total_reward:390
random count 501 with epsilon:0.525700, lr:0.000999
episode:528 steps:511 total_reward:120
random count 277 with epsilon:0.524800, lr:0.000997
episode:529 steps:510 total_reward:95
random count 249 with epsilon:0.523900, lr:0.000995
episode:530 steps:1000 total_reward:205
random count 538 with epsilon:0.523000, lr:0.000993
episode:531 steps:923 total_reward:375
random count 506 with epsilon:0.522100, lr:0.000991
episode:532 steps:972 total_reward:375
random count 516 with epsilon:0.521200, lr:0.000989
episode:533 steps:532 total_reward:80
random count 278 with epsilon:0.520300, lr:0.000987
episode:534 steps:682 total_reward:140
random count 353 with epsilon:0.519400, lr:0.000985
episode:535 steps:409 total_reward:30
random count 221 with epsilon:0.518500, lr:0.000984
episode:536 steps:428 total_reward:105
random count 217 with epsilon:0.517600, lr:0.000982
episode:537 steps:497 total_reward:60
random count 270 with epsilon:0.516700, lr:0.000980
episode:538 steps:655 total_reward:185
random count 328 with epsilon:0.515800, lr:0.000978
episode:539 steps:502 total_reward:90
random count 258 with epsilon:0.514900, lr:0.000976
episode:540 steps:692 total_reward:190
random count 373 with epsilon:0.514000, lr:0.000974
episode:541 steps:914 total_reward:260
random count 474 with epsilon:0.513100, lr:0.000972
episode:542 steps:793 total_reward:355
random count 423 with epsilon:0.512200, lr:0.000970
episode:543 steps:744 total_reward:320
random count 396 with epsilon:0.511300, lr:0.000968
episode:544 steps:757 total_reward:115
random count 366 with epsilon:0.510400, lr:0.000966
episode:545 steps:1000 total_reward:360
random count 507 with epsilon:0.509500, lr:0.000965
episode:546 steps:415 total_reward:75
random count 213 with epsilon:0.508600, lr:0.000963
episode:547 steps:827 total_reward:185
random count 440 with epsilon:0.507700, lr:0.000961
episode:548 steps:616 total_reward:125
random count 322 with epsilon:0.506800, lr:0.000959
episode:549 steps:969 total_reward:275
random count 493 with epsilon:0.505900, lr:0.000957
episode:550 steps:619 total_reward:115
random count 299 with epsilon:0.505000, lr:0.000955
episode:551 steps:497 total_reward:45
random count 257 with epsilon:0.504100, lr:0.000953
episode:552 steps:499 total_reward:90
random count 249 with epsilon:0.503200, lr:0.000951
episode:553 steps:625 total_reward:160
random count 331 with epsilon:0.502300, lr:0.000949
episode:554 steps:1000 total_reward:155
random count 499 with epsilon:0.501400, lr:0.000947
episode:555 steps:1000 total_reward:400
random count 493 with epsilon:0.500500, lr:0.000946
episode:556 steps:894 total_reward:225
random count 449 with epsilon:0.499600, lr:0.000944
episode:557 steps:1000 total_reward:360
random count 494 with epsilon:0.498700, lr:0.000942
episode:558 steps:383 total_reward:125
random count 185 with epsilon:0.497800, lr:0.000940
episode:559 steps:390 total_reward:65
random count 186 with epsilon:0.496900, lr:0.000938
episode:560 steps:607 total_reward:105
random count 294 with epsilon:0.496000, lr:0.000936
episode:561 steps:622 total_reward:150
random count 300 with epsilon:0.495100, lr:0.000934
episode:562 steps:569 total_reward:150
random count 282 with epsilon:0.494200, lr:0.000932
episode:563 steps:749 total_reward:130
random count 383 with epsilon:0.493300, lr:0.000930
episode:564 steps:900 total_reward:140
random count 455 with epsilon:0.492400, lr:0.000928
episode:565 steps:926 total_reward:260
random count 449 with epsilon:0.491500, lr:0.000927
episode:566 steps:1000 total_reward:375
random count 512 with epsilon:0.490600, lr:0.000925
episode:567 steps:639 total_reward:140
random count 332 with epsilon:0.489700, lr:0.000923
episode:568 steps:541 total_reward:60
random count 269 with epsilon:0.488800, lr:0.000921
episode:569 steps:944 total_reward:205
random count 428 with epsilon:0.487900, lr:0.000919
episode:570 steps:865 total_reward:190
random count 420 with epsilon:0.487000, lr:0.000917
episode:571 steps:544 total_reward:35
random count 261 with epsilon:0.486100, lr:0.000915
episode:572 steps:1000 total_reward:275
random count 491 with epsilon:0.485200, lr:0.000913
episode:573 steps:641 total_reward:140
random count 305 with epsilon:0.484300, lr:0.000911
episode:574 steps:492 total_reward:105
random count 240 with epsilon:0.483400, lr:0.000909
episode:575 steps:638 total_reward:90
random count 297 with epsilon:0.482500, lr:0.000908
episode:576 steps:853 total_reward:170
random count 413 with epsilon:0.481600, lr:0.000906
episode:577 steps:623 total_reward:105
random count 300 with epsilon:0.480700, lr:0.000904
episode:578 steps:384 total_reward:45
random count 177 with epsilon:0.479800, lr:0.000902
episode:579 steps:540 total_reward:30
random count 253 with epsilon:0.478900, lr:0.000900
episode:580 steps:815 total_reward:180
random count 396 with epsilon:0.478000, lr:0.000898
episode:581 steps:403 total_reward:105
random count 207 with epsilon:0.477100, lr:0.000896
episode:582 steps:673 total_reward:110
random count 335 with epsilon:0.476200, lr:0.000894
episode:583 steps:825 total_reward:180
random count 410 with epsilon:0.475300, lr:0.000892
episode:584 steps:399 total_reward:50
random count 201 with epsilon:0.474400, lr:0.000890
episode:585 steps:775 total_reward:120
random count 361 with epsilon:0.473500, lr:0.000889
episode:586 steps:413 total_reward:50
random count 204 with epsilon:0.472600, lr:0.000887
episode:587 steps:802 total_reward:155
random count 367 with epsilon:0.471700, lr:0.000885
episode:588 steps:795 total_reward:155
random count 396 with epsilon:0.470800, lr:0.000883
episode:589 steps:413 total_reward:50
random count 194 with epsilon:0.469900, lr:0.000881
episode:590 steps:798 total_reward:120
random count 372 with epsilon:0.469000, lr:0.000879
episode:591 steps:541 total_reward:105
random count 253 with epsilon:0.468100, lr:0.000877
episode:592 steps:853 total_reward:220
random count 406 with epsilon:0.467200, lr:0.000875
episode:593 steps:767 total_reward:240
random count 377 with epsilon:0.466300, lr:0.000873
episode:594 steps:819 total_reward:210
random count 379 with epsilon:0.465400, lr:0.000871
episode:595 steps:788 total_reward:120
random count 350 with epsilon:0.464500, lr:0.000870
episode:596 steps:641 total_reward:145
random count 282 with epsilon:0.463600, lr:0.000868
episode:597 steps:569 total_reward:105
random count 276 with epsilon:0.462700, lr:0.000866
episode:598 steps:905 total_reward:155
random count 429 with epsilon:0.461800, lr:0.000864
episode:599 steps:481 total_reward:85
random count 209 with epsilon:0.460900, lr:0.000862
episode:600 steps:973 total_reward:215
random count 426 with epsilon:0.460000, lr:0.000860
Test episode: 600 Evaluation Average Reward: 225.0
episode:601 steps:863 total_reward:275
random count 394 with epsilon:0.459100, lr:0.000858
episode:602 steps:637 total_reward:125
random count 317 with epsilon:0.458200, lr:0.000856
episode:603 steps:668 total_reward:330
random count 313 with epsilon:0.457300, lr:0.000854
episode:604 steps:1000 total_reward:275
random count 465 with epsilon:0.456400, lr:0.000852
episode:605 steps:991 total_reward:230
random count 467 with epsilon:0.455500, lr:0.000851
episode:606 steps:802 total_reward:180
random count 357 with epsilon:0.454600, lr:0.000849
episode:607 steps:810 total_reward:380
random count 353 with epsilon:0.453700, lr:0.000847
episode:608 steps:823 total_reward:210
random count 384 with epsilon:0.452800, lr:0.000845
episode:609 steps:818 total_reward:210
random count 380 with epsilon:0.451900, lr:0.000843
episode:610 steps:803 total_reward:155
random count 386 with epsilon:0.451000, lr:0.000841
episode:611 steps:813 total_reward:210
random count 405 with epsilon:0.450100, lr:0.000839
episode:612 steps:791 total_reward:155
random count 345 with epsilon:0.449200, lr:0.000837
episode:613 steps:804 total_reward:180
random count 343 with epsilon:0.448300, lr:0.000835
episode:614 steps:815 total_reward:185
random count 378 with epsilon:0.447400, lr:0.000833
episode:615 steps:807 total_reward:180
random count 365 with epsilon:0.446500, lr:0.000832
episode:616 steps:812 total_reward:180
random count 363 with epsilon:0.445600, lr:0.000830
episode:617 steps:635 total_reward:105
random count 301 with epsilon:0.444700, lr:0.000828
episode:618 steps:969 total_reward:260
random count 443 with epsilon:0.443800, lr:0.000826
episode:619 steps:662 total_reward:105
random count 302 with epsilon:0.442900, lr:0.000824
episode:620 steps:655 total_reward:105
random count 274 with epsilon:0.442000, lr:0.000822
episode:621 steps:818 total_reward:155
random count 369 with epsilon:0.441100, lr:0.000820
episode:622 steps:805 total_reward:155
random count 377 with epsilon:0.440200, lr:0.000818
episode:623 steps:801 total_reward:355
random count 340 with epsilon:0.439300, lr:0.000816
episode:624 steps:845 total_reward:385
random count 359 with epsilon:0.438400, lr:0.000814
episode:625 steps:608 total_reward:155
random count 272 with epsilon:0.437500, lr:0.000813
episode:626 steps:659 total_reward:180
random count 288 with epsilon:0.436600, lr:0.000811
episode:627 steps:1000 total_reward:215
random count 426 with epsilon:0.435700, lr:0.000809
episode:628 steps:525 total_reward:85
random count 242 with epsilon:0.434800, lr:0.000807
episode:629 steps:685 total_reward:120
random count 289 with epsilon:0.433900, lr:0.000805
episode:630 steps:755 total_reward:110
random count 365 with epsilon:0.433000, lr:0.000803
episode:631 steps:376 total_reward:80
random count 163 with epsilon:0.432100, lr:0.000801
episode:632 steps:910 total_reward:180
random count 389 with epsilon:0.431200, lr:0.000799
episode:633 steps:657 total_reward:95
random count 285 with epsilon:0.430300, lr:0.000797
episode:634 steps:644 total_reward:145
random count 298 with epsilon:0.429400, lr:0.000795
episode:635 steps:1000 total_reward:315
random count 451 with epsilon:0.428500, lr:0.000794
episode:636 steps:618 total_reward:55
random count 255 with epsilon:0.427600, lr:0.000792
episode:637 steps:645 total_reward:190
random count 282 with epsilon:0.426700, lr:0.000790
episode:638 steps:678 total_reward:200
random count 301 with epsilon:0.425800, lr:0.000788
episode:639 steps:1000 total_reward:200
random count 394 with epsilon:0.424900, lr:0.000786
episode:640 steps:820 total_reward:155
random count 344 with epsilon:0.424000, lr:0.000784
episode:641 steps:853 total_reward:300
random count 362 with epsilon:0.423100, lr:0.000782
episode:642 steps:1000 total_reward:365
random count 404 with epsilon:0.422200, lr:0.000780
episode:643 steps:667 total_reward:160
random count 298 with epsilon:0.421300, lr:0.000778
episode:644 steps:395 total_reward:135
random count 149 with epsilon:0.420400, lr:0.000776
episode:645 steps:792 total_reward:155
random count 322 with epsilon:0.419500, lr:0.000775
episode:646 steps:1000 total_reward:340
random count 416 with epsilon:0.418600, lr:0.000773
episode:647 steps:1000 total_reward:330
random count 411 with epsilon:0.417700, lr:0.000771
episode:648 steps:818 total_reward:180
random count 371 with epsilon:0.416800, lr:0.000769
episode:649 steps:837 total_reward:210
random count 355 with epsilon:0.415900, lr:0.000767
episode:650 steps:827 total_reward:170
random count 314 with epsilon:0.415000, lr:0.000765
episode:651 steps:508 total_reward:35
random count 202 with epsilon:0.414100, lr:0.000763
episode:652 steps:674 total_reward:105
random count 291 with epsilon:0.413200, lr:0.000761
episode:653 steps:815 total_reward:180
random count 339 with epsilon:0.412300, lr:0.000759
episode:654 steps:1000 total_reward:270
random count 405 with epsilon:0.411400, lr:0.000757
episode:655 steps:800 total_reward:180
random count 316 with epsilon:0.410500, lr:0.000756
episode:656 steps:853 total_reward:210
random count 350 with epsilon:0.409600, lr:0.000754
episode:657 steps:819 total_reward:210
random count 339 with epsilon:0.408700, lr:0.000752
episode:658 steps:786 total_reward:155
random count 336 with epsilon:0.407800, lr:0.000750
episode:659 steps:802 total_reward:135
random count 309 with epsilon:0.406900, lr:0.000748
episode:660 steps:653 total_reward:110
random count 271 with epsilon:0.406000, lr:0.000746
episode:661 steps:663 total_reward:155
random count 243 with epsilon:0.405100, lr:0.000744
episode:662 steps:786 total_reward:180
random count 347 with epsilon:0.404200, lr:0.000742
episode:663 steps:603 total_reward:35
random count 257 with epsilon:0.403300, lr:0.000740
episode:664 steps:824 total_reward:215
random count 344 with epsilon:0.402400, lr:0.000738
episode:665 steps:509 total_reward:105
random count 198 with epsilon:0.401500, lr:0.000737
episode:666 steps:1000 total_reward:305
random count 397 with epsilon:0.400600, lr:0.000735
episode:667 steps:608 total_reward:105
random count 253 with epsilon:0.399700, lr:0.000733
episode:668 steps:675 total_reward:110
random count 274 with epsilon:0.398800, lr:0.000731
episode:669 steps:815 total_reward:130
random count 342 with epsilon:0.397900, lr:0.000729
episode:670 steps:451 total_reward:35
random count 178 with epsilon:0.397000, lr:0.000727
episode:671 steps:749 total_reward:15
random count 303 with epsilon:0.396100, lr:0.000725
episode:672 steps:628 total_reward:275
random count 235 with epsilon:0.395200, lr:0.000723
episode:673 steps:638 total_reward:125
random count 249 with epsilon:0.394300, lr:0.000721
episode:674 steps:1000 total_reward:570
random count 389 with epsilon:0.393400, lr:0.000719
episode:675 steps:835 total_reward:280
random count 321 with epsilon:0.392500, lr:0.000718
episode:676 steps:727 total_reward:230
random count 280 with epsilon:0.391600, lr:0.000716
episode:677 steps:648 total_reward:155
random count 246 with epsilon:0.390700, lr:0.000714
episode:678 steps:831 total_reward:215
random count 318 with epsilon:0.389800, lr:0.000712
episode:679 steps:640 total_reward:200
random count 273 with epsilon:0.388900, lr:0.000710
episode:680 steps:526 total_reward:150
random count 200 with epsilon:0.388000, lr:0.000708
episode:681 steps:734 total_reward:265
random count 298 with epsilon:0.387100, lr:0.000706
episode:682 steps:541 total_reward:105
random count 206 with epsilon:0.386200, lr:0.000704
episode:683 steps:633 total_reward:275
random count 242 with epsilon:0.385300, lr:0.000702
episode:684 steps:1000 total_reward:610
random count 386 with epsilon:0.384400, lr:0.000700
episode:685 steps:1000 total_reward:215
random count 385 with epsilon:0.383500, lr:0.000699
episode:686 steps:649 total_reward:190
random count 250 with epsilon:0.382600, lr:0.000697
episode:687 steps:613 total_reward:65
random count 233 with epsilon:0.381700, lr:0.000695
episode:688 steps:851 total_reward:245
random count 337 with epsilon:0.380800, lr:0.000693
episode:689 steps:1000 total_reward:305
random count 378 with epsilon:0.379900, lr:0.000691
episode:690 steps:674 total_reward:150
random count 249 with epsilon:0.379000, lr:0.000689
episode:691 steps:637 total_reward:85
random count 239 with epsilon:0.378100, lr:0.000687
episode:692 steps:643 total_reward:170
random count 245 with epsilon:0.377200, lr:0.000685
episode:693 steps:802 total_reward:180
random count 306 with epsilon:0.376300, lr:0.000683
episode:694 steps:815 total_reward:180
random count 315 with epsilon:0.375400, lr:0.000681
episode:695 steps:861 total_reward:210
random count 311 with epsilon:0.374500, lr:0.000680
episode:696 steps:807 total_reward:355
random count 280 with epsilon:0.373600, lr:0.000678
episode:697 steps:886 total_reward:180
random count 322 with epsilon:0.372700, lr:0.000676
episode:698 steps:819 total_reward:210
random count 283 with epsilon:0.371800, lr:0.000674
episode:699 steps:795 total_reward:155
random count 308 with epsilon:0.370900, lr:0.000672
episode:700 steps:792 total_reward:135
random count 278 with epsilon:0.370000, lr:0.000670
Test episode: 700 Evaluation Average Reward: 180.0
episode:701 steps:801 total_reward:180
random count 290 with epsilon:0.369100, lr:0.000668
episode:702 steps:852 total_reward:210
random count 327 with epsilon:0.368200, lr:0.000666
episode:703 steps:813 total_reward:180
random count 285 with epsilon:0.367300, lr:0.000664
episode:704 steps:1000 total_reward:270
random count 383 with epsilon:0.366400, lr:0.000662
episode:705 steps:818 total_reward:180
random count 314 with epsilon:0.365500, lr:0.000661
episode:706 steps:645 total_reward:105
random count 237 with epsilon:0.364600, lr:0.000659
episode:707 steps:798 total_reward:155
random count 328 with epsilon:0.363700, lr:0.000657
episode:708 steps:412 total_reward:80
random count 136 with epsilon:0.362800, lr:0.000655
episode:709 steps:801 total_reward:180
random count 302 with epsilon:0.361900, lr:0.000653
episode:710 steps:819 total_reward:180
random count 299 with epsilon:0.361000, lr:0.000651
episode:711 steps:790 total_reward:155
random count 256 with epsilon:0.360100, lr:0.000649
episode:712 steps:650 total_reward:155
random count 241 with epsilon:0.359200, lr:0.000647
episode:713 steps:695 total_reward:170
random count 239 with epsilon:0.358300, lr:0.000645
episode:714 steps:585 total_reward:105
random count 197 with epsilon:0.357400, lr:0.000643
episode:715 steps:476 total_reward:120
random count 170 with epsilon:0.356500, lr:0.000642
episode:716 steps:979 total_reward:495
random count 355 with epsilon:0.355600, lr:0.000640
episode:717 steps:650 total_reward:75
random count 241 with epsilon:0.354700, lr:0.000638
episode:718 steps:409 total_reward:20
random count 173 with epsilon:0.353800, lr:0.000636
episode:719 steps:812 total_reward:180
random count 295 with epsilon:0.352900, lr:0.000634
episode:720 steps:410 total_reward:155
random count 136 with epsilon:0.352000, lr:0.000632
episode:721 steps:471 total_reward:110
random count 160 with epsilon:0.351100, lr:0.000630
episode:722 steps:1000 total_reward:435
random count 383 with epsilon:0.350200, lr:0.000628
episode:723 steps:505 total_reward:80
random count 166 with epsilon:0.349300, lr:0.000626
episode:724 steps:1000 total_reward:150
random count 363 with epsilon:0.348400, lr:0.000624
episode:725 steps:707 total_reward:110
random count 236 with epsilon:0.347500, lr:0.000623
episode:726 steps:646 total_reward:105
random count 226 with epsilon:0.346600, lr:0.000621
episode:727 steps:789 total_reward:135
random count 261 with epsilon:0.345700, lr:0.000619
episode:728 steps:388 total_reward:15
random count 118 with epsilon:0.344800, lr:0.000617
episode:729 steps:801 total_reward:135
random count 286 with epsilon:0.343900, lr:0.000615
episode:730 steps:655 total_reward:105
random count 220 with epsilon:0.343000, lr:0.000613
episode:731 steps:1000 total_reward:360
random count 349 with epsilon:0.342100, lr:0.000611
episode:732 steps:403 total_reward:50
random count 133 with epsilon:0.341200, lr:0.000609
episode:733 steps:668 total_reward:105
random count 222 with epsilon:0.340300, lr:0.000607
episode:734 steps:791 total_reward:155
random count 275 with epsilon:0.339400, lr:0.000605
episode:735 steps:790 total_reward:135
random count 269 with epsilon:0.338500, lr:0.000604
episode:736 steps:789 total_reward:135
random count 260 with epsilon:0.337600, lr:0.000602
episode:737 steps:819 total_reward:210
random count 240 with epsilon:0.336700, lr:0.000600
episode:738 steps:1000 total_reward:275
random count 359 with epsilon:0.335800, lr:0.000598
episode:739 steps:792 total_reward:135
random count 289 with epsilon:0.334900, lr:0.000596
episode:740 steps:819 total_reward:180
random count 281 with epsilon:0.334000, lr:0.000594
episode:741 steps:622 total_reward:175
random count 196 with epsilon:0.333100, lr:0.000592
episode:742 steps:1000 total_reward:160
random count 318 with epsilon:0.332200, lr:0.000590
episode:743 steps:483 total_reward:20
random count 154 with epsilon:0.331300, lr:0.000588
episode:744 steps:711 total_reward:110
random count 215 with epsilon:0.330400, lr:0.000586
episode:745 steps:420 total_reward:30
random count 128 with epsilon:0.329500, lr:0.000585
episode:746 steps:627 total_reward:75
random count 204 with epsilon:0.328600, lr:0.000583
episode:747 steps:381 total_reward:30
random count 122 with epsilon:0.327700, lr:0.000581
episode:748 steps:803 total_reward:155
random count 249 with epsilon:0.326800, lr:0.000579
episode:749 steps:791 total_reward:165
random count 266 with epsilon:0.325900, lr:0.000577
episode:750 steps:398 total_reward:50
random count 136 with epsilon:0.325000, lr:0.000575
episode:751 steps:807 total_reward:135
random count 247 with epsilon:0.324100, lr:0.000573
episode:752 steps:405 total_reward:30
random count 141 with epsilon:0.323200, lr:0.000571
episode:753 steps:779 total_reward:180
random count 250 with epsilon:0.322300, lr:0.000569
episode:754 steps:989 total_reward:330
random count 323 with epsilon:0.321400, lr:0.000567
episode:755 steps:569 total_reward:15
random count 184 with epsilon:0.320500, lr:0.000566
episode:756 steps:853 total_reward:180
random count 247 with epsilon:0.319600, lr:0.000564
episode:757 steps:803 total_reward:210
random count 249 with epsilon:0.318700, lr:0.000562
episode:758 steps:417 total_reward:75
random count 134 with epsilon:0.317800, lr:0.000560
episode:759 steps:958 total_reward:260
random count 292 with epsilon:0.316900, lr:0.000558
episode:760 steps:702 total_reward:180
random count 222 with epsilon:0.316000, lr:0.000556
episode:761 steps:689 total_reward:165
random count 205 with epsilon:0.315100, lr:0.000554
episode:762 steps:927 total_reward:195
random count 295 with epsilon:0.314200, lr:0.000552
episode:763 steps:1000 total_reward:275
random count 304 with epsilon:0.313300, lr:0.000550
episode:764 steps:987 total_reward:95
random count 277 with epsilon:0.312400, lr:0.000548
episode:765 steps:389 total_reward:105
random count 136 with epsilon:0.311500, lr:0.000547
episode:766 steps:1000 total_reward:325
random count 288 with epsilon:0.310600, lr:0.000545
episode:767 steps:925 total_reward:180
random count 296 with epsilon:0.309700, lr:0.000543
episode:768 steps:771 total_reward:155
random count 252 with epsilon:0.308800, lr:0.000541
episode:769 steps:417 total_reward:60
random count 129 with epsilon:0.307900, lr:0.000539
episode:770 steps:1000 total_reward:265
random count 324 with epsilon:0.307000, lr:0.000537
episode:771 steps:652 total_reward:105
random count 215 with epsilon:0.306100, lr:0.000535
episode:772 steps:655 total_reward:140
random count 190 with epsilon:0.305200, lr:0.000533
episode:773 steps:851 total_reward:430
random count 251 with epsilon:0.304300, lr:0.000531
episode:774 steps:711 total_reward:205
random count 237 with epsilon:0.303400, lr:0.000529
episode:775 steps:822 total_reward:180
random count 243 with epsilon:0.302500, lr:0.000528
episode:776 steps:1000 total_reward:415
random count 287 with epsilon:0.301600, lr:0.000526
episode:777 steps:583 total_reward:150
random count 157 with epsilon:0.300700, lr:0.000524
episode:778 steps:542 total_reward:255
random count 141 with epsilon:0.299800, lr:0.000522
episode:779 steps:1000 total_reward:180
random count 301 with epsilon:0.298900, lr:0.000520
episode:780 steps:646 total_reward:175
random count 172 with epsilon:0.298000, lr:0.000518
episode:781 steps:433 total_reward:95
random count 128 with epsilon:0.297100, lr:0.000516
episode:782 steps:682 total_reward:130
random count 194 with epsilon:0.296200, lr:0.000514
episode:783 steps:1000 total_reward:395
random count 301 with epsilon:0.295300, lr:0.000512
episode:784 steps:671 total_reward:280
random count 188 with epsilon:0.294400, lr:0.000510
episode:785 steps:1000 total_reward:215
random count 280 with epsilon:0.293500, lr:0.000509
episode:786 steps:513 total_reward:170
random count 163 with epsilon:0.292600, lr:0.000507
episode:787 steps:639 total_reward:170
random count 194 with epsilon:0.291700, lr:0.000505
episode:788 steps:538 total_reward:220
random count 167 with epsilon:0.290800, lr:0.000503
episode:789 steps:1000 total_reward:215
random count 276 with epsilon:0.289900, lr:0.000501
episode:790 steps:543 total_reward:195
random count 148 with epsilon:0.289000, lr:0.000499
episode:791 steps:666 total_reward:135
random count 184 with epsilon:0.288100, lr:0.000497
episode:792 steps:1000 total_reward:160
random count 282 with epsilon:0.287200, lr:0.000495
episode:793 steps:699 total_reward:95
random count 207 with epsilon:0.286300, lr:0.000493
episode:794 steps:416 total_reward:75
random count 114 with epsilon:0.285400, lr:0.000491
episode:795 steps:1000 total_reward:330
random count 273 with epsilon:0.284500, lr:0.000490
episode:796 steps:701 total_reward:275
random count 185 with epsilon:0.283600, lr:0.000488
episode:797 steps:1000 total_reward:415
random count 300 with epsilon:0.282700, lr:0.000486
episode:798 steps:625 total_reward:145
random count 176 with epsilon:0.281800, lr:0.000484
episode:799 steps:1000 total_reward:195
random count 306 with epsilon:0.280900, lr:0.000482
episode:800 steps:1000 total_reward:165
random count 275 with epsilon:0.280000, lr:0.000480
Test episode: 800 Evaluation Average Reward: 225.0
episode:801 steps:531 total_reward:120
random count 148 with epsilon:0.279100, lr:0.000478
episode:802 steps:547 total_reward:190
random count 137 with epsilon:0.278200, lr:0.000476
episode:803 steps:710 total_reward:270
random count 199 with epsilon:0.277300, lr:0.000474
episode:804 steps:1000 total_reward:165
random count 271 with epsilon:0.276400, lr:0.000472
episode:805 steps:664 total_reward:155
random count 169 with epsilon:0.275500, lr:0.000471
episode:806 steps:743 total_reward:240
random count 216 with epsilon:0.274600, lr:0.000469
episode:807 steps:1000 total_reward:325
random count 290 with epsilon:0.273700, lr:0.000467
episode:808 steps:864 total_reward:230
random count 224 with epsilon:0.272800, lr:0.000465
episode:809 steps:584 total_reward:165
random count 149 with epsilon:0.271900, lr:0.000463
episode:810 steps:1000 total_reward:190
random count 262 with epsilon:0.271000, lr:0.000461
episode:811 steps:970 total_reward:240
random count 274 with epsilon:0.270100, lr:0.000459
episode:812 steps:818 total_reward:180
random count 223 with epsilon:0.269200, lr:0.000457
episode:813 steps:642 total_reward:105
random count 189 with epsilon:0.268300, lr:0.000455
episode:814 steps:704 total_reward:140
random count 201 with epsilon:0.267400, lr:0.000453
episode:815 steps:1000 total_reward:210
random count 240 with epsilon:0.266500, lr:0.000452
episode:816 steps:940 total_reward:460
random count 243 with epsilon:0.265600, lr:0.000450
episode:817 steps:766 total_reward:85
random count 192 with epsilon:0.264700, lr:0.000448
episode:818 steps:634 total_reward:55
random count 166 with epsilon:0.263800, lr:0.000446
episode:819 steps:950 total_reward:210
random count 266 with epsilon:0.262900, lr:0.000444
episode:820 steps:834 total_reward:355
random count 199 with epsilon:0.262000, lr:0.000442
episode:821 steps:1000 total_reward:125
random count 269 with epsilon:0.261100, lr:0.000440
episode:822 steps:932 total_reward:355
random count 248 with epsilon:0.260200, lr:0.000438
episode:823 steps:829 total_reward:385
random count 218 with epsilon:0.259300, lr:0.000436
episode:824 steps:749 total_reward:90
random count 202 with epsilon:0.258400, lr:0.000434
episode:825 steps:800 total_reward:135
random count 209 with epsilon:0.257500, lr:0.000433
episode:826 steps:789 total_reward:125
random count 221 with epsilon:0.256600, lr:0.000431
episode:827 steps:651 total_reward:80
random count 160 with epsilon:0.255700, lr:0.000429
episode:828 steps:826 total_reward:180
random count 202 with epsilon:0.254800, lr:0.000427
episode:829 steps:796 total_reward:135
random count 204 with epsilon:0.253900, lr:0.000425
episode:830 steps:791 total_reward:155
random count 204 with epsilon:0.253000, lr:0.000423
episode:831 steps:629 total_reward:35
random count 154 with epsilon:0.252100, lr:0.000421
episode:832 steps:628 total_reward:30
random count 160 with epsilon:0.251200, lr:0.000419
episode:833 steps:646 total_reward:50
random count 165 with epsilon:0.250300, lr:0.000417
episode:834 steps:1000 total_reward:155
random count 236 with epsilon:0.249400, lr:0.000415
episode:835 steps:1000 total_reward:260
random count 257 with epsilon:0.248500, lr:0.000414
episode:836 steps:945 total_reward:255
random count 252 with epsilon:0.247600, lr:0.000412
episode:837 steps:504 total_reward:105
random count 126 with epsilon:0.246700, lr:0.000410
episode:838 steps:1000 total_reward:295
random count 262 with epsilon:0.245800, lr:0.000408
episode:839 steps:1000 total_reward:210
random count 226 with epsilon:0.244900, lr:0.000406
episode:840 steps:783 total_reward:210
random count 184 with epsilon:0.244000, lr:0.000404
episode:841 steps:846 total_reward:410
random count 209 with epsilon:0.243100, lr:0.000402
episode:842 steps:1000 total_reward:235
random count 238 with epsilon:0.242200, lr:0.000400
episode:843 steps:656 total_reward:105
random count 165 with epsilon:0.241300, lr:0.000398
episode:844 steps:643 total_reward:105
random count 153 with epsilon:0.240400, lr:0.000396
episode:845 steps:792 total_reward:135
random count 185 with epsilon:0.239500, lr:0.000395
episode:846 steps:785 total_reward:120
random count 192 with epsilon:0.238600, lr:0.000393
episode:847 steps:406 total_reward:55
random count 104 with epsilon:0.237700, lr:0.000391
episode:848 steps:972 total_reward:485
random count 216 with epsilon:0.236800, lr:0.000389
episode:849 steps:485 total_reward:15
random count 122 with epsilon:0.235900, lr:0.000387
episode:850 steps:733 total_reward:110
random count 179 with epsilon:0.235000, lr:0.000385
episode:851 steps:797 total_reward:180
random count 190 with epsilon:0.234100, lr:0.000383
episode:852 steps:768 total_reward:120
random count 171 with epsilon:0.233200, lr:0.000381
episode:853 steps:999 total_reward:315
random count 245 with epsilon:0.232300, lr:0.000379
episode:854 steps:802 total_reward:120
random count 197 with epsilon:0.231400, lr:0.000377
episode:855 steps:897 total_reward:260
random count 242 with epsilon:0.230500, lr:0.000376
episode:856 steps:982 total_reward:455
random count 225 with epsilon:0.229600, lr:0.000374
episode:857 steps:1000 total_reward:315
random count 219 with epsilon:0.228700, lr:0.000372
episode:858 steps:777 total_reward:210
random count 190 with epsilon:0.227800, lr:0.000370
episode:859 steps:1000 total_reward:290
random count 251 with epsilon:0.226900, lr:0.000368
episode:860 steps:1000 total_reward:420
random count 255 with epsilon:0.226000, lr:0.000366
episode:861 steps:917 total_reward:240
random count 226 with epsilon:0.225100, lr:0.000364
episode:862 steps:814 total_reward:210
random count 179 with epsilon:0.224200, lr:0.000362
episode:863 steps:543 total_reward:105
random count 118 with epsilon:0.223300, lr:0.000360
episode:864 steps:766 total_reward:140
random count 175 with epsilon:0.222400, lr:0.000358
episode:865 steps:939 total_reward:225
random count 226 with epsilon:0.221500, lr:0.000357
episode:866 steps:415 total_reward:80
random count 92 with epsilon:0.220600, lr:0.000355
episode:867 steps:535 total_reward:60
random count 115 with epsilon:0.219700, lr:0.000353
episode:868 steps:839 total_reward:210
random count 191 with epsilon:0.218800, lr:0.000351
episode:869 steps:386 total_reward:75
random count 99 with epsilon:0.217900, lr:0.000349
episode:870 steps:965 total_reward:485
random count 184 with epsilon:0.217000, lr:0.000347
episode:871 steps:959 total_reward:240
random count 195 with epsilon:0.216100, lr:0.000345
episode:872 steps:825 total_reward:180
random count 165 with epsilon:0.215200, lr:0.000343
episode:873 steps:1000 total_reward:420
random count 229 with epsilon:0.214300, lr:0.000341
episode:874 steps:672 total_reward:110
random count 152 with epsilon:0.213400, lr:0.000339
episode:875 steps:917 total_reward:75
random count 190 with epsilon:0.212500, lr:0.000338
episode:876 steps:546 total_reward:105
random count 123 with epsilon:0.211600, lr:0.000336
episode:877 steps:639 total_reward:240
random count 149 with epsilon:0.210700, lr:0.000334
episode:878 steps:1000 total_reward:155
random count 203 with epsilon:0.209800, lr:0.000332
episode:879 steps:807 total_reward:210
random count 161 with epsilon:0.208900, lr:0.000330
episode:880 steps:814 total_reward:210
random count 160 with epsilon:0.208000, lr:0.000328
episode:881 steps:642 total_reward:105
random count 145 with epsilon:0.207100, lr:0.000326
episode:882 steps:731 total_reward:105
random count 176 with epsilon:0.206200, lr:0.000324
episode:883 steps:952 total_reward:260
random count 195 with epsilon:0.205300, lr:0.000322
episode:884 steps:786 total_reward:210
random count 157 with epsilon:0.204400, lr:0.000320
episode:885 steps:401 total_reward:20
random count 83 with epsilon:0.203500, lr:0.000319
episode:886 steps:626 total_reward:105
random count 136 with epsilon:0.202600, lr:0.000317
episode:887 steps:790 total_reward:135
random count 140 with epsilon:0.201700, lr:0.000315
episode:888 steps:647 total_reward:135
random count 130 with epsilon:0.200800, lr:0.000313
episode:889 steps:811 total_reward:180
random count 166 with epsilon:0.199900, lr:0.000311
episode:890 steps:765 total_reward:135
random count 143 with epsilon:0.199000, lr:0.000309
episode:891 steps:821 total_reward:215
random count 165 with epsilon:0.198100, lr:0.000307
episode:892 steps:1000 total_reward:175
random count 197 with epsilon:0.197200, lr:0.000305
episode:893 steps:1000 total_reward:220
random count 200 with epsilon:0.196300, lr:0.000303
episode:894 steps:571 total_reward:115
random count 110 with epsilon:0.195400, lr:0.000301
episode:895 steps:1000 total_reward:140
random count 202 with epsilon:0.194500, lr:0.000300
episode:896 steps:815 total_reward:180
random count 135 with epsilon:0.193600, lr:0.000298
episode:897 steps:786 total_reward:120
random count 147 with epsilon:0.192700, lr:0.000296
episode:898 steps:1000 total_reward:360
random count 185 with epsilon:0.191800, lr:0.000294
episode:899 steps:803 total_reward:210
random count 155 with epsilon:0.190900, lr:0.000292
episode:900 steps:1000 total_reward:440
random count 189 with epsilon:0.190000, lr:0.000290
Test episode: 900 Evaluation Average Reward: 180.0
episode:901 steps:817 total_reward:380
random count 156 with epsilon:0.189100, lr:0.000288
episode:902 steps:745 total_reward:120
random count 145 with epsilon:0.188200, lr:0.000286
episode:903 steps:916 total_reward:460
random count 176 with epsilon:0.187300, lr:0.000284
episode:904 steps:839 total_reward:410
random count 138 with epsilon:0.186400, lr:0.000282
episode:905 steps:647 total_reward:110
random count 122 with epsilon:0.185500, lr:0.000281
episode:906 steps:983 total_reward:485
random count 208 with epsilon:0.184600, lr:0.000279
episode:907 steps:812 total_reward:325
random count 160 with epsilon:0.183700, lr:0.000277
episode:908 steps:802 total_reward:180
random count 145 with epsilon:0.182800, lr:0.000275
episode:909 steps:666 total_reward:135
random count 109 with epsilon:0.181900, lr:0.000273
episode:910 steps:949 total_reward:285
random count 168 with epsilon:0.181000, lr:0.000271
episode:911 steps:821 total_reward:180
random count 160 with epsilon:0.180100, lr:0.000269
episode:912 steps:815 total_reward:210
random count 139 with epsilon:0.179200, lr:0.000267
episode:913 steps:598 total_reward:75
random count 104 with epsilon:0.178300, lr:0.000265
episode:914 steps:862 total_reward:210
random count 167 with epsilon:0.177400, lr:0.000263
episode:915 steps:374 total_reward:100
random count 74 with epsilon:0.176500, lr:0.000262
episode:916 steps:629 total_reward:105
random count 120 with epsilon:0.175600, lr:0.000260
episode:917 steps:536 total_reward:105
random count 84 with epsilon:0.174700, lr:0.000258
episode:918 steps:730 total_reward:155
random count 130 with epsilon:0.173800, lr:0.000256
episode:919 steps:1000 total_reward:260
random count 169 with epsilon:0.172900, lr:0.000254
episode:920 steps:861 total_reward:210
random count 150 with epsilon:0.172000, lr:0.000252
episode:921 steps:1000 total_reward:285
random count 172 with epsilon:0.171100, lr:0.000250
episode:922 steps:504 total_reward:105
random count 86 with epsilon:0.170200, lr:0.000248
episode:923 steps:593 total_reward:105
random count 123 with epsilon:0.169300, lr:0.000246
episode:924 steps:1000 total_reward:350
random count 174 with epsilon:0.168400, lr:0.000244
episode:925 steps:1000 total_reward:190
random count 169 with epsilon:0.167500, lr:0.000243
episode:926 steps:1000 total_reward:125
random count 146 with epsilon:0.166600, lr:0.000241
episode:927 steps:842 total_reward:120
random count 150 with epsilon:0.165700, lr:0.000239
episode:928 steps:661 total_reward:105
random count 107 with epsilon:0.164800, lr:0.000237
episode:929 steps:710 total_reward:85
random count 113 with epsilon:0.163900, lr:0.000235
episode:930 steps:643 total_reward:80
random count 110 with epsilon:0.163000, lr:0.000233
episode:931 steps:655 total_reward:115
random count 102 with epsilon:0.162100, lr:0.000231
episode:932 steps:638 total_reward:100
random count 112 with epsilon:0.161200, lr:0.000229
episode:933 steps:622 total_reward:85
random count 107 with epsilon:0.160300, lr:0.000227
episode:934 steps:1000 total_reward:295
random count 209 with epsilon:0.159400, lr:0.000225
episode:935 steps:547 total_reward:105
random count 86 with epsilon:0.158500, lr:0.000224
episode:936 steps:661 total_reward:160
random count 111 with epsilon:0.157600, lr:0.000222
episode:937 steps:1000 total_reward:515
random count 150 with epsilon:0.156700, lr:0.000220
episode:938 steps:681 total_reward:180
random count 109 with epsilon:0.155800, lr:0.000218
episode:939 steps:893 total_reward:410
random count 135 with epsilon:0.154900, lr:0.000216
episode:940 steps:971 total_reward:260
random count 147 with epsilon:0.154000, lr:0.000214
episode:941 steps:680 total_reward:135
random count 93 with epsilon:0.153100, lr:0.000212
episode:942 steps:808 total_reward:155
random count 105 with epsilon:0.152200, lr:0.000210
episode:943 steps:763 total_reward:180
random count 121 with epsilon:0.151300, lr:0.000208
episode:944 steps:1000 total_reward:260
random count 155 with epsilon:0.150400, lr:0.000206
episode:945 steps:984 total_reward:305
random count 153 with epsilon:0.149500, lr:0.000205
episode:946 steps:739 total_reward:165
random count 111 with epsilon:0.148600, lr:0.000203
episode:947 steps:861 total_reward:210
random count 125 with epsilon:0.147700, lr:0.000201
episode:948 steps:807 total_reward:260
random count 130 with epsilon:0.146800, lr:0.000199
episode:949 steps:773 total_reward:135
random count 107 with epsilon:0.145900, lr:0.000197
episode:950 steps:760 total_reward:135
random count 120 with epsilon:0.145000, lr:0.000195
episode:951 steps:915 total_reward:485
random count 131 with epsilon:0.144100, lr:0.000193
episode:952 steps:785 total_reward:210
random count 128 with epsilon:0.143200, lr:0.000191
episode:953 steps:637 total_reward:110
random count 107 with epsilon:0.142300, lr:0.000189
episode:954 steps:417 total_reward:50
random count 59 with epsilon:0.141400, lr:0.000187
episode:955 steps:927 total_reward:160
random count 139 with epsilon:0.140500, lr:0.000186
episode:956 steps:639 total_reward:105
random count 79 with epsilon:0.139600, lr:0.000184
episode:957 steps:946 total_reward:260
random count 137 with epsilon:0.138700, lr:0.000182
episode:958 steps:1000 total_reward:310
random count 146 with epsilon:0.137800, lr:0.000180
episode:959 steps:783 total_reward:210
random count 120 with epsilon:0.136900, lr:0.000178
episode:960 steps:806 total_reward:410
random count 112 with epsilon:0.136000, lr:0.000176
episode:961 steps:687 total_reward:180
random count 89 with epsilon:0.135100, lr:0.000174
episode:962 steps:811 total_reward:245
random count 109 with epsilon:0.134200, lr:0.000172
episode:963 steps:676 total_reward:230
random count 85 with epsilon:0.133300, lr:0.000170
episode:964 steps:613 total_reward:185
random count 82 with epsilon:0.132400, lr:0.000168
episode:965 steps:712 total_reward:275
random count 95 with epsilon:0.131500, lr:0.000167
episode:966 steps:557 total_reward:140
random count 82 with epsilon:0.130600, lr:0.000165
episode:967 steps:611 total_reward:215
random count 78 with epsilon:0.129700, lr:0.000163
episode:968 steps:449 total_reward:130
random count 58 with epsilon:0.128800, lr:0.000161
episode:969 steps:1000 total_reward:400
random count 127 with epsilon:0.127900, lr:0.000159
episode:970 steps:599 total_reward:185
random count 78 with epsilon:0.127000, lr:0.000157
episode:971 steps:683 total_reward:200
random count 74 with epsilon:0.126100, lr:0.000155
episode:972 steps:1000 total_reward:270
random count 146 with epsilon:0.125200, lr:0.000153
episode:973 steps:637 total_reward:165
random count 59 with epsilon:0.124300, lr:0.000151
episode:974 steps:675 total_reward:265
random count 74 with epsilon:0.123400, lr:0.000149
episode:975 steps:570 total_reward:160
random count 75 with epsilon:0.122500, lr:0.000148
episode:976 steps:853 total_reward:220
random count 89 with epsilon:0.121600, lr:0.000146
episode:977 steps:1000 total_reward:175
random count 129 with epsilon:0.120700, lr:0.000144
episode:978 steps:654 total_reward:250
random count 94 with epsilon:0.119800, lr:0.000142
episode:979 steps:646 total_reward:125
random count 68 with epsilon:0.118900, lr:0.000140
episode:980 steps:524 total_reward:140
random count 72 with epsilon:0.118000, lr:0.000138
episode:981 steps:585 total_reward:195
random count 65 with epsilon:0.117100, lr:0.000136
episode:982 steps:557 total_reward:230
random count 59 with epsilon:0.116200, lr:0.000134
episode:983 steps:1000 total_reward:165
random count 118 with epsilon:0.115300, lr:0.000132
episode:984 steps:1000 total_reward:490
random count 100 with epsilon:0.114400, lr:0.000130
episode:985 steps:1000 total_reward:145
random count 107 with epsilon:0.113500, lr:0.000129
episode:986 steps:1000 total_reward:365
random count 135 with epsilon:0.112600, lr:0.000127
episode:987 steps:680 total_reward:145
random count 76 with epsilon:0.111700, lr:0.000125
episode:988 steps:1000 total_reward:135
random count 110 with epsilon:0.110800, lr:0.000123
episode:989 steps:635 total_reward:165
random count 73 with epsilon:0.109900, lr:0.000121
episode:990 steps:693 total_reward:180
random count 82 with epsilon:0.109000, lr:0.000119
episode:991 steps:805 total_reward:250
random count 102 with epsilon:0.108100, lr:0.000117
episode:992 steps:1000 total_reward:150
random count 92 with epsilon:0.107200, lr:0.000115
episode:993 steps:1000 total_reward:160
random count 98 with epsilon:0.106300, lr:0.000113
episode:994 steps:1000 total_reward:350
random count 111 with epsilon:0.105400, lr:0.000111
episode:995 steps:817 total_reward:235
random count 76 with epsilon:0.104500, lr:0.000110
episode:996 steps:1000 total_reward:440
random count 105 with epsilon:0.103600, lr:0.000108
episode:997 steps:1000 total_reward:155
random count 88 with epsilon:0.102700, lr:0.000106
episode:998 steps:681 total_reward:195
random count 66 with epsilon:0.101800, lr:0.000104
episode:999 steps:1000 total_reward:170
random count 89 with epsilon:0.100900, lr:0.000102
[4, 4, 4, 4, 4, 4, 4, 4, 4, 4, 4, 4, 4, 4, 4, 4, 4, 4, 4, 4, 4, 4, 4, 4, 4, 4, 4, 4, 4, 4, 4, 4, 4, 4, 4, 4, 4, 4, 4, 4, 4, 4, 4, 4, 4, 4, 4, 4, 4, 4, 4, 4, 4, 4, 4, 4, 4, 4, 4, 4, 4, 4, 4, 4, 4, 4, 4, 4, 4, 4, 4, 4, 4, 4, 4, 4, 4, 4, 4, 4, 4, 4, 4, 4, 4, 4, 4, 4, 4, 4, 4, 4, 4, 4, 4, 4, 4, 4, 4, 4, 4, 4, 4, 4, 4, 4, 4, 4, 4, 4, 4, 4, 4, 4, 4, 4, 4, 4, 4, 4, 4, 4, 4, 4, 4, 4, 4, 4, 4, 4, 4, 4, 4, 4, 4, 4, 4, 4, 4, 4, 4, 4, 4, 4, 4, 4, 4, 4, 4, 4, 4, 4, 4, 4, 4, 4, 4, 4, 4, 4, 4, 4, 4, 4, 4, 4, 4, 4, 4, 4, 4, 4, 4, 4, 4, 4, 4, 4, 4, 4, 4, 4, 4, 4, 4, 4, 4, 4, 4, 4, 4, 4, 4, 4, 4, 4, 4, 4, 4, 4, 4, 4, 4, 4, 4, 4, 4, 4, 4, 4, 4, 4, 4, 4, 4, 4, 4, 4, 4, 4, 4, 4, 4, 4, 4, 4, 4, 4, 4, 4, 4, 4, 4, 4, 4, 4, 4, 4, 4, 4, 4, 4, 4, 4, 4, 4, 4, 4, 4, 4, 4, 4, 4, 4, 4, 4, 4, 4, 4, 4, 4, 4, 4, 4, 4, 4, 4, 4, 4, 4, 4, 4, 4, 4, 4, 4, 4, 4, 4, 4, 4, 4, 4, 4, 4, 4, 4, 4, 4, 4, 4, 4, 4, 4, 4, 4, 4, 4, 4, 4, 4, 4, 4, 4, 4, 4, 4, 4, 4, 4, 4, 4, 4, 4, 4, 4, 4, 4, 4, 4, 4, 4, 4, 4, 4, 4, 4, 4, 4, 4, 4, 4, 4, 4, 4, 4, 4, 4, 4, 4, 4, 4, 4, 4, 4, 4, 4, 4, 4, 4, 4, 4, 4, 4, 4, 4, 4, 4, 4, 4, 4, 4, 4, 4, 4, 4, 4, 4, 4, 4, 4, 4, 4, 4, 4, 4, 4, 4, 4, 4, 4, 4, 4, 4, 4, 4, 4, 4, 4, 4, 4, 4, 4, 4, 4, 4, 4, 4, 4, 4, 4, 4, 4, 4, 4, 4, 4, 4, 4, 4, 4, 4, 4, 4, 4, 4, 4, 4, 4, 4, 4, 4, 4, 4, 4, 4, 4, 4, 4, 4, 4, 4, 4, 4, 4, 4, 4, 4, 4, 4, 4, 4, 4, 4, 4, 4, 4, 4, 4, 4, 4, 4, 4, 4, 4, 4, 4, 4, 4, 4, 4, 4, 4, 4, 4, 4, 4, 4, 4, 4, 4, 4, 4, 4, 4, 4, 4, 4, 4, 4, 4, 4, 4, 4, 4, 4, 4, 4, 4, 4, 4, 4, 4, 4, 4, 4, 4, 4, 4, 4, 4, 4, 4, 4, 4, 4, 4, 4, 4, 4, 4, 4, 4, 4, 4, 4, 4, 4, 4, 4, 4, 4, 4, 4, 4, 4, 4, 4, 4, 4, 4, 4, 4, 4, 4, 4, 4, 4, 4, 4, 4, 4, 4, 4, 4, 4, 4, 4, 4, 4, 4, 4, 4, 4, 4, 4, 4, 4, 4, 4, 4, 4, 4, 4, 4, 4, 4, 4, 4, 4, 4, 4, 4, 4, 4, 4, 4, 4, 4, 4, 4, 4, 4, 4, 4, 4, 4, 4, 4, 4, 4, 4, 4, 4, 4, 4, 4, 4, 4, 4, 4, 4, 4, 4, 4, 4, 4, 4, 4, 4, 4, 4, 4, 4, 4, 4, 4, 4, 4, 4, 4, 4, 4, 4, 4, 4, 4, 4, 4, 4, 4, 4, 4, 4, 4, 4, 4, 4, 4, 4, 4, 4, 4, 4, 4, 4, 4, 4, 4, 4, 4, 4, 4, 4, 4, 4, 4, 4, 4, 4, 4, 4, 4, 4, 4, 4, 4, 4, 4, 4, 4, 4, 4, 4, 4, 4, 4, 4, 4, 4, 4, 4, 4, 4, 4, 4, 4, 4, 4, 4, 4, 4, 4, 4, 4, 4, 4, 4, 4, 4, 4, 4, 4, 4, 4, 4, 4, 4, 4, 4, 4, 4, 4, 4, 4, 4, 4, 4, 4, 4, 4, 4, 4, 4, 4, 4, 4, 4, 4, 4, 4, 4, 4, 4, 4, 4, 4, 4, 4, 4, 4, 4, 4, 4, 4, 4, 4, 4, 4, 4, 4, 4, 4, 4, 4, 4, 4, 4, 4, 4, 4, 4, 4, 4, 4, 4, 4, 4, 4, 4, 4, 4, 4, 4, 4, 4, 4, 4, 4, 4, 4, 4, 4, 4, 4, 4, 4, 4, 4, 4, 4, 4, 4, 4, 4, 4, 4, 4, 4, 4, 4, 4, 4, 4, 4, 4, 4, 4, 4, 4, 4, 4, 4, 4, 4, 4, 4, 4, 4, 4, 4, 4, 4, 4, 4, 4, 4, 4, 4, 4, 4, 4, 4, 4, 4, 4, 4, 4, 4, 4, 4, 4, 4, 4, 4, 4, 4, 4, 4, 4, 4, 4, 4, 4, 4, 4, 4, 4, 4, 4, 4, 4, 4, 4, 4, 4, 4, 4, 4, 4, 4, 4, 4, 4, 4, 4, 4, 4, 4, 4, 4, 4, 4, 4, 4, 4, 4, 4, 4, 4, 4, 4, 4, 4, 4, 4, 4, 4, 4, 4, 4, 4, 4, 4, 4, 4, 4, 4, 4, 4, 4, 4, 4, 4, 4, 4, 4, 4, 4, 4, 4, 4, 4, 4, 4, 4, 4, 4, 4, 4, 4, 4, 4, 4, 4, 4, 4, 4, 4, 4, 4, 4, 4, 4, 4, 4, 4, 4, 4, 4, 4, 4, 4, 4, 4, 4, 4, 4, 4, 4, 4, 4, 4, 4, 4, 4, 4, 4, 4, 4, 4, 4, 4, 4, 4, 4, 4, 4, 4, 4, 4, 4, 4, 4, 4, 4, 4, 4, 4, 4, 4, 4, 4, 4, 4, 4, 4, 4, 4, 4, 4, 4, 4, 4, 4, 4, 4, 4, 4, 4, 4, 4, 4, 4, 4, 4, 4, 4, 4, 4, 4, 4, 4, 4, 4, 4, 4, 4, 4, 4, 4, 4, 4, 4, 4, 4, 4, 4, 4, 4, 4, 4, 4, 4, 4, 4, 4, 4, 4, 4, 4, 4, 4, 4, 4, 4, 4, 4, 4, 4, 4, 4, 4, 4, 4, 4, 4, 4, 4, 4, 4, 4, 4, 4, 4, 4, 4, 4, 4, 4, 4, 4, 4, 4, 4, 4, 4, 4, 4, 4, 4, 4, 4, 4, 4, 4, 4, 4, 4, 4, 4, 4, 4, 4, 4, 4, 4, 4, 4, 4, 4, 4, 4, 4, 4, 4, 4, 4, 4, 4, 4, 4, 4, 4, 4, 4, 4, 4, 4, 4, 4, 4, 4, 4, 4, 4, 4, 4, 4, 4, 4, 4, 4, 4, 4, 4, 4, 4, 4, 4, 4, 4, 4, 4, 4, 4, 4, 4, 4, 4, 4, 4, 4, 4, 4]
show result steps 1165 reward 235
